<?xml version="1.0" encoding="UTF-8"?>
<robot generator="Robot 7.3.2 (Python 3.10.11 on win32)" generated="2025-11-04T14:33:30.955121" rpa="false" schemaversion="5">
<suite id="s1" name="Test" source="C:\Users\HeangKung\Desktop\heartory_project1\project_phase_2\test.robot">
<test id="s1-t1" name="Test opening google.com using Chrome" line="12">
<kw name="Open Browser" owner="SeleniumLibrary">
<msg time="2025-11-04T14:33:31.245059" level="INFO">Opening browser 'Chrome' to base url 'http://www.google.com'.</msg>
<arg>${url_google}</arg>
<arg>${browser}</arg>
<doc>Opens a new browser instance to the optional ``url``.</doc>
<status status="PASS" start="2025-11-04T14:33:31.242924" elapsed="3.385476"/>
</kw>
<status status="PASS" start="2025-11-04T14:33:31.242924" elapsed="3.385476"/>
</test>
<test id="s1-t2" name="Get the page title and compare" line="15">
<kw name="Get Title" owner="SeleniumLibrary">
<msg time="2025-11-04T14:33:34.633893" level="INFO">${title} = Google</msg>
<var>${title}</var>
<doc>Returns the title of the current page.</doc>
<status status="PASS" start="2025-11-04T14:33:34.628400" elapsed="0.005493"/>
</kw>
<kw name="Should Be Equal As Strings" owner="BuiltIn">
<arg>${title}</arg>
<arg>Google</arg>
<doc>Fails if objects are unequal after converting them to strings.</doc>
<status status="PASS" start="2025-11-04T14:33:34.633893" elapsed="0.000000"/>
</kw>
<status status="PASS" start="2025-11-04T14:33:34.628400" elapsed="0.005493"/>
</test>
<test id="s1-t3" name="Search using the keyword &quot;Cheese&quot;" line="19">
<kw name="Input Text" owner="SeleniumLibrary">
<msg time="2025-11-04T14:33:34.633893" level="INFO">Typing text 'Cheese' into text field 'q'.</msg>
<arg>q</arg>
<arg>Cheese</arg>
<doc>Types the given ``text`` into the text field identified by ``locator``.</doc>
<status status="PASS" start="2025-11-04T14:33:34.633893" elapsed="0.073528"/>
</kw>
<kw name="Submit Form" owner="SeleniumLibrary">
<msg time="2025-11-04T14:33:34.707421" level="INFO">Submitting form 'None'.</msg>
<doc>Submits a form identified by ``locator``.</doc>
<status status="PASS" start="2025-11-04T14:33:34.707421" elapsed="0.092356"/>
</kw>
<kw name="Get Title" owner="SeleniumLibrary">
<msg time="2025-11-04T14:33:35.825661" level="INFO">${title} = https://www.google.com/search?q=Cheese&amp;sca_esv=e8c8f12bd7e52d54&amp;source=hp&amp;ei=TawJaZavNtuM5OUPx5rZeQ&amp;iflsig=AOw8s4IAAAAAaQm6XW-IKVD51eWBUEbuMXX2kYaE1Yqw&amp;sei=TqwJaaXtLv-L4-EP8qS2iQk</msg>
<var>${title}</var>
<doc>Returns the title of the current page.</doc>
<status status="PASS" start="2025-11-04T14:33:34.799777" elapsed="1.025884"/>
</kw>
<kw name="Should Contain" owner="BuiltIn">
<arg>${title}</arg>
<arg>Cheese</arg>
<doc>Fails if ``container`` does not contain ``item`` one or more times.</doc>
<status status="PASS" start="2025-11-04T14:33:35.826726" elapsed="0.000000"/>
</kw>
<status status="PASS" start="2025-11-04T14:33:34.633893" elapsed="1.192833"/>
</test>
<kw name="Close Browser" owner="SeleniumLibrary" type="TEARDOWN">
<doc>Closes the current browser.</doc>
<status status="PASS" start="2025-11-04T14:33:35.827257" elapsed="2.132546"/>
</kw>
<status status="PASS" start="2025-11-04T14:33:30.955121" elapsed="7.005471"/>
</suite>
<statistics>
<total>
<stat pass="3" fail="0" skip="0">All Tests</stat>
</total>
<tag>
</tag>
<suite>
<stat name="Test" id="s1" pass="3" fail="0" skip="0">Test</stat>
</suite>
</statistics>
<errors>
</errors>
</robot>
