<?xml version="1.0" encoding="UTF-8"?>
<robot generator="Robot 7.3.2 (Python 3.10.11 on win32)" generated="2025-11-25T19:30:04.287864" rpa="false" schemaversion="5">
<suite id="s1" name="Flow5 Customer Management" source="c:\Users\HeangKung\Desktop\heartory_project1\project_phase_2\UI_testing\test\flow5_customer_management\flow5_customer_management.robot">
<kw name="Open Admin Browser" owner="AdminLogin" type="SETUP">
<kw name="Open Browser" owner="SeleniumLibrary">
<msg time="2025-11-25T19:30:04.578253" level="INFO">Opening browser 'chrome' to base url 'about:blank'.</msg>
<arg>about:blank</arg>
<arg>${BROWSER}</arg>
<arg>alias=ADMIN</arg>
<doc>Opens a new browser instance to the optional ``url``.</doc>
<status status="PASS" start="2025-11-25T19:30:04.578253" elapsed="1.102665"/>
</kw>
<kw name="Set Window Size" owner="SeleniumLibrary">
<arg>${VIEWPORT_W}</arg>
<arg>${VIEWPORT_H}</arg>
<doc>Sets current windows size to given ``width`` and ``height``.</doc>
<status status="PASS" start="2025-11-25T19:30:05.680918" elapsed="0.354067"/>
</kw>
<kw name="Go To" owner="SeleniumLibrary">
<msg time="2025-11-25T19:30:06.034985" level="INFO">Opening url 'http://10.34.112.158:9000/app/'</msg>
<arg>${ADMIN_URL}</arg>
<doc>Navigates the current browser window to the provided ``url``.</doc>
<status status="PASS" start="2025-11-25T19:30:06.034985" elapsed="7.047385"/>
</kw>
<doc>เปิดเบราว์เซอร์ด้วย alias=ADMIN และเข้า http://10.34.112.158:9000/app/</doc>
<status status="PASS" start="2025-11-25T19:30:04.576240" elapsed="8.506130"/>
</kw>
<test id="s1-t1" name="SYS12_Happy_Create_New_Customer" line="10">
<kw name="Set Variable" owner="BuiltIn">
<msg time="2025-11-25T19:30:13.082370" level="INFO">${email} = eatpizzaw@example.com</msg>
<var>${email}</var>
<arg>eatpizzaw@example.com</arg>
<doc>Returns the given values which can then be assigned to a variables.</doc>
<status status="PASS" start="2025-11-25T19:30:13.082370" elapsed="0.000000"/>
</kw>
<kw name="Admin Login" owner="AdminLogin">
<kw name="Go To" owner="SeleniumLibrary">
<msg time="2025-11-25T19:30:13.086480" level="INFO">Opening url 'http://10.34.112.158:9000/app/'</msg>
<arg>${ADMIN_URL}</arg>
<doc>Navigates the current browser window to the provided ``url``.</doc>
<status status="PASS" start="2025-11-25T19:30:13.086480" elapsed="0.249125"/>
</kw>
<kw name="Admin Page Should Be Visible" owner="AdminLogin">
<kw name="Wait Until Element Is Visible" owner="SeleniumLibrary">
<arg>${LOC_USERNAME}</arg>
<doc>Waits until the element ``locator`` is visible.</doc>
<status status="PASS" start="2025-11-25T19:30:13.337604" elapsed="1.127967"/>
</kw>
<status status="PASS" start="2025-11-25T19:30:13.336632" elapsed="1.128939"/>
</kw>
<kw name="Input Text" owner="SeleniumLibrary">
<msg time="2025-11-25T19:30:14.465571" level="INFO">Typing text 'group4@mu-store.local' into text field 'css=input[name="email"]'.</msg>
<arg>${LOC_USERNAME}</arg>
<arg>${user}</arg>
<doc>Types the given ``text`` into the text field identified by ``locator``.</doc>
<status status="PASS" start="2025-11-25T19:30:14.465571" elapsed="0.116771"/>
</kw>
<kw name="Input Text" owner="SeleniumLibrary">
<msg time="2025-11-25T19:30:14.583021" level="INFO">Typing text 'Mp6!dzT3' into text field 'css=input[name="password"]'.</msg>
<arg>${LOC_PASSWORD}</arg>
<arg>${pass}</arg>
<doc>Types the given ``text`` into the text field identified by ``locator``.</doc>
<status status="PASS" start="2025-11-25T19:30:14.583021" elapsed="0.062330"/>
</kw>
<kw name="Click Button" owner="SeleniumLibrary">
<msg time="2025-11-25T19:30:14.645351" level="INFO">Clicking button 'css=button[type="submit"]'.</msg>
<arg>${LOC_SUBMIT}</arg>
<doc>Clicks the button identified by ``locator``.</doc>
<status status="PASS" start="2025-11-25T19:30:14.645351" elapsed="0.090545"/>
</kw>
<kw name="Wait Until Page Contains Element" owner="SeleniumLibrary">
<arg>${LOC_DASHBOARD_TAG}</arg>
<arg>15s</arg>
<doc>Waits until the element ``locator`` appears on the current page.</doc>
<status status="PASS" start="2025-11-25T19:30:14.735896" elapsed="0.562150"/>
</kw>
<arg>${ADMIN_USER}</arg>
<arg>${ADMIN_PASS}</arg>
<status status="PASS" start="2025-11-25T19:30:13.085474" elapsed="2.212572"/>
</kw>
<kw name="Admin Open Customers Page" owner="Happy_Edit_Customer_Profile">
<kw name="Switch Browser" owner="SeleniumLibrary">
<arg>ADMIN</arg>
<doc>Switches between active browsers using ``index_or_alias``.</doc>
<status status="PASS" start="2025-11-25T19:30:15.303542" elapsed="0.000000"/>
</kw>
<kw name="Click Element" owner="SeleniumLibrary">
<msg time="2025-11-25T19:30:15.304550" level="INFO">Clicking element 'xpath=//a[contains(normalize-space(.),"Customers")]'.</msg>
<arg>${ADMIN_MENU_CUSTOMER}</arg>
<doc>Click the element identified by ``locator``.</doc>
<status status="PASS" start="2025-11-25T19:30:15.303542" elapsed="0.080651"/>
</kw>
<kw name="Wait Until Element Is Visible" owner="SeleniumLibrary">
<arg>${CUSTOMERS_TABLE}</arg>
<arg>10s</arg>
<doc>Waits until the element ``locator`` is visible.</doc>
<status status="PASS" start="2025-11-25T19:30:15.384193" elapsed="0.346049"/>
</kw>
<status status="PASS" start="2025-11-25T19:30:15.298046" elapsed="0.432196"/>
</kw>
<kw name="Open Create Customer Form" owner="Happy_Create_New_Customer">
<kw name="Wait Until Element Is Visible" owner="SeleniumLibrary">
<arg>${BTN_CUSTOMERS_CREATE}</arg>
<arg>10s</arg>
<doc>Waits until the element ``locator`` is visible.</doc>
<status status="PASS" start="2025-11-25T19:30:15.733747" elapsed="0.016165"/>
</kw>
<kw name="Click Element" owner="SeleniumLibrary">
<msg time="2025-11-25T19:30:15.752678" level="INFO">Clicking element 'xpath=//a[contains(@href,"/customers/create")]'.</msg>
<arg>${BTN_CUSTOMERS_CREATE}</arg>
<doc>Click the element identified by ``locator``.</doc>
<status status="PASS" start="2025-11-25T19:30:15.752678" elapsed="0.193751"/>
</kw>
<kw name="Wait Until Element Is Visible" owner="SeleniumLibrary">
<arg>xpath=${CREATE_CUSTOMER_CANVAS}</arg>
<arg>10s</arg>
<doc>Waits until the element ``locator`` is visible.</doc>
<status status="PASS" start="2025-11-25T19:30:15.947547" elapsed="0.101779"/>
</kw>
<status status="PASS" start="2025-11-25T19:30:15.730242" elapsed="0.319084"/>
</kw>
<kw name="Fill Create Customer Form" owner="Happy_Create_New_Customer">
<kw name="Wait Until Element Is Visible" owner="SeleniumLibrary">
<arg>${INPUT_FIRSTNAME}</arg>
<arg>10s</arg>
<doc>Waits until the element ``locator`` is visible.</doc>
<status status="PASS" start="2025-11-25T19:30:16.049326" elapsed="0.020229"/>
</kw>
<kw name="Clear Element Text" owner="SeleniumLibrary">
<arg>${INPUT_FIRSTNAME}</arg>
<doc>Clears the value of the text-input-element identified by ``locator``.</doc>
<status status="PASS" start="2025-11-25T19:30:16.069555" elapsed="0.030817"/>
</kw>
<kw name="Input Text" owner="SeleniumLibrary">
<msg time="2025-11-25T19:30:16.100372" level="INFO">Typing text 'Pizza' into text field 'name=first_name'.</msg>
<arg>${INPUT_FIRSTNAME}</arg>
<arg>${first_name}</arg>
<doc>Types the given ``text`` into the text field identified by ``locator``.</doc>
<status status="PASS" start="2025-11-25T19:30:16.100372" elapsed="0.187045"/>
</kw>
<kw name="Clear Element Text" owner="SeleniumLibrary">
<arg>${INPUT_LASTNAME}</arg>
<doc>Clears the value of the text-input-element identified by ``locator``.</doc>
<status status="PASS" start="2025-11-25T19:30:16.288450" elapsed="0.045243"/>
</kw>
<kw name="Input Text" owner="SeleniumLibrary">
<msg time="2025-11-25T19:30:16.333693" level="INFO">Typing text 'Hawa' into text field 'name=last_name'.</msg>
<arg>${INPUT_LASTNAME}</arg>
<arg>${last_name}</arg>
<doc>Types the given ``text`` into the text field identified by ``locator``.</doc>
<status status="PASS" start="2025-11-25T19:30:16.333693" elapsed="0.129919"/>
</kw>
<kw name="Clear Element Text" owner="SeleniumLibrary">
<arg>${INPUT_EMAIL}</arg>
<doc>Clears the value of the text-input-element identified by ``locator``.</doc>
<status status="PASS" start="2025-11-25T19:30:16.464612" elapsed="0.082325"/>
</kw>
<kw name="Input Text" owner="SeleniumLibrary">
<msg time="2025-11-25T19:30:16.547933" level="INFO">Typing text 'eatpizzaw@example.com' into text field 'name=email'.</msg>
<arg>${INPUT_EMAIL}</arg>
<arg>${email}</arg>
<doc>Types the given ``text`` into the text field identified by ``locator``.</doc>
<status status="PASS" start="2025-11-25T19:30:16.547933" elapsed="0.174437"/>
</kw>
<kw name="Clear Element Text" owner="SeleniumLibrary">
<arg>${INPUT_COMPANY}</arg>
<doc>Clears the value of the text-input-element identified by ``locator``.</doc>
<status status="PASS" start="2025-11-25T19:30:16.722370" elapsed="0.043708"/>
</kw>
<kw name="Input Text" owner="SeleniumLibrary">
<msg time="2025-11-25T19:30:16.768161" level="INFO">Typing text '1112 Corp' into text field 'name=company_name'.</msg>
<arg>${INPUT_COMPANY}</arg>
<arg>${company}</arg>
<doc>Types the given ``text`` into the text field identified by ``locator``.</doc>
<status status="PASS" start="2025-11-25T19:30:16.767028" elapsed="0.154491"/>
</kw>
<kw name="Clear Element Text" owner="SeleniumLibrary">
<arg>${INPUT_PHONE}</arg>
<doc>Clears the value of the text-input-element identified by ``locator``.</doc>
<status status="PASS" start="2025-11-25T19:30:16.921519" elapsed="0.039826"/>
</kw>
<kw name="Input Text" owner="SeleniumLibrary">
<msg time="2025-11-25T19:30:16.962346" level="INFO">Typing text '0888888888' into text field 'name=phone'.</msg>
<arg>${INPUT_PHONE}</arg>
<arg>${phone}</arg>
<doc>Types the given ``text`` into the text field identified by ``locator``.</doc>
<status status="PASS" start="2025-11-25T19:30:16.962346" elapsed="0.136157"/>
</kw>
<arg>Pizza</arg>
<arg>Hawa</arg>
<arg>eatpizzaw@example.com</arg>
<arg>1112 Corp</arg>
<arg>0888888888</arg>
<status status="PASS" start="2025-11-25T19:30:16.049326" elapsed="1.049177"/>
</kw>
<kw name="Click Create Customer In Modal" owner="Happy_Create_New_Customer">
<kw name="Wait Until Element Is Visible" owner="SeleniumLibrary">
<arg>${BTN_CREATE_MODAL}</arg>
<arg>10s</arg>
<doc>Waits until the element ``locator`` is visible.</doc>
<status status="PASS" start="2025-11-25T19:30:17.098503" elapsed="0.028333"/>
</kw>
<kw name="Click Element" owner="SeleniumLibrary">
<msg time="2025-11-25T19:30:17.130216" level="INFO">Clicking element 'xpath=//div[@role='dialog'][.//h1[normalize-space(.)='Create Customer']]//button[@type='submit' and normalize-space(.)='Create']'.</msg>
<arg>${BTN_CREATE_MODAL}</arg>
<doc>Click the element identified by ``locator``.</doc>
<status status="PASS" start="2025-11-25T19:30:17.127833" elapsed="0.110381"/>
</kw>
<status status="PASS" start="2025-11-25T19:30:17.098503" elapsed="0.144212"/>
</kw>
<kw name="Verify Customer Detail" owner="Happy_Create_New_Customer">
<kw name="Set Variable" owner="BuiltIn">
<msg time="2025-11-25T19:30:17.245027" level="INFO">${card_customer} = //div[contains(@class,'shadow-elevation-card-rest')][.//p[normalize-space()='Name']][1]</msg>
<var>${card_customer}</var>
<arg>//div[contains(@class,'shadow-elevation-card-rest')][.//p[normalize-space()='Name']][1]</arg>
<doc>Returns the given values which can then be assigned to a variables.</doc>
<status status="PASS" start="2025-11-25T19:30:17.245027" elapsed="0.000000"/>
</kw>
<kw name="Set Variable" owner="BuiltIn">
<msg time="2025-11-25T19:30:17.254125" level="INFO">${loc_header_email} = xpath=//div[contains(@class,'shadow-elevation-card-rest')][.//p[normalize-space()='Name']][1]//h1</msg>
<var>${loc_header_email}</var>
<arg>xpath=${card_customer}//h1</arg>
<doc>Returns the given values which can then be assigned to a variables.</doc>
<status status="PASS" start="2025-11-25T19:30:17.250024" elapsed="0.004892"/>
</kw>
<kw name="Wait Until Element Is Visible" owner="SeleniumLibrary">
<arg>${loc_header_email}</arg>
<arg>10s</arg>
<doc>Waits until the element ``locator`` is visible.</doc>
<status status="PASS" start="2025-11-25T19:30:17.254916" elapsed="0.615332"/>
</kw>
<kw name="Get Text" owner="SeleniumLibrary">
<msg time="2025-11-25T19:30:17.909868" level="INFO">${act_email} = eatpizzaw@example.com</msg>
<var>${act_email}</var>
<arg>${loc_header_email}</arg>
<doc>Returns the text value of the element identified by ``locator``.</doc>
<status status="PASS" start="2025-11-25T19:30:17.873726" elapsed="0.036142"/>
</kw>
<kw name="Log To Console" owner="BuiltIn">
<arg>Email header = ${act_email}</arg>
<doc>Logs the given message to the console.</doc>
<status status="PASS" start="2025-11-25T19:30:17.909868" elapsed="0.000000"/>
</kw>
<kw name="Should Be Equal As Strings" owner="BuiltIn">
<arg>${act_email}</arg>
<arg>${exp_email}</arg>
<doc>Fails if objects are unequal after converting them to strings.</doc>
<status status="PASS" start="2025-11-25T19:30:17.909868" elapsed="0.000000"/>
</kw>
<kw name="Set Variable" owner="BuiltIn">
<msg time="2025-11-25T19:30:17.915827" level="INFO">${loc_name} = xpath=//div[contains(@class,'shadow-elevation-card-rest')][.//p[normalize-space()='Name']][1]//p[normalize-space()='Name']/following::p[1]</msg>
<var>${loc_name}</var>
<arg>xpath=${card_customer}//p[normalize-space()='Name']/following::p[1]</arg>
<doc>Returns the given values which can then be assigned to a variables.</doc>
<status status="PASS" start="2025-11-25T19:30:17.909868" elapsed="0.005959"/>
</kw>
<kw name="Wait Until Element Is Visible" owner="SeleniumLibrary">
<arg>${loc_name}</arg>
<arg>10s</arg>
<doc>Waits until the element ``locator`` is visible.</doc>
<status status="PASS" start="2025-11-25T19:30:17.915827" elapsed="0.057399"/>
</kw>
<kw name="Get Text" owner="SeleniumLibrary">
<msg time="2025-11-25T19:30:18.002025" level="INFO">${act_name} = Pizza Hawa</msg>
<var>${act_name}</var>
<arg>${loc_name}</arg>
<doc>Returns the text value of the element identified by ``locator``.</doc>
<status status="PASS" start="2025-11-25T19:30:17.974221" elapsed="0.027804"/>
</kw>
<kw name="Log To Console" owner="BuiltIn">
<arg>Name = ${act_name}</arg>
<doc>Logs the given message to the console.</doc>
<status status="PASS" start="2025-11-25T19:30:18.002025" elapsed="0.000000"/>
</kw>
<kw name="Should Be Equal As Strings" owner="BuiltIn">
<arg>${act_name}</arg>
<arg>${exp_name}</arg>
<doc>Fails if objects are unequal after converting them to strings.</doc>
<status status="PASS" start="2025-11-25T19:30:18.002025" elapsed="0.000000"/>
</kw>
<kw name="Set Variable" owner="BuiltIn">
<msg time="2025-11-25T19:30:18.002025" level="INFO">${loc_company} = xpath=//div[contains(@class,'shadow-elevation-card-rest')][.//p[normalize-space()='Name']][1]//p[normalize-space()='Company']/following::p[1]</msg>
<var>${loc_company}</var>
<arg>xpath=${card_customer}//p[normalize-space()='Company']/following::p[1]</arg>
<doc>Returns the given values which can then be assigned to a variables.</doc>
<status status="PASS" start="2025-11-25T19:30:18.002025" elapsed="0.000000"/>
</kw>
<kw name="Wait Until Element Is Visible" owner="SeleniumLibrary">
<arg>${loc_company}</arg>
<arg>10s</arg>
<doc>Waits until the element ``locator`` is visible.</doc>
<status status="PASS" start="2025-11-25T19:30:18.002025" elapsed="0.028578"/>
</kw>
<kw name="Get Text" owner="SeleniumLibrary">
<msg time="2025-11-25T19:30:18.037463" level="INFO">${act_company} = 1112 Corp</msg>
<var>${act_company}</var>
<arg>${loc_company}</arg>
<doc>Returns the text value of the element identified by ``locator``.</doc>
<status status="PASS" start="2025-11-25T19:30:18.031686" elapsed="0.005777"/>
</kw>
<kw name="Log To Console" owner="BuiltIn">
<arg>Company = ${act_company}</arg>
<doc>Logs the given message to the console.</doc>
<status status="PASS" start="2025-11-25T19:30:18.037463" elapsed="0.000000"/>
</kw>
<kw name="Should Be Equal As Strings" owner="BuiltIn">
<arg>${act_company}</arg>
<arg>${exp_company}</arg>
<doc>Fails if objects are unequal after converting them to strings.</doc>
<status status="PASS" start="2025-11-25T19:30:18.037463" elapsed="0.000000"/>
</kw>
<kw name="Set Variable" owner="BuiltIn">
<msg time="2025-11-25T19:30:18.037463" level="INFO">${loc_phone} = xpath=//div[contains(@class,'shadow-elevation-card-rest')][.//p[normalize-space()='Name']][1]//p[normalize-space()='Phone']/following::p[1]</msg>
<var>${loc_phone}</var>
<arg>xpath=${card_customer}//p[normalize-space()='Phone']/following::p[1]</arg>
<doc>Returns the given values which can then be assigned to a variables.</doc>
<status status="PASS" start="2025-11-25T19:30:18.037463" elapsed="0.000000"/>
</kw>
<kw name="Wait Until Element Is Visible" owner="SeleniumLibrary">
<arg>${loc_phone}</arg>
<arg>10s</arg>
<doc>Waits until the element ``locator`` is visible.</doc>
<status status="PASS" start="2025-11-25T19:30:18.037463" elapsed="0.032595"/>
</kw>
<kw name="Get Text" owner="SeleniumLibrary">
<msg time="2025-11-25T19:30:18.081856" level="INFO">${act_phone} = 0888888888</msg>
<var>${act_phone}</var>
<arg>${loc_phone}</arg>
<doc>Returns the text value of the element identified by ``locator``.</doc>
<status status="PASS" start="2025-11-25T19:30:18.070058" elapsed="0.011798"/>
</kw>
<kw name="Log To Console" owner="BuiltIn">
<arg>Phone = ${act_phone}</arg>
<doc>Logs the given message to the console.</doc>
<status status="PASS" start="2025-11-25T19:30:18.081856" elapsed="0.000000"/>
</kw>
<kw name="Should Be Equal As Strings" owner="BuiltIn">
<arg>${act_phone}</arg>
<arg>${exp_phone}</arg>
<doc>Fails if objects are unequal after converting them to strings.</doc>
<status status="PASS" start="2025-11-25T19:30:18.081856" elapsed="0.000000"/>
</kw>
<arg>eatpizzaw@example.com</arg>
<arg>Pizza Hawa</arg>
<arg>1112 Corp</arg>
<arg>0888888888</arg>
<status status="PASS" start="2025-11-25T19:30:17.245027" elapsed="0.836829"/>
</kw>
<kw name="Back To Customers List" owner="Happy_Delete_Customer">
<kw name="Go To" owner="SeleniumLibrary">
<msg time="2025-11-25T19:30:18.081856" level="INFO">Opening url 'http://10.34.112.158:9000/app/customers'</msg>
<arg>${ADMIN_URL}customers</arg>
<doc>Navigates the current browser window to the provided ``url``.</doc>
<status status="PASS" start="2025-11-25T19:30:18.081856" elapsed="0.286821"/>
</kw>
<kw name="Wait Until Element Is Visible" owner="SeleniumLibrary">
<arg>${ADMIN_MENU_CUSTOMER}</arg>
<arg>10s</arg>
<doc>Waits until the element ``locator`` is visible.</doc>
<status status="PASS" start="2025-11-25T19:30:18.368677" elapsed="0.246173"/>
</kw>
<status status="PASS" start="2025-11-25T19:30:18.081856" elapsed="0.532994"/>
</kw>
<kw name="Search Customer By Email" owner="Happy_Delete_Customer">
<kw name="Wait Until Element Is Visible" owner="SeleniumLibrary">
<arg>${CUSTOMER_SEARCH_INPUT}</arg>
<arg>10s</arg>
<doc>Waits until the element ``locator`` is visible.</doc>
<status status="PASS" start="2025-11-25T19:30:18.617162" elapsed="0.033005"/>
</kw>
<kw name="Click Element" owner="SeleniumLibrary">
<msg time="2025-11-25T19:30:18.650167" level="INFO">Clicking element 'xpath=//input[@type='search' and @name='q']'.</msg>
<arg>${CUSTOMER_SEARCH_INPUT}</arg>
<doc>Click the element identified by ``locator``.</doc>
<status status="PASS" start="2025-11-25T19:30:18.650167" elapsed="0.065604"/>
</kw>
<kw name="Clear Element Text" owner="SeleniumLibrary">
<arg>${CUSTOMER_SEARCH_INPUT}</arg>
<doc>Clears the value of the text-input-element identified by ``locator``.</doc>
<status status="PASS" start="2025-11-25T19:30:18.715771" elapsed="0.051966"/>
</kw>
<kw name="Input Text" owner="SeleniumLibrary">
<msg time="2025-11-25T19:30:18.769412" level="INFO">Typing text 'eatpizzaw@example.com' into text field 'xpath=//input[@type='search' and @name='q']'.</msg>
<arg>${CUSTOMER_SEARCH_INPUT}</arg>
<arg>${email}</arg>
<doc>Types the given ``text`` into the text field identified by ``locator``.</doc>
<status status="PASS" start="2025-11-25T19:30:18.768314" elapsed="0.076529"/>
</kw>
<kw name="Press Keys" owner="SeleniumLibrary">
<msg time="2025-11-25T19:30:18.848675" level="INFO">Sending key(s) ('ENTER',) to xpath=//input[@type='search' and @name='q'] element.</msg>
<msg time="2025-11-25T19:30:19.140516" level="INFO">Pressing special key ENTER to element.</msg>
<msg time="2025-11-25T19:30:19.140516" level="INFO">Releasing special key ENTER.</msg>
<arg>${CUSTOMER_SEARCH_INPUT}</arg>
<arg>ENTER</arg>
<doc>Simulates the user pressing key(s) to an element or on the active browser.</doc>
<status status="PASS" start="2025-11-25T19:30:18.844843" elapsed="0.303689"/>
</kw>
<kw name="Wait Until Location Contains" owner="SeleniumLibrary">
<arg>q=</arg>
<arg>10s</arg>
<doc>Waits until the current URL contains ``expected``.</doc>
<status status="PASS" start="2025-11-25T19:30:19.148532" elapsed="0.251866"/>
</kw>
<kw name="Wait Until Element Is Visible" owner="SeleniumLibrary">
<arg>${CUSTOMERS_TABLE}</arg>
<arg>20s</arg>
<doc>Waits until the element ``locator`` is visible.</doc>
<status status="PASS" start="2025-11-25T19:30:19.401021" elapsed="0.011725"/>
</kw>
<kw name="Wait Until Page Contains" owner="SeleniumLibrary">
<arg>${email}</arg>
<arg>20s</arg>
<doc>Waits until ``text`` appears on the current page.</doc>
<status status="PASS" start="2025-11-25T19:30:19.412746" elapsed="0.133428"/>
</kw>
<arg>${email}</arg>
<status status="PASS" start="2025-11-25T19:30:18.615866" elapsed="0.930308"/>
</kw>
<kw name="Open Customer From Search By Email" owner="Happy_Delete_Customer">
<kw name="Set Variable" owner="BuiltIn">
<msg time="2025-11-25T19:30:19.546174" level="INFO">${locator} = xpath=//table[.//th[normalize-space()='Email']]//tbody//tr[.//a[@data-row-link='true' and normalize-space()='eatpizzaw@example.com']]//a[@data-row-link='true']</msg>
<var>${locator}</var>
<arg>xpath=//table[.//th[normalize-space()='Email']]//tbody//tr[.//a[@data-row-link='true' and normalize-space()='${email}']]//a[@data-row-link='true']</arg>
<doc>Returns the given values which can then be assigned to a variables.</doc>
<status status="PASS" start="2025-11-25T19:30:19.546174" elapsed="0.000000"/>
</kw>
<kw name="Wait Until Element Is Visible" owner="SeleniumLibrary">
<arg>${locator}</arg>
<arg>20s</arg>
<doc>Waits until the element ``locator`` is visible.</doc>
<status status="PASS" start="2025-11-25T19:30:19.546174" elapsed="0.030239"/>
</kw>
<kw name="Click Element" owner="SeleniumLibrary">
<msg time="2025-11-25T19:30:19.582824" level="INFO">Clicking element 'xpath=//table[.//th[normalize-space()='Email']]//tbody//tr[.//a[@data-row-link='true' and normalize-space()='eatpizzaw@example.com']]//a[@data-row-link='true']'.</msg>
<arg>${locator}</arg>
<doc>Click the element identified by ``locator``.</doc>
<status status="PASS" start="2025-11-25T19:30:19.582824" elapsed="0.072249"/>
</kw>
<arg>${email}</arg>
<status status="PASS" start="2025-11-25T19:30:19.546174" elapsed="0.108899"/>
</kw>
<kw name="Delete Customer From Detail Page" owner="Happy_Delete_Customer">
<kw name="Open Customer Action Menu" owner="Happy_Delete_Customer">
<kw name="Wait Until Element Is Visible" owner="SeleniumLibrary">
<arg>${CUSTOMER_ACTION_MENU_BTN}</arg>
<arg>10s</arg>
<doc>Waits until the element ``locator`` is visible.</doc>
<status status="PASS" start="2025-11-25T19:30:19.660957" elapsed="0.079466"/>
</kw>
<kw name="Click Element" owner="SeleniumLibrary">
<msg time="2025-11-25T19:30:19.741775" level="INFO">Clicking element 'xpath=(//*[self::section or self::div][.//h1[normalize-space(.)='eatpizzaw@example.com']][ not(ancestor::aside) ]) //*[normalize-space(.)='Guest']/ancestor::*[self::div or self::section][1] //button[.//*[name()='svg']][not(ancestor::aside)][last()]'.</msg>
<arg>${CUSTOMER_ACTION_MENU_BTN}</arg>
<doc>Click the element identified by ``locator``.</doc>
<status status="PASS" start="2025-11-25T19:30:19.740423" elapsed="0.071978"/>
</kw>
<kw name="Wait Until Element Is Visible" owner="SeleniumLibrary">
<arg>xpath=//div[@role='menu']</arg>
<arg>5s</arg>
<doc>Waits until the element ``locator`` is visible.</doc>
<status status="PASS" start="2025-11-25T19:30:19.812401" elapsed="0.018364"/>
</kw>
<status status="PASS" start="2025-11-25T19:30:19.655073" elapsed="0.175692"/>
</kw>
<kw name="Choose Delete From Customer Menu" owner="Happy_Delete_Customer">
<kw name="Wait Until Element Is Visible" owner="SeleniumLibrary">
<arg>xpath=//div[@role='menu']</arg>
<arg>5s</arg>
<doc>Waits until the element ``locator`` is visible.</doc>
<status status="PASS" start="2025-11-25T19:30:19.830765" elapsed="0.012214"/>
</kw>
<kw name="Wait Until Element Is Visible" owner="SeleniumLibrary">
<arg>${MENUITEM_DELETE_CUSTOMER}</arg>
<arg>10s</arg>
<doc>Waits until the element ``locator`` is visible.</doc>
<status status="PASS" start="2025-11-25T19:30:19.842979" elapsed="0.011965"/>
</kw>
<kw name="Click Element" owner="SeleniumLibrary">
<msg time="2025-11-25T19:30:19.854944" level="INFO">Clicking element 'xpath=//div[@role='menu']//div[@role='menuitem'][contains(normalize-space(),'Delete')]'.</msg>
<arg>${MENUITEM_DELETE_CUSTOMER}</arg>
<doc>Click the element identified by ``locator``.</doc>
<status status="PASS" start="2025-11-25T19:30:19.854944" elapsed="0.081312"/>
</kw>
<status status="PASS" start="2025-11-25T19:30:19.830765" elapsed="0.105491"/>
</kw>
<kw name="Confirm Delete Customer By Email" owner="Happy_Delete_Customer">
<kw name="Wait Until Element Is Visible" owner="SeleniumLibrary">
<arg>${DELETE_CUSTOMER_MODAL}</arg>
<arg>10s</arg>
<doc>Waits until the element ``locator`` is visible.</doc>
<status status="PASS" start="2025-11-25T19:30:19.936256" elapsed="0.023909"/>
</kw>
<kw name="Wait Until Element Is Visible" owner="SeleniumLibrary">
<arg>${DELETE_CUSTOMER_INPUT}</arg>
<arg>10s</arg>
<doc>Waits until the element ``locator`` is visible.</doc>
<status status="PASS" start="2025-11-25T19:30:19.960165" elapsed="0.017778"/>
</kw>
<kw name="Clear Element Text" owner="SeleniumLibrary">
<arg>${DELETE_CUSTOMER_INPUT}</arg>
<doc>Clears the value of the text-input-element identified by ``locator``.</doc>
<status status="PASS" start="2025-11-25T19:30:19.977943" elapsed="0.028463"/>
</kw>
<kw name="Input Text" owner="SeleniumLibrary">
<msg time="2025-11-25T19:30:20.013027" level="INFO">Typing text 'eatpizzaw@example.com' into text field 'xpath=//input[@id='verificationText']'.</msg>
<arg>${DELETE_CUSTOMER_INPUT}</arg>
<arg>${email}</arg>
<doc>Types the given ``text`` into the text field identified by ``locator``.</doc>
<status status="PASS" start="2025-11-25T19:30:20.012209" elapsed="0.128390"/>
</kw>
<kw name="Wait Until Element Is Enabled" owner="SeleniumLibrary">
<arg>${DELETE_CUSTOMER_CONFIRM_BTN}</arg>
<arg>10s</arg>
<doc>Waits until the element ``locator`` is enabled.</doc>
<status status="PASS" start="2025-11-25T19:30:20.140599" elapsed="0.023506"/>
</kw>
<kw name="Click Element" owner="SeleniumLibrary">
<msg time="2025-11-25T19:30:20.164105" level="INFO">Clicking element 'xpath=//div[@role='alertdialog']//button[contains(.,'Delete')]'.</msg>
<arg>${DELETE_CUSTOMER_CONFIRM_BTN}</arg>
<doc>Click the element identified by ``locator``.</doc>
<status status="PASS" start="2025-11-25T19:30:20.164105" elapsed="0.057092"/>
</kw>
<arg>${email}</arg>
<status status="PASS" start="2025-11-25T19:30:19.936256" elapsed="0.284941"/>
</kw>
<kw name="Wait Until Location Contains" owner="SeleniumLibrary">
<arg>/app/customers</arg>
<arg>10s</arg>
<doc>Waits until the current URL contains ``expected``.</doc>
<status status="PASS" start="2025-11-25T19:30:20.223043" elapsed="0.004257"/>
</kw>
<kw name="Wait Until Page Does Not Contain" owner="SeleniumLibrary">
<arg>${email}</arg>
<arg>20s</arg>
<doc>Waits until ``text`` disappears from the current page.</doc>
<status status="PASS" start="2025-11-25T19:30:20.228300" elapsed="4.807663"/>
</kw>
<arg>${email}</arg>
<status status="PASS" start="2025-11-25T19:30:19.655073" elapsed="5.380890"/>
</kw>
<kw name="Customer Should Not Exist In Table" owner="Happy_Delete_Customer">
<kw name="Search Customer By Email (No Assert)" owner="Happy_Delete_Customer">
<kw name="Wait Until Element Is Visible" owner="SeleniumLibrary">
<arg>${CUSTOMER_SEARCH_INPUT}</arg>
<arg>10s</arg>
<doc>Waits until the element ``locator`` is visible.</doc>
<status status="PASS" start="2025-11-25T19:30:25.035963" elapsed="0.017190"/>
</kw>
<kw name="Click Element" owner="SeleniumLibrary">
<msg time="2025-11-25T19:30:25.054477" level="INFO">Clicking element 'xpath=//input[@type='search' and @name='q']'.</msg>
<arg>${CUSTOMER_SEARCH_INPUT}</arg>
<doc>Click the element identified by ``locator``.</doc>
<status status="PASS" start="2025-11-25T19:30:25.053153" elapsed="0.077452"/>
</kw>
<kw name="Clear Element Text" owner="SeleniumLibrary">
<arg>${CUSTOMER_SEARCH_INPUT}</arg>
<doc>Clears the value of the text-input-element identified by ``locator``.</doc>
<status status="PASS" start="2025-11-25T19:30:25.130605" elapsed="0.048028"/>
</kw>
<kw name="Input Text" owner="SeleniumLibrary">
<msg time="2025-11-25T19:30:25.178633" level="INFO">Typing text 'eatpizzaw@example.com' into text field 'xpath=//input[@type='search' and @name='q']'.</msg>
<arg>${CUSTOMER_SEARCH_INPUT}</arg>
<arg>${email}</arg>
<doc>Types the given ``text`` into the text field identified by ``locator``.</doc>
<status status="PASS" start="2025-11-25T19:30:25.178633" elapsed="0.099685"/>
</kw>
<kw name="Press Keys" owner="SeleniumLibrary">
<msg time="2025-11-25T19:30:25.280228" level="INFO">Sending key(s) ('ENTER',) to xpath=//input[@type='search' and @name='q'] element.</msg>
<msg time="2025-11-25T19:30:25.569608" level="INFO">Pressing special key ENTER to element.</msg>
<msg time="2025-11-25T19:30:25.569608" level="INFO">Releasing special key ENTER.</msg>
<arg>${CUSTOMER_SEARCH_INPUT}</arg>
<arg>ENTER</arg>
<doc>Simulates the user pressing key(s) to an element or on the active browser.</doc>
<status status="PASS" start="2025-11-25T19:30:25.279220" elapsed="0.296020"/>
</kw>
<kw name="Wait Until Location Contains" owner="SeleniumLibrary">
<arg>q=</arg>
<arg>10s</arg>
<doc>Waits until the current URL contains ``expected``.</doc>
<status status="PASS" start="2025-11-25T19:30:25.575240" elapsed="0.249540"/>
</kw>
<kw name="Wait Until Page Contains" owner="SeleniumLibrary">
<arg>results</arg>
<arg>10s</arg>
<doc>Waits until ``text`` appears on the current page.</doc>
<status status="PASS" start="2025-11-25T19:30:25.826793" elapsed="0.039449"/>
</kw>
<arg>${email}</arg>
<status status="PASS" start="2025-11-25T19:30:25.035963" elapsed="0.830279"/>
</kw>
<kw name="Wait Until Page Contains" owner="SeleniumLibrary">
<arg>No results</arg>
<arg>10s</arg>
<doc>Waits until ``text`` appears on the current page.</doc>
<status status="PASS" start="2025-11-25T19:30:25.866921" elapsed="0.078690"/>
</kw>
<arg>${email}</arg>
<status status="PASS" start="2025-11-25T19:30:25.035963" elapsed="0.909648"/>
</kw>
<doc>Admin: เปิดหน้า customer --&gt; Create --&gt; กรอกข้อมูล --&gt; สร้าง</doc>
<status status="PASS" start="2025-11-25T19:30:13.082370" elapsed="12.863241"/>
</test>
<status status="PASS" start="2025-11-25T19:30:04.292347" elapsed="21.653264"/>
</suite>
<statistics>
<total>
<stat pass="1" fail="0" skip="0">All Tests</stat>
</total>
<tag>
</tag>
<suite>
<stat name="Flow5 Customer Management" id="s1" pass="1" fail="0" skip="0">Flow5 Customer Management</stat>
</suite>
</statistics>
<errors>
<msg time="2025-11-25T19:30:04.310822" level="ERROR">Error in file 'c:\Users\HeangKung\Desktop\heartory_project1\project_phase_2\UI_testing\test\flow5_customer_management\Happy_Create_New_Customer.robot' on line 11: Setting 'Suite Setup' is not allowed in resource file.</msg>
<msg time="2025-11-25T19:30:04.555084" level="ERROR">Error in file 'c:\Users\HeangKung\Desktop\heartory_project1\project_phase_2\UI_testing\test\flow5_customer_management\Happy_Edit_Customer_Profile.robot' on line 10: Setting 'Suite Setup' is not allowed in resource file.</msg>
<msg time="2025-11-25T19:30:04.559173" level="ERROR">Error in file 'c:\Users\HeangKung\Desktop\heartory_project1\project_phase_2\UI_testing\test\flow5_customer_management\Happy_Add_Customer_Address.robot' on line 11: Setting 'Suite Setup' is not allowed in resource file.</msg>
<msg time="2025-11-25T19:30:04.563776" level="ERROR">Error in file 'c:\Users\HeangKung\Desktop\heartory_project1\project_phase_2\UI_testing\test\flow5_customer_management\Error_Add_Customer_Address.robot' on line 9: Setting 'Suite Setup' is not allowed in resource file.</msg>
<msg time="2025-11-25T19:30:04.568064" level="ERROR">Error in file 'c:\Users\HeangKung\Desktop\heartory_project1\project_phase_2\UI_testing\test\flow5_customer_management\Happy_Delete_Customer.robot' on line 8: Setting 'Suite Setup' is not allowed in resource file.</msg>
</errors>
</robot>
