<?xml version="1.0" encoding="UTF-8"?>
<robot generator="Robot 7.3.2 (Python 3.10.11 on win32)" generated="2025-11-26T11:12:42.003065" rpa="false" schemaversion="5">
<suite id="s1" name="Flow4 Order Fulfillment" source="c:\Users\HeangKung\Desktop\heartory_project1\project_phase_2\UI_testing\test\flow4_order_fulfillment_tracking\flow4_order_fulfillment.robot">
<kw name="Open Customer Browser" owner="CustomerLogin" type="SETUP">
<kw name="Open Browser" owner="SeleniumLibrary">
<msg time="2025-11-26T11:12:42.317708" level="INFO">Opening browser 'chrome' to base url 'about:blank'.</msg>
<arg>about:blank</arg>
<arg>${BROWSER}</arg>
<arg>alias=CUSTOMER</arg>
<doc>Opens a new browser instance to the optional ``url``.</doc>
<status status="PASS" start="2025-11-26T11:12:42.317708" elapsed="1.118296"/>
</kw>
<kw name="Set Window Size" owner="SeleniumLibrary">
<arg>${VIEWPORT_W}</arg>
<arg>${VIEWPORT_H}</arg>
<doc>Sets current windows size to given ``width`` and ``height``.</doc>
<status status="PASS" start="2025-11-26T11:12:43.436004" elapsed="0.357980"/>
</kw>
<kw name="Go To" owner="SeleniumLibrary">
<msg time="2025-11-26T11:12:43.793984" level="INFO">Opening url 'http://10.34.112.158:8000/dk/'</msg>
<arg>${CUSTOMER_URL}</arg>
<doc>Navigates the current browser window to the provided ``url``.</doc>
<status status="PASS" start="2025-11-26T11:12:43.793984" elapsed="0.615951"/>
</kw>
<doc>เปิดเบราว์เซอร์ด้วย alias=CUSTOMER และเข้า http://10.34.112.158:8000/dk/</doc>
<status status="PASS" start="2025-11-26T11:12:42.316684" elapsed="2.093251"/>
</kw>
<test id="s1-t1" name="SYS11_Happy_Update_To_Delivered" line="30">
<kw name="Open Admin Browser" owner="AdminLogin">
<kw name="Open Browser" owner="SeleniumLibrary">
<msg time="2025-11-26T11:12:44.411444" level="INFO">Opening browser 'chrome' to base url 'about:blank'.</msg>
<arg>about:blank</arg>
<arg>${BROWSER}</arg>
<arg>alias=ADMIN</arg>
<doc>Opens a new browser instance to the optional ``url``.</doc>
<status status="PASS" start="2025-11-26T11:12:44.411444" elapsed="1.161916"/>
</kw>
<kw name="Set Window Size" owner="SeleniumLibrary">
<arg>${VIEWPORT_W}</arg>
<arg>${VIEWPORT_H}</arg>
<doc>Sets current windows size to given ``width`` and ``height``.</doc>
<status status="PASS" start="2025-11-26T11:12:45.573360" elapsed="0.354798"/>
</kw>
<kw name="Go To" owner="SeleniumLibrary">
<msg time="2025-11-26T11:12:45.928158" level="INFO">Opening url 'http://10.34.112.158:9000/app/'</msg>
<arg>${ADMIN_URL}</arg>
<doc>Navigates the current browser window to the provided ``url``.</doc>
<status status="PASS" start="2025-11-26T11:12:45.928158" elapsed="1.133094"/>
</kw>
<doc>เปิดเบราว์เซอร์ด้วย alias=ADMIN และเข้า http://10.34.112.158:9000/app/</doc>
<status status="PASS" start="2025-11-26T11:12:44.410953" elapsed="2.651299"/>
</kw>
<kw name="Admin Login" owner="AdminLogin">
<kw name="Go To" owner="SeleniumLibrary">
<msg time="2025-11-26T11:12:47.065251" level="INFO">Opening url 'http://10.34.112.158:9000/app/'</msg>
<arg>${ADMIN_URL}</arg>
<doc>Navigates the current browser window to the provided ``url``.</doc>
<status status="PASS" start="2025-11-26T11:12:47.064253" elapsed="0.197725"/>
</kw>
<kw name="Admin Page Should Be Visible" owner="AdminLogin">
<kw name="Wait Until Element Is Visible" owner="SeleniumLibrary">
<arg>${LOC_USERNAME}</arg>
<doc>Waits until the element ``locator`` is visible.</doc>
<status status="PASS" start="2025-11-26T11:12:47.262978" elapsed="1.108481"/>
</kw>
<status status="PASS" start="2025-11-26T11:12:47.261978" elapsed="1.109481"/>
</kw>
<kw name="Input Text" owner="SeleniumLibrary">
<msg time="2025-11-26T11:12:48.371459" level="INFO">Typing text 'group4@mu-store.local' into text field 'css=input[name="email"]'.</msg>
<arg>${LOC_USERNAME}</arg>
<arg>${user}</arg>
<doc>Types the given ``text`` into the text field identified by ``locator``.</doc>
<status status="PASS" start="2025-11-26T11:12:48.371459" elapsed="0.089187"/>
</kw>
<kw name="Input Text" owner="SeleniumLibrary">
<msg time="2025-11-26T11:12:48.460646" level="INFO">Typing text 'Mp6!dzT3' into text field 'css=input[name="password"]'.</msg>
<arg>${LOC_PASSWORD}</arg>
<arg>${pass}</arg>
<doc>Types the given ``text`` into the text field identified by ``locator``.</doc>
<status status="PASS" start="2025-11-26T11:12:48.460646" elapsed="0.059846"/>
</kw>
<kw name="Click Button" owner="SeleniumLibrary">
<msg time="2025-11-26T11:12:48.520492" level="INFO">Clicking button 'css=button[type="submit"]'.</msg>
<arg>${LOC_SUBMIT}</arg>
<doc>Clicks the button identified by ``locator``.</doc>
<status status="PASS" start="2025-11-26T11:12:48.520492" elapsed="0.055017"/>
</kw>
<kw name="Wait Until Page Contains Element" owner="SeleniumLibrary">
<arg>${LOC_DASHBOARD_TAG}</arg>
<arg>15s</arg>
<doc>Waits until the element ``locator`` appears on the current page.</doc>
<status status="PASS" start="2025-11-26T11:12:48.575509" elapsed="0.588132"/>
</kw>
<arg>${ADMIN_USER}</arg>
<arg>${ADMIN_PASS}</arg>
<status status="PASS" start="2025-11-26T11:12:47.063252" elapsed="2.100389"/>
</kw>
<kw name="Admin Open Orders Page" owner="Happy_Update_To_Shipped">
<kw name="Switch Browser" owner="SeleniumLibrary">
<arg>ADMIN</arg>
<doc>Switches between active browsers using ``index_or_alias``.</doc>
<status status="PASS" start="2025-11-26T11:12:49.169836" elapsed="0.000000"/>
</kw>
<kw name="Click Element" owner="SeleniumLibrary">
<msg time="2025-11-26T11:12:49.170863" level="INFO">Clicking element 'xpath=//*[contains(.,'Orders')]'.</msg>
<arg>${LOC_DASHBOARD_TAG}</arg>
<doc>Click the element identified by ``locator``.</doc>
<status status="PASS" start="2025-11-26T11:12:49.169836" elapsed="0.090068"/>
</kw>
<kw name="Wait Until Element Is Visible" owner="SeleniumLibrary">
<arg>${ORDERS_TABLE}</arg>
<arg>10s</arg>
<doc>Waits until the element ``locator`` is visible.</doc>
<status status="PASS" start="2025-11-26T11:12:49.259904" elapsed="0.390211"/>
</kw>
<status status="PASS" start="2025-11-26T11:12:49.168830" elapsed="0.481285"/>
</kw>
<kw name="Admin Open First Shipped Order" owner="Happy_Update_To_Delivered">
<kw name="Wait Until Page Contains" owner="SeleniumLibrary">
<arg>Shipped</arg>
<arg>10s</arg>
<doc>Waits until ``text`` appears on the current page.</doc>
<status status="PASS" start="2025-11-26T11:12:49.651093" elapsed="0.008402"/>
</kw>
<kw name="Sleep" owner="BuiltIn">
<msg time="2025-11-26T11:12:50.666137" level="INFO">Slept 1 second.</msg>
<arg>1s</arg>
<doc>Pauses the test executed for the given time.</doc>
<status status="PASS" start="2025-11-26T11:12:49.659495" elapsed="1.009145"/>
</kw>
<kw name="Wait Until Element Is Visible" owner="SeleniumLibrary">
<arg>${ROW_FIRST_SHIPPED}</arg>
<arg>10s</arg>
<doc>Waits until the element ``locator`` is visible.</doc>
<status status="PASS" start="2025-11-26T11:12:50.669639" elapsed="0.021624"/>
</kw>
<kw name="Click Element" owner="SeleniumLibrary">
<msg time="2025-11-26T11:12:50.692373" level="INFO">Clicking element 'xpath=(//table[.//th[normalize-space()='Fulfillment']]//tbody //tr[.//span[normalize-space()='Shipped']])[1]'.</msg>
<arg>${ROW_FIRST_SHIPPED}</arg>
<doc>Click the element identified by ``locator``.</doc>
<status status="PASS" start="2025-11-26T11:12:50.691263" elapsed="0.072219"/>
</kw>
<doc>เปิด order แถวแรกที่ Fulfillment = Shipped จากหน้า Orders list</doc>
<status status="PASS" start="2025-11-26T11:12:49.650115" elapsed="1.113367"/>
</kw>
<kw name="Admin Mark Current Order As Delivered" owner="Happy_Update_To_Delivered">
<kw name="Scroll To Fulfillment Section (Robust)" owner="Happy_Update_To_Shipped">
<kw name="Set Variable" owner="BuiltIn">
<msg time="2025-11-26T11:12:50.770888" level="INFO">${has_anchor} = False</msg>
<var>${has_anchor}</var>
<arg>${False}</arg>
<doc>Returns the given values which can then be assigned to a variables.</doc>
<status status="PASS" start="2025-11-26T11:12:50.769893" elapsed="0.000995"/>
</kw>
<kw name="Set Variable" owner="BuiltIn">
<msg time="2025-11-26T11:12:50.770888" level="INFO">${has_btn} = False</msg>
<var>${has_btn}</var>
<arg>${False}</arg>
<doc>Returns the given values which can then be assigned to a variables.</doc>
<status status="PASS" start="2025-11-26T11:12:50.770888" elapsed="0.000000"/>
</kw>
<kw name="Wait Until Keyword Succeeds" owner="BuiltIn">
<kw name="Run Keywords" owner="BuiltIn">
<kw name="Run Keyword And Ignore Error" owner="BuiltIn">
<kw name="Page Should Contain Element" owner="SeleniumLibrary">
<msg time="2025-11-26T11:12:51.310317" level="INFO" html="true">&lt;/td&gt;&lt;/tr&gt;&lt;tr&gt;&lt;td colspan="3"&gt;&lt;a href="selenium-screenshot-40.png"&gt;&lt;img src="selenium-screenshot-40.png" width="800px"&gt;&lt;/a&gt;</msg>
<msg time="2025-11-26T11:12:51.310317" level="FAIL">Page should have contained element 'xpath=(//*[self::section or self::div][.//*[self::h2 or self::h3] [contains(normalize-space(.),'Fulfillment #1')] ][ not(ancestor::aside) ])[1]' but did not.</msg>
<arg>${SECTION_FULFILLED}</arg>
<doc>Verifies that element ``locator`` is found on the current page.</doc>
<status status="FAIL" start="2025-11-26T11:12:50.771904" elapsed="0.539324">Page should have contained element 'xpath=(//*[self::section or self::div][.//*[self::h2 or self::h3] [contains(normalize-space(.),'Fulfillment #1')] ][ not(ancestor::aside) ])[1]' but did not.</status>
</kw>
<arg>Page Should Contain Element</arg>
<arg>${SECTION_FULFILLED}</arg>
<doc>Runs the given keyword with the given arguments and ignores possible error.</doc>
<status status="PASS" start="2025-11-26T11:12:50.771904" elapsed="0.540603"/>
</kw>
<kw name="Run Keyword And Ignore Error" owner="BuiltIn">
<kw name="Page Should Contain Element" owner="SeleniumLibrary">
<msg time="2025-11-26T11:12:51.786798" level="INFO" html="true">&lt;/td&gt;&lt;/tr&gt;&lt;tr&gt;&lt;td colspan="3"&gt;&lt;a href="selenium-screenshot-41.png"&gt;&lt;img src="selenium-screenshot-41.png" width="800px"&gt;&lt;/a&gt;</msg>
<msg time="2025-11-26T11:12:51.786798" level="FAIL">Page should have contained element 'xpath=//button[normalize-space(.)="Mark as shipped"]' but did not.</msg>
<arg>${BADGE_FULFILLED}</arg>
<doc>Verifies that element ``locator`` is found on the current page.</doc>
<status status="FAIL" start="2025-11-26T11:12:51.312507" elapsed="0.474291">Page should have contained element 'xpath=//button[normalize-space(.)="Mark as shipped"]' but did not.</status>
</kw>
<arg>Page Should Contain Element</arg>
<arg>${BADGE_FULFILLED}</arg>
<doc>Runs the given keyword with the given arguments and ignores possible error.</doc>
<status status="PASS" start="2025-11-26T11:12:51.312507" elapsed="0.474291"/>
</kw>
<arg>Run Keyword And Ignore Error</arg>
<arg>Page Should Contain Element</arg>
<arg>${SECTION_FULFILLED}</arg>
<arg>AND</arg>
<arg>Run Keyword And Ignore Error</arg>
<arg>Page Should Contain Element</arg>
<arg>${BADGE_FULFILLED}</arg>
<doc>Executes all the given keywords in a sequence.</doc>
<status status="PASS" start="2025-11-26T11:12:50.771904" elapsed="1.014894"/>
</kw>
<arg>10x</arg>
<arg>500ms</arg>
<arg>Run Keywords</arg>
<arg>Run Keyword And Ignore Error</arg>
<arg>Page Should Contain Element</arg>
<arg>${SECTION_FULFILLED}</arg>
<arg>AND</arg>
<arg>Run Keyword And Ignore Error</arg>
<arg>Page Should Contain Element</arg>
<arg>${BADGE_FULFILLED}</arg>
<doc>Runs the specified keyword and retries if it fails.</doc>
<status status="PASS" start="2025-11-26T11:12:50.771904" elapsed="1.014894"/>
</kw>
<kw name="Run Keyword And Return Status" owner="BuiltIn">
<kw name="Page Should Contain Element" owner="SeleniumLibrary">
<msg time="2025-11-26T11:12:51.786798" level="INFO">Current page contains element 'xpath=(//*[self::section or self::div][.//*[self::h2 or self::h3] [contains(normalize-space(.),'Fulfillment #1')] ][ not(ancestor::aside) ])[1]'.</msg>
<arg>${SECTION_FULFILLED}</arg>
<doc>Verifies that element ``locator`` is found on the current page.</doc>
<status status="PASS" start="2025-11-26T11:12:51.786798" elapsed="0.000000"/>
</kw>
<msg time="2025-11-26T11:12:51.786798" level="INFO">${has_section} = True</msg>
<var>${has_section}</var>
<arg>Page Should Contain Element</arg>
<arg>${SECTION_FULFILLED}</arg>
<doc>Runs the given keyword with given arguments and returns the status as a Boolean value.</doc>
<status status="PASS" start="2025-11-26T11:12:51.786798" elapsed="0.000000"/>
</kw>
<kw name="Run Keyword If" owner="BuiltIn">
<kw name="Run Keywords" owner="BuiltIn">
<kw name="Scroll Element Into View" owner="SeleniumLibrary">
<arg>${SECTION_FULFILLED}</arg>
<doc>Scrolls the element identified by ``locator`` into view.</doc>
<status status="PASS" start="2025-11-26T11:12:51.786798" elapsed="0.278763"/>
</kw>
<kw name="Sleep" owner="BuiltIn">
<msg time="2025-11-26T11:12:52.272135" level="INFO">Slept 200 milliseconds.</msg>
<arg>200ms</arg>
<doc>Pauses the test executed for the given time.</doc>
<status status="PASS" start="2025-11-26T11:12:52.065561" elapsed="0.207257"/>
</kw>
<kw name="Execute Javascript" owner="SeleniumLibrary">
<msg time="2025-11-26T11:12:52.272818" level="INFO">Executing JavaScript:
window.scrollBy(0, -80);
Without any arguments.</msg>
<arg>window.scrollBy(0, -80);</arg>
<doc>Executes the given JavaScript code with possible arguments.</doc>
<status status="PASS" start="2025-11-26T11:12:52.272818" elapsed="0.010773"/>
</kw>
<arg>Scroll Element Into View</arg>
<arg>${SECTION_FULFILLED}</arg>
<arg>AND</arg>
<arg>Sleep</arg>
<arg>200ms</arg>
<arg>AND</arg>
<arg>Execute Javascript</arg>
<arg>window.scrollBy(0, -80);</arg>
<doc>Executes all the given keywords in a sequence.</doc>
<status status="PASS" start="2025-11-26T11:12:51.786798" elapsed="0.497926"/>
</kw>
<arg>${has_section}</arg>
<arg>Run Keywords</arg>
<arg>Scroll Element Into View</arg>
<arg>${SECTION_FULFILLED}</arg>
<arg>AND</arg>
<arg>Sleep</arg>
<arg>200ms</arg>
<arg>AND</arg>
<arg>Execute Javascript</arg>
<arg>window.scrollBy(0, -80);</arg>
<doc>Runs the given keyword with the given arguments, if ``condition`` is true.</doc>
<status status="PASS" start="2025-11-26T11:12:51.786798" elapsed="0.497926"/>
</kw>
<kw name="Run Keyword If" owner="BuiltIn">
<kw name="Return From Keyword" owner="BuiltIn">
<msg time="2025-11-26T11:12:52.285132" level="INFO">Returning from the enclosing user keyword.</msg>
<doc>Returns from the enclosing user keyword.</doc>
<status status="PASS" start="2025-11-26T11:12:52.285132" elapsed="0.000000"/>
</kw>
<arg>${has_section}</arg>
<arg>Return From Keyword</arg>
<doc>Runs the given keyword with the given arguments, if ``condition`` is true.</doc>
<status status="PASS" start="2025-11-26T11:12:52.285132" elapsed="0.000000"/>
</kw>
<kw name="Run Keyword And Return Status" owner="BuiltIn">
<var>${has_btn}</var>
<arg>Page Should Contain Element</arg>
<arg>${BADGE_FULFILLED}</arg>
<doc>Runs the given keyword with given arguments and returns the status as a Boolean value.</doc>
<status status="NOT RUN" start="2025-11-26T11:12:52.285132" elapsed="0.000000"/>
</kw>
<kw name="Run Keyword If" owner="BuiltIn">
<arg>${has_btn}</arg>
<arg>Set Test Variable</arg>
<arg>${_try_anchor}</arg>
<arg>${SECTION_FROM_MARK_BTN}</arg>
<doc>Runs the given keyword with the given arguments, if ``condition`` is true.</doc>
<status status="NOT RUN" start="2025-11-26T11:12:52.285132" elapsed="0.000000"/>
</kw>
<kw name="Run Keyword If" owner="BuiltIn">
<arg>${has_btn}</arg>
<arg>${has_anchor}=</arg>
<arg>Run Keyword And Return Status</arg>
<arg>Page Should Contain Element</arg>
<arg>${_try_anchor}</arg>
<doc>Runs the given keyword with the given arguments, if ``condition`` is true.</doc>
<status status="NOT RUN" start="2025-11-26T11:12:52.285132" elapsed="0.000000"/>
</kw>
<kw name="Run Keyword If" owner="BuiltIn">
<arg>${has_anchor}</arg>
<arg>Run Keywords</arg>
<arg>Scroll Element Into View</arg>
<arg>${_try_anchor}</arg>
<arg>AND</arg>
<arg>Sleep</arg>
<arg>200ms</arg>
<arg>AND</arg>
<arg>Execute Javascript</arg>
<arg>window.scrollBy(0, -80);</arg>
<doc>Runs the given keyword with the given arguments, if ``condition`` is true.</doc>
<status status="NOT RUN" start="2025-11-26T11:12:52.285132" elapsed="0.000000"/>
</kw>
<kw name="Run Keyword If" owner="BuiltIn">
<arg>${has_anchor}</arg>
<arg>Return From Keyword</arg>
<doc>Runs the given keyword with the given arguments, if ``condition`` is true.</doc>
<status status="NOT RUN" start="2025-11-26T11:12:52.285132" elapsed="0.000000"/>
</kw>
<kw name="Run Keyword If" owner="BuiltIn">
<arg>${has_btn}</arg>
<arg>Run Keywords</arg>
<arg>Scroll Element Into View</arg>
<arg>${BADGE_FULFILLED}</arg>
<arg>AND</arg>
<arg>Sleep</arg>
<arg>200ms</arg>
<arg>AND</arg>
<arg>Execute Javascript</arg>
<arg>window.scrollBy(0, -80);</arg>
<doc>Runs the given keyword with the given arguments, if ``condition`` is true.</doc>
<status status="NOT RUN" start="2025-11-26T11:12:52.285132" elapsed="0.000000"/>
</kw>
<kw name="Run Keyword If" owner="BuiltIn">
<arg>${has_btn}</arg>
<arg>Return From Keyword</arg>
<doc>Runs the given keyword with the given arguments, if ``condition`` is true.</doc>
<status status="NOT RUN" start="2025-11-26T11:12:52.285132" elapsed="0.000000"/>
</kw>
<for flavor="IN RANGE">
<iter>
<kw name="Execute Javascript" owner="SeleniumLibrary">
<arg>window.scrollBy(0, Math.round(window.innerHeight*0.7));</arg>
<doc>Executes the given JavaScript code with possible arguments.</doc>
<status status="NOT RUN" start="2025-11-26T11:12:52.285132" elapsed="0.000000"/>
</kw>
<kw name="Sleep" owner="BuiltIn">
<arg>200ms</arg>
<doc>Pauses the test executed for the given time.</doc>
<status status="NOT RUN" start="2025-11-26T11:12:52.285132" elapsed="0.000000"/>
</kw>
<kw name="Run Keyword And Return Status" owner="BuiltIn">
<var>${ok}</var>
<arg>Page Should Contain Element</arg>
<arg>${SECTION_FULFILLED}</arg>
<doc>Runs the given keyword with given arguments and returns the status as a Boolean value.</doc>
<status status="NOT RUN" start="2025-11-26T11:12:52.285132" elapsed="0.000000"/>
</kw>
<kw name="Run Keyword If" owner="BuiltIn">
<arg>${ok}</arg>
<arg>Run Keywords</arg>
<arg>Scroll Element Into View</arg>
<arg>${SECTION_FULFILLED}</arg>
<arg>AND</arg>
<arg>Sleep</arg>
<arg>150ms</arg>
<arg>AND</arg>
<arg>Execute Javascript</arg>
<arg>window.scrollBy(0, -80);</arg>
<arg>AND</arg>
<arg>Exit For Loop</arg>
<doc>Runs the given keyword with the given arguments, if ``condition`` is true.</doc>
<status status="NOT RUN" start="2025-11-26T11:12:52.285132" elapsed="0.000000"/>
</kw>
<kw name="Run Keyword And Return Status" owner="BuiltIn">
<var>${ok2}</var>
<arg>Page Should Contain Element</arg>
<arg>${BADGE_FULFILLED}</arg>
<doc>Runs the given keyword with given arguments and returns the status as a Boolean value.</doc>
<status status="NOT RUN" start="2025-11-26T11:12:52.285132" elapsed="0.000000"/>
</kw>
<kw name="Run Keyword If" owner="BuiltIn">
<arg>${ok2}</arg>
<arg>Run Keywords</arg>
<arg>Scroll Element Into View</arg>
<arg>${BADGE_FULFILLED}</arg>
<arg>AND</arg>
<arg>Sleep</arg>
<arg>150ms</arg>
<arg>AND</arg>
<arg>Execute Javascript</arg>
<arg>window.scrollBy(0, -80);</arg>
<arg>AND</arg>
<arg>Exit For Loop</arg>
<doc>Runs the given keyword with the given arguments, if ``condition`` is true.</doc>
<status status="NOT RUN" start="2025-11-26T11:12:52.285132" elapsed="0.000000"/>
</kw>
<var name="${i}"/>
<status status="NOT RUN" start="2025-11-26T11:12:52.285132" elapsed="0.000000"/>
</iter>
<var>${i}</var>
<value>12</value>
<status status="NOT RUN" start="2025-11-26T11:12:52.285132" elapsed="0.000000"/>
</for>
<kw name="Run Keyword And Return Status" owner="BuiltIn">
<var>${seen}</var>
<arg>Page Should Contain Element</arg>
<arg>${SECTION_FULFILLED}</arg>
<doc>Runs the given keyword with given arguments and returns the status as a Boolean value.</doc>
<status status="NOT RUN" start="2025-11-26T11:12:52.285132" elapsed="0.000000"/>
</kw>
<kw name="Run Keyword And Return Status" owner="BuiltIn">
<var>${seen_btn}</var>
<arg>Page Should Contain Element</arg>
<arg>${BADGE_FULFILLED}</arg>
<doc>Runs the given keyword with given arguments and returns the status as a Boolean value.</doc>
<status status="NOT RUN" start="2025-11-26T11:12:52.285132" elapsed="0.000000"/>
</kw>
<kw name="Run Keyword If" owner="BuiltIn">
<arg>not ${seen} and not ${seen_btn}</arg>
<arg>Fail</arg>
<arg>Could not locate Fulfillment section or Mark as shipped button. Check DOM/iframe/text.</arg>
<doc>Runs the given keyword with the given arguments, if ``condition`` is true.</doc>
<status status="NOT RUN" start="2025-11-26T11:12:52.285132" elapsed="0.000000"/>
</kw>
<doc>เลื่อนไปยังโซน Fulfillment อย่างถึกทน (รองรับ contains, sticky header, virtualized list)</doc>
<status status="PASS" start="2025-11-26T11:12:50.769893" elapsed="1.515239"/>
</kw>
<kw name="Wait Until Element Is Visible" owner="SeleniumLibrary">
<arg>${BTN_MARK_DELIVERED}</arg>
<arg>10s</arg>
<doc>Waits until the element ``locator`` is visible.</doc>
<status status="PASS" start="2025-11-26T11:12:52.285132" elapsed="0.010539"/>
</kw>
<kw name="Click Element Safely" owner="Happy_Update_To_Shipped">
<kw name="Wait Until Keyword Succeeds" owner="BuiltIn">
<kw name="Element Should Be Visible" owner="SeleniumLibrary">
<msg time="2025-11-26T11:12:52.307803" level="INFO">Element 'xpath=//button[normalize-space(.)='Mark as delivered']' is displayed.</msg>
<arg>${locator}</arg>
<doc>Verifies that the element identified by ``locator`` is visible.</doc>
<status status="PASS" start="2025-11-26T11:12:52.301774" elapsed="0.006029"/>
</kw>
<arg>5x</arg>
<arg>1s</arg>
<arg>Element Should Be Visible</arg>
<arg>${locator}</arg>
<doc>Runs the specified keyword and retries if it fails.</doc>
<status status="PASS" start="2025-11-26T11:12:52.295671" elapsed="0.012132"/>
</kw>
<kw name="Run Keyword And Return Status" owner="BuiltIn">
<kw name="Click Element" owner="SeleniumLibrary">
<msg time="2025-11-26T11:12:52.307803" level="INFO">Clicking element 'xpath=//button[normalize-space(.)='Mark as delivered']'.</msg>
<arg>${locator}</arg>
<doc>Click the element identified by ``locator``.</doc>
<status status="PASS" start="2025-11-26T11:12:52.307803" elapsed="0.051426"/>
</kw>
<msg time="2025-11-26T11:12:52.359229" level="INFO">${ok} = True</msg>
<var>${ok}</var>
<arg>Click Element</arg>
<arg>${locator}</arg>
<doc>Runs the given keyword with given arguments and returns the status as a Boolean value.</doc>
<status status="PASS" start="2025-11-26T11:12:52.307803" elapsed="0.051426"/>
</kw>
<kw name="Run Keyword If" owner="BuiltIn">
<arg>not ${ok}</arg>
<arg>Click Via JS</arg>
<arg>${locator}</arg>
<doc>Runs the given keyword with the given arguments, if ``condition`` is true.</doc>
<status status="PASS" start="2025-11-26T11:12:52.359229" elapsed="0.000000"/>
</kw>
<arg>${BTN_MARK_DELIVERED}</arg>
<status status="PASS" start="2025-11-26T11:12:52.295671" elapsed="0.063558"/>
</kw>
<kw name="Wait Until Element Is Visible" owner="SeleniumLibrary">
<arg>${MODAL_MARK_DELIVERED}</arg>
<arg>10s</arg>
<doc>Waits until the element ``locator`` is visible.</doc>
<status status="PASS" start="2025-11-26T11:12:52.359229" elapsed="0.024781"/>
</kw>
<kw name="Wait Until Element Is Visible" owner="SeleniumLibrary">
<arg>${BTN_CONFIRM_DELIVERED}</arg>
<arg>10s</arg>
<doc>Waits until the element ``locator`` is visible.</doc>
<status status="PASS" start="2025-11-26T11:12:52.384010" elapsed="0.020842"/>
</kw>
<kw name="Click Element Safely" owner="Happy_Update_To_Shipped">
<kw name="Wait Until Keyword Succeeds" owner="BuiltIn">
<kw name="Element Should Be Visible" owner="SeleniumLibrary">
<msg time="2025-11-26T11:12:52.416975" level="INFO">Element 'xpath=(//*[@role='dialog' or @role='alertdialog'][.//h2[normalize-space(.)='Are you sure?']] //button[normalize-space(.)='Continue'])[1]' is displayed.</msg>
<arg>${locator}</arg>
<doc>Verifies that the element identified by ``locator`` is visible.</doc>
<status status="PASS" start="2025-11-26T11:12:52.404852" elapsed="0.012123"/>
</kw>
<arg>5x</arg>
<arg>1s</arg>
<arg>Element Should Be Visible</arg>
<arg>${locator}</arg>
<doc>Runs the specified keyword and retries if it fails.</doc>
<status status="PASS" start="2025-11-26T11:12:52.404852" elapsed="0.012123"/>
</kw>
<kw name="Run Keyword And Return Status" owner="BuiltIn">
<kw name="Click Element" owner="SeleniumLibrary">
<msg time="2025-11-26T11:12:52.423469" level="INFO">Clicking element 'xpath=(//*[@role='dialog' or @role='alertdialog'][.//h2[normalize-space(.)='Are you sure?']] //button[normalize-space(.)='Continue'])[1]'.</msg>
<arg>${locator}</arg>
<doc>Click the element identified by ``locator``.</doc>
<status status="PASS" start="2025-11-26T11:12:52.416975" elapsed="0.070516"/>
</kw>
<msg time="2025-11-26T11:12:52.487491" level="INFO">${ok} = True</msg>
<var>${ok}</var>
<arg>Click Element</arg>
<arg>${locator}</arg>
<doc>Runs the given keyword with given arguments and returns the status as a Boolean value.</doc>
<status status="PASS" start="2025-11-26T11:12:52.416975" elapsed="0.070516"/>
</kw>
<kw name="Run Keyword If" owner="BuiltIn">
<arg>not ${ok}</arg>
<arg>Click Via JS</arg>
<arg>${locator}</arg>
<doc>Runs the given keyword with the given arguments, if ``condition`` is true.</doc>
<status status="PASS" start="2025-11-26T11:12:52.489795" elapsed="0.000000"/>
</kw>
<arg>${BTN_CONFIRM_DELIVERED}</arg>
<status status="PASS" start="2025-11-26T11:12:52.404852" elapsed="0.084943"/>
</kw>
<kw name="Run Keyword And Ignore Error" owner="BuiltIn">
<kw name="Wait Until Page Does Not Contain Element" owner="SeleniumLibrary">
<arg>${MODAL_MARK_DELIVERED}</arg>
<arg>10s</arg>
<doc>Waits until the element ``locator`` disappears from the current page.</doc>
<status status="PASS" start="2025-11-26T11:12:52.489795" elapsed="0.327320"/>
</kw>
<arg>Wait Until Page Does Not Contain Element</arg>
<arg>${MODAL_MARK_DELIVERED}</arg>
<arg>10s</arg>
<doc>Runs the given keyword with the given arguments and ignores possible error.</doc>
<status status="PASS" start="2025-11-26T11:12:52.489795" elapsed="0.327320"/>
</kw>
<kw name="Wait Until Page Contains" owner="SeleniumLibrary">
<arg>Delivered</arg>
<arg>10s</arg>
<doc>Waits until ``text`` appears on the current page.</doc>
<status status="PASS" start="2025-11-26T11:12:52.817115" elapsed="0.140909"/>
</kw>
<status status="PASS" start="2025-11-26T11:12:50.768886" elapsed="2.190074"/>
</kw>
<kw name="Back To Orders List" owner="Happy_Update_To_Shipped">
<kw name="Go To" owner="SeleniumLibrary">
<msg time="2025-11-26T11:12:52.958960" level="INFO">Opening url 'http://10.34.112.158:9000/app/orders'</msg>
<arg>${ORDER_URL}</arg>
<doc>Navigates the current browser window to the provided ``url``.</doc>
<status status="PASS" start="2025-11-26T11:12:52.958960" elapsed="0.174543"/>
</kw>
<kw name="Wait Until Element Is Visible" owner="SeleniumLibrary">
<arg>${LOC_DASHBOARD_TAG}</arg>
<arg>10s</arg>
<doc>Waits until the element ``locator`` is visible.</doc>
<status status="PASS" start="2025-11-26T11:12:53.134505" elapsed="0.094368"/>
</kw>
<status status="PASS" start="2025-11-26T11:12:52.958960" elapsed="0.269913"/>
</kw>
<kw name="Close All" owner="env">
<kw name="Close All Browsers" owner="SeleniumLibrary">
<doc>Closes all open browsers and resets the browser cache.</doc>
<status status="PASS" start="2025-11-26T11:12:53.232038" elapsed="4.410301"/>
</kw>
<status status="PASS" start="2025-11-26T11:12:53.230938" elapsed="4.411401"/>
</kw>
<kw name="Open Customer Browser" owner="CustomerLogin">
<kw name="Open Browser" owner="SeleniumLibrary">
<msg time="2025-11-26T11:12:57.642339" level="INFO">Opening browser 'chrome' to base url 'about:blank'.</msg>
<arg>about:blank</arg>
<arg>${BROWSER}</arg>
<arg>alias=CUSTOMER</arg>
<doc>Opens a new browser instance to the optional ``url``.</doc>
<status status="PASS" start="2025-11-26T11:12:57.642339" elapsed="1.072019"/>
</kw>
<kw name="Set Window Size" owner="SeleniumLibrary">
<arg>${VIEWPORT_W}</arg>
<arg>${VIEWPORT_H}</arg>
<doc>Sets current windows size to given ``width`` and ``height``.</doc>
<status status="PASS" start="2025-11-26T11:12:58.714358" elapsed="0.350680"/>
</kw>
<kw name="Go To" owner="SeleniumLibrary">
<msg time="2025-11-26T11:12:59.065038" level="INFO">Opening url 'http://10.34.112.158:8000/dk/'</msg>
<arg>${CUSTOMER_URL}</arg>
<doc>Navigates the current browser window to the provided ``url``.</doc>
<status status="PASS" start="2025-11-26T11:12:59.065038" elapsed="0.575415"/>
</kw>
<doc>เปิดเบราว์เซอร์ด้วย alias=CUSTOMER และเข้า http://10.34.112.158:8000/dk/</doc>
<status status="PASS" start="2025-11-26T11:12:57.642339" elapsed="1.999146"/>
</kw>
<kw name="Customer Login" owner="CustomerLogin">
<kw name="Switch Browser" owner="SeleniumLibrary">
<arg>CUSTOMER</arg>
<doc>Switches between active browsers using ``index_or_alias``.</doc>
<status status="PASS" start="2025-11-26T11:12:59.642487" elapsed="0.000000"/>
</kw>
<kw name="Go To" owner="SeleniumLibrary">
<msg time="2025-11-26T11:12:59.642487" level="INFO">Opening url 'http://10.34.112.158:8000/dk/'</msg>
<arg>${CUSTOMER_URL}</arg>
<doc>Navigates the current browser window to the provided ``url``.</doc>
<status status="PASS" start="2025-11-26T11:12:59.642487" elapsed="0.462557"/>
</kw>
<kw name="Customer Page Should Be Visible" owner="CustomerLogin">
<kw name="Switch Browser" owner="SeleniumLibrary">
<arg>CUSTOMER</arg>
<doc>Switches between active browsers using ``index_or_alias``.</doc>
<status status="PASS" start="2025-11-26T11:13:00.107185" elapsed="0.000835"/>
</kw>
<kw name="Wait Until Element Is Visible" owner="SeleniumLibrary">
<arg>${CUS_LOC_NAV_ACCOUNT}</arg>
<arg>10s</arg>
<doc>Waits until the element ``locator`` is visible.</doc>
<status status="PASS" start="2025-11-26T11:13:00.108020" elapsed="0.031325"/>
</kw>
<doc>เช็คว่าหน้า store โหลดแล้ว และมีปุ่ม Account ให้กด</doc>
<status status="PASS" start="2025-11-26T11:13:00.106055" elapsed="0.033290"/>
</kw>
<kw name="Click Element" owner="SeleniumLibrary">
<msg time="2025-11-26T11:13:00.139345" level="INFO">Clicking element 'css=a[data-testid="nav-account-link"]'.</msg>
<arg>${CUS_LOC_NAV_ACCOUNT}</arg>
<doc>Click the element identified by ``locator``.</doc>
<status status="PASS" start="2025-11-26T11:13:00.139345" elapsed="0.065478"/>
</kw>
<kw name="Wait Until Element Is Visible" owner="SeleniumLibrary">
<arg>${CUS_LOC_USERNAME}</arg>
<arg>10s</arg>
<doc>Waits until the element ``locator`` is visible.</doc>
<status status="PASS" start="2025-11-26T11:13:00.205875" elapsed="0.246705"/>
</kw>
<kw name="Input Text" owner="SeleniumLibrary">
<msg time="2025-11-26T11:13:00.452580" level="INFO">Typing text 'eatburger@example.com' into text field 'css=input[name="email"]'.</msg>
<arg>${CUS_LOC_USERNAME}</arg>
<arg>${CUS_USER_HAM}</arg>
<doc>Types the given ``text`` into the text field identified by ``locator``.</doc>
<status status="PASS" start="2025-11-26T11:13:00.452580" elapsed="0.097696"/>
</kw>
<kw name="Input Text" owner="SeleniumLibrary">
<msg time="2025-11-26T11:13:00.550276" level="INFO">Typing text '1234' into text field 'css=input[name="password"]'.</msg>
<arg>${CUS_LOC_PASSWORD}</arg>
<arg>${CUS_PASS_HAM}</arg>
<doc>Types the given ``text`` into the text field identified by ``locator``.</doc>
<status status="PASS" start="2025-11-26T11:13:00.550276" elapsed="0.072879"/>
</kw>
<kw name="Click Button" owner="SeleniumLibrary">
<msg time="2025-11-26T11:13:00.623155" level="INFO">Clicking button 'css=button[type="submit"]'.</msg>
<arg>${CUS_LOC_SUBMIT}</arg>
<doc>Clicks the button identified by ``locator``.</doc>
<status status="PASS" start="2025-11-26T11:13:00.623155" elapsed="0.068428"/>
</kw>
<kw name="Wait Until Element Is Visible" owner="SeleniumLibrary">
<arg>${CUS_LOC_NAV_ACCOUNT}</arg>
<arg>15s</arg>
<doc>Waits until the element ``locator`` is visible.</doc>
<status status="PASS" start="2025-11-26T11:13:00.691583" elapsed="0.015695"/>
</kw>
<arg>${CUS_USER_HAM}</arg>
<arg>${CUS_PASS_HAM}</arg>
<status status="PASS" start="2025-11-26T11:12:59.641485" elapsed="1.065793"/>
</kw>
<kw name="Select Account Menu" owner="CustomerLogin">
<kw name="Switch Browser" owner="SeleniumLibrary">
<arg>CUSTOMER</arg>
<doc>Switches between active browsers using ``index_or_alias``.</doc>
<status status="PASS" start="2025-11-26T11:13:00.719188" elapsed="0.000000"/>
</kw>
<kw name="Set Variable" owner="BuiltIn">
<msg time="2025-11-26T11:13:00.719188" level="INFO">${locator} = xpath=//*[@data-testid="account-nav"]//li[normalize-space(.)='Overview']</msg>
<var>${locator}</var>
<arg>xpath=//*[@data-testid="account-nav"]//li[normalize-space(.)='${menu_name}']</arg>
<doc>Returns the given values which can then be assigned to a variables.</doc>
<status status="PASS" start="2025-11-26T11:13:00.719188" elapsed="0.000000"/>
</kw>
<kw name="Wait Until Element Is Visible" owner="SeleniumLibrary">
<arg>${locator}</arg>
<arg>10s</arg>
<doc>Waits until the element ``locator`` is visible.</doc>
<status status="PASS" start="2025-11-26T11:13:00.719188" elapsed="0.349593"/>
</kw>
<kw name="Click Element" owner="SeleniumLibrary">
<msg time="2025-11-26T11:13:01.069818" level="INFO">Clicking element 'xpath=//*[@data-testid="account-nav"]//li[normalize-space(.)='Overview']'.</msg>
<arg>${locator}</arg>
<doc>Click the element identified by ``locator``.</doc>
<status status="PASS" start="2025-11-26T11:13:01.069818" elapsed="0.043677"/>
</kw>
<arg>Overview</arg>
<doc>menu_name: Profile, Addresses, Orders, Log out</doc>
<status status="PASS" start="2025-11-26T11:13:00.719188" elapsed="0.394307"/>
</kw>
<kw name="Click First Customer Order" owner="CustomerCheckStatus">
<kw name="Wait Until Element Is Visible" owner="SeleniumLibrary">
<arg>xpath=//ul[@data-testid='orders-wrapper']</arg>
<arg>15s</arg>
<doc>Waits until the element ``locator`` is visible.</doc>
<status status="PASS" start="2025-11-26T11:13:01.115274" elapsed="0.567474"/>
</kw>
<kw name="Set Variable" owner="BuiltIn">
<msg time="2025-11-26T11:13:01.683321" level="INFO">${order_first} = xpath=(//li[@data-testid='order-wrapper'])[1]//a</msg>
<var>${order_first}</var>
<arg>xpath=(//li[@data-testid='order-wrapper'])[1]//a</arg>
<doc>Returns the given values which can then be assigned to a variables.</doc>
<status status="PASS" start="2025-11-26T11:13:01.682748" elapsed="0.001084"/>
</kw>
<kw name="Scroll Element Into View" owner="SeleniumLibrary">
<arg>${order_first}</arg>
<doc>Scrolls the element identified by ``locator`` into view.</doc>
<status status="PASS" start="2025-11-26T11:13:01.683832" elapsed="0.266036"/>
</kw>
<kw name="Sleep" owner="BuiltIn">
<msg time="2025-11-26T11:13:02.260541" level="INFO">Slept 300 milliseconds.</msg>
<arg>0.3s</arg>
<doc>Pauses the test executed for the given time.</doc>
<status status="PASS" start="2025-11-26T11:13:01.949868" elapsed="0.310673"/>
</kw>
<kw name="Click Element" owner="SeleniumLibrary">
<msg time="2025-11-26T11:13:02.260541" level="INFO">Clicking element 'xpath=(//li[@data-testid='order-wrapper'])[1]//a'.</msg>
<arg>${order_first}</arg>
<doc>Click the element identified by ``locator``.</doc>
<status status="PASS" start="2025-11-26T11:13:02.260541" elapsed="0.057359"/>
</kw>
<kw name="Log To Console" owner="BuiltIn">
<arg>Clicked first order in customer orders list</arg>
<doc>Logs the given message to the console.</doc>
<status status="PASS" start="2025-11-26T11:13:02.317900" elapsed="0.001004"/>
</kw>
<doc>คลิกออเดอร์รายการแรกสุดในหน้า Customer Account</doc>
<status status="PASS" start="2025-11-26T11:13:01.114254" elapsed="1.204650"/>
</kw>
<kw name="Verify Delivered Order Details" owner="CustomerCheckStatus">
<kw name="Wait Until Element Is Visible" owner="SeleniumLibrary">
<arg>${ORDER_DETAILS_CONTAINER}</arg>
<arg>15s</arg>
<doc>Waits until the element ``locator`` is visible.</doc>
<status status="PASS" start="2025-11-26T11:13:02.319843" elapsed="0.522373"/>
</kw>
<kw name="Scroll Element Into View" owner="SeleniumLibrary">
<arg>${ORDER_DETAILS_CONTAINER}</arg>
<doc>Scrolls the element identified by ``locator`` into view.</doc>
<status status="PASS" start="2025-11-26T11:13:02.843212" elapsed="0.288301"/>
</kw>
<kw name="Sleep" owner="BuiltIn">
<msg time="2025-11-26T11:13:03.634499" level="INFO">Slept 500 milliseconds.</msg>
<arg>0.5s</arg>
<doc>Pauses the test executed for the given time.</doc>
<status status="PASS" start="2025-11-26T11:13:03.131513" elapsed="0.502986"/>
</kw>
<kw name="Page Should Contain" owner="SeleniumLibrary">
<msg time="2025-11-26T11:13:03.643510" level="INFO">Current page contains text 'Order details'.</msg>
<arg>Order details</arg>
<doc>Verifies that current page contains ``text``.</doc>
<status status="PASS" start="2025-11-26T11:13:03.634499" elapsed="0.011730"/>
</kw>
<kw name="Element Should Contain" owner="SeleniumLibrary">
<msg time="2025-11-26T11:13:03.653078" level="INFO">Element 'xpath=//div[@data-testid='order-details-container']' contains text 'Order date:'.</msg>
<arg>${ORDER_DETAILS_CONTAINER}</arg>
<arg>Order date:</arg>
<doc>Verifies that element ``locator`` contains text ``expected``.</doc>
<status status="PASS" start="2025-11-26T11:13:03.646229" elapsed="0.006849"/>
</kw>
<kw name="Element Should Contain" owner="SeleniumLibrary">
<msg time="2025-11-26T11:13:03.676579" level="INFO">Element 'xpath=//div[@data-testid='order-details-container']' contains text 'Order number:'.</msg>
<arg>${ORDER_DETAILS_CONTAINER}</arg>
<arg>Order number:</arg>
<doc>Verifies that element ``locator`` contains text ``expected``.</doc>
<status status="PASS" start="2025-11-26T11:13:03.653078" elapsed="0.023501"/>
</kw>
<kw name="Element Should Contain" owner="SeleniumLibrary">
<msg time="2025-11-26T11:13:03.694837" level="INFO">Element 'xpath=//div[@data-testid='order-details-container']' contains text 'Order status: Delivered'.</msg>
<arg>${ORDER_DETAILS_CONTAINER}</arg>
<arg>Order status: Delivered</arg>
<doc>Verifies that element ``locator`` contains text ``expected``.</doc>
<status status="PASS" start="2025-11-26T11:13:03.676579" elapsed="0.018258"/>
</kw>
<kw name="Element Should Contain" owner="SeleniumLibrary">
<msg time="2025-11-26T11:13:03.707786" level="INFO">Element 'xpath=//div[@data-testid='order-details-container']' contains text 'Payment status: Authorized'.</msg>
<arg>${ORDER_DETAILS_CONTAINER}</arg>
<arg>Payment status: Authorized</arg>
<doc>Verifies that element ``locator`` contains text ``expected``.</doc>
<status status="PASS" start="2025-11-26T11:13:03.694837" elapsed="0.012949"/>
</kw>
<kw name="Element Should Contain" owner="SeleniumLibrary">
<msg time="2025-11-26T11:13:03.725959" level="INFO">Element 'xpath=//div[@data-testid='order-details-container']' contains text 'MU Testing store'.</msg>
<arg>${ORDER_DETAILS_CONTAINER}</arg>
<arg>MU Testing store</arg>
<doc>Verifies that element ``locator`` contains text ``expected``.</doc>
<status status="PASS" start="2025-11-26T11:13:03.707786" elapsed="0.018173"/>
</kw>
<kw name="Element Should Contain" owner="SeleniumLibrary">
<msg time="2025-11-26T11:13:03.747008" level="INFO">Element 'xpath=//div[@data-testid='order-details-container']' contains text 'Variant: M / White'.</msg>
<arg>${ORDER_DETAILS_CONTAINER}</arg>
<arg>Variant: M / White</arg>
<doc>Verifies that element ``locator`` contains text ``expected``.</doc>
<status status="PASS" start="2025-11-26T11:13:03.725959" elapsed="0.021049"/>
</kw>
<kw name="Element Should Contain" owner="SeleniumLibrary">
<msg time="2025-11-26T11:13:03.761285" level="INFO">Element 'xpath=//div[@data-testid='order-details-container']' contains text '2x'.</msg>
<arg>${ORDER_DETAILS_CONTAINER}</arg>
<arg>2x</arg>
<doc>Verifies that element ``locator`` contains text ``expected``.</doc>
<status status="PASS" start="2025-11-26T11:13:03.747008" elapsed="0.014277"/>
</kw>
<kw name="Element Should Contain" owner="SeleniumLibrary">
<msg time="2025-11-26T11:13:03.773477" level="INFO">Element 'xpath=//div[@data-testid='order-details-container']' contains text '€10.00'.</msg>
<arg>${ORDER_DETAILS_CONTAINER}</arg>
<arg>€10.00</arg>
<doc>Verifies that element ``locator`` contains text ``expected``.</doc>
<status status="PASS" start="2025-11-26T11:13:03.761285" elapsed="0.012192"/>
</kw>
<kw name="Element Should Contain" owner="SeleniumLibrary">
<msg time="2025-11-26T11:13:03.785641" level="INFO">Element 'xpath=//div[@data-testid='order-details-container']' contains text '€20.00'.</msg>
<arg>${ORDER_DETAILS_CONTAINER}</arg>
<arg>€20.00</arg>
<doc>Verifies that element ``locator`` contains text ``expected``.</doc>
<status status="PASS" start="2025-11-26T11:13:03.773477" elapsed="0.012164"/>
</kw>
<kw name="Element Should Contain" owner="SeleniumLibrary">
<msg time="2025-11-26T11:13:03.798697" level="INFO">Element 'xpath=//div[@data-testid='order-details-container']' contains text 'Delivery'.</msg>
<arg>${ORDER_DETAILS_CONTAINER}</arg>
<arg>Delivery</arg>
<doc>Verifies that element ``locator`` contains text ``expected``.</doc>
<status status="PASS" start="2025-11-26T11:13:03.785641" elapsed="0.013056"/>
</kw>
<kw name="Element Should Contain" owner="SeleniumLibrary">
<msg time="2025-11-26T11:13:03.810512" level="INFO">Element 'xpath=//div[@data-testid='order-details-container']' contains text 'Hammy Burger'.</msg>
<arg>${ORDER_DETAILS_CONTAINER}</arg>
<arg>Hammy Burger</arg>
<doc>Verifies that element ``locator`` contains text ``expected``.</doc>
<status status="PASS" start="2025-11-26T11:13:03.798697" elapsed="0.011815"/>
</kw>
<kw name="Element Should Contain" owner="SeleniumLibrary">
<msg time="2025-11-26T11:13:03.822681" level="INFO">Element 'xpath=//div[@data-testid='order-details-container']' contains text 'Bangkok'.</msg>
<arg>${ORDER_DETAILS_CONTAINER}</arg>
<arg>Bangkok</arg>
<doc>Verifies that element ``locator`` contains text ``expected``.</doc>
<status status="PASS" start="2025-11-26T11:13:03.810512" elapsed="0.012169"/>
</kw>
<kw name="Element Should Contain" owner="SeleniumLibrary">
<msg time="2025-11-26T11:13:03.850483" level="INFO">Element 'xpath=//div[@data-testid='order-details-container']' contains text '10110, Bangkok'.</msg>
<arg>${ORDER_DETAILS_CONTAINER}</arg>
<arg>10110, Bangkok</arg>
<doc>Verifies that element ``locator`` contains text ``expected``.</doc>
<status status="PASS" start="2025-11-26T11:13:03.822681" elapsed="0.027802"/>
</kw>
<kw name="Element Should Contain" owner="SeleniumLibrary">
<msg time="2025-11-26T11:13:03.865979" level="INFO">Element 'xpath=//div[@data-testid='order-details-container']' contains text 'DK'.</msg>
<arg>${ORDER_DETAILS_CONTAINER}</arg>
<arg>DK</arg>
<doc>Verifies that element ``locator`` contains text ``expected``.</doc>
<status status="PASS" start="2025-11-26T11:13:03.851036" elapsed="0.015506"/>
</kw>
<kw name="Element Should Contain" owner="SeleniumLibrary">
<msg time="2025-11-26T11:13:03.877586" level="INFO">Element 'xpath=//div[@data-testid='order-details-container']' contains text 'Standard (€10.00)'.</msg>
<arg>${ORDER_DETAILS_CONTAINER}</arg>
<arg>Standard (€10.00)</arg>
<doc>Verifies that element ``locator`` contains text ``expected``.</doc>
<status status="PASS" start="2025-11-26T11:13:03.867102" elapsed="0.010484"/>
</kw>
<doc>ตรวจข้อมูลในหน้า order details ว่าตรงกับออเดอร์ Hammy / MU Testing store</doc>
<status status="PASS" start="2025-11-26T11:13:02.319843" elapsed="1.557743"/>
</kw>
<status status="PASS" start="2025-11-26T11:12:44.409935" elapsed="19.467651"/>
</test>
<kw name="Close All Browsers" owner="SeleniumLibrary" type="TEARDOWN">
<doc>Closes all open browsers and resets the browser cache.</doc>
<status status="PASS" start="2025-11-26T11:13:03.877586" elapsed="2.196506"/>
</kw>
<status status="PASS" start="2025-11-26T11:12:42.006156" elapsed="24.067936"/>
</suite>
<statistics>
<total>
<stat pass="1" fail="0" skip="0">All Tests</stat>
</total>
<tag>
</tag>
<suite>
<stat name="Flow4 Order Fulfillment" id="s1" pass="1" fail="0" skip="0">Flow4 Order Fulfillment</stat>
</suite>
</statistics>
<errors>
<msg time="2025-11-26T11:12:42.302974" level="ERROR">Error in file 'c:\Users\HeangKung\Desktop\heartory_project1\project_phase_2\UI_testing\test\flow4_order_fulfillment_tracking\Happy_Update_To_Shipped.robot' on line 7: Setting 'Suite Setup' is not allowed in resource file.</msg>
<msg time="2025-11-26T11:12:42.302974" level="ERROR">Error in file 'c:\Users\HeangKung\Desktop\heartory_project1\project_phase_2\UI_testing\test\flow4_order_fulfillment_tracking\Happy_Update_To_Shipped.robot' on line 8: Setting 'Suite Teardown' is not allowed in resource file.</msg>
<msg time="2025-11-26T11:12:42.308624" level="WARN">Error in file 'c:\Users\HeangKung\Desktop\heartory_project1\project_phase_2\UI_testing\test\flow4_order_fulfillment_tracking\Happy_Update_To_Shipped.robot' on line 182: The '[Return]' setting is deprecated. Use the 'RETURN' statement instead.</msg>
<msg time="2025-11-26T11:12:42.310854" level="ERROR">Error in file 'c:\Users\HeangKung\Desktop\heartory_project1\project_phase_2\UI_testing\test\flow4_order_fulfillment_tracking\Happy_Update_To_Delivered.robot' on line 8: Setting 'Suite Setup' is not allowed in resource file.</msg>
<msg time="2025-11-26T11:12:42.310854" level="ERROR">Error in file 'c:\Users\HeangKung\Desktop\heartory_project1\project_phase_2\UI_testing\test\flow4_order_fulfillment_tracking\Happy_Update_To_Delivered.robot' on line 9: Setting 'Suite Teardown' is not allowed in resource file.</msg>
</errors>
</robot>
