<?xml version="1.0" encoding="UTF-8"?>
<robot generator="Robot 7.3.2 (Python 3.13.5 on win32)" generated="2025-11-25T16:19:30.336810" rpa="false" schemaversion="5">
<suite id="s1" name="SYS 19" source="C:\Users\Asus\OneDrive\Documents\heartory_project1\project_phase_2\UI_testing\test\flow7_product_update_sync\SYS_19.robot">
<kw name="Open Admin Browser" owner="AdminLogin" type="SETUP">
<kw name="Open Browser" owner="SeleniumLibrary">
<msg time="2025-11-25T16:19:30.531675" level="INFO">Opening browser 'chrome' to base url 'about:blank'.</msg>
<arg>about:blank</arg>
<arg>${BROWSER}</arg>
<arg>alias=ADMIN</arg>
<doc>Opens a new browser instance to the optional ``url``.</doc>
<status status="PASS" start="2025-11-25T16:19:30.531514" elapsed="1.152112"/>
</kw>
<kw name="Set Window Size" owner="SeleniumLibrary">
<arg>${VIEWPORT_W}</arg>
<arg>${VIEWPORT_H}</arg>
<doc>Sets current windows size to given ``width`` and ``height``.</doc>
<status status="PASS" start="2025-11-25T16:19:31.683971" elapsed="0.375135"/>
</kw>
<kw name="Go To" owner="SeleniumLibrary">
<msg time="2025-11-25T16:19:32.059515" level="INFO">Opening url 'http://10.34.112.158:9000/app/'</msg>
<arg>${ADMIN_URL}</arg>
<doc>Navigates the current browser window to the provided ``url``.</doc>
<status status="PASS" start="2025-11-25T16:19:32.059323" elapsed="1.402377"/>
</kw>
<doc>เปิดเบราว์เซอร์ด้วย alias=ADMIN และเข้า http://10.34.112.158:9000/app/</doc>
<status status="PASS" start="2025-11-25T16:19:30.531136" elapsed="2.930660"/>
</kw>
<test id="s1-t1" name="TC7.1 Admin Can Update Product Price" line="14">
<kw name="Admin Login" owner="AdminLogin">
<kw name="Go To" owner="SeleniumLibrary">
<msg time="2025-11-25T16:19:33.462828" level="INFO">Opening url 'http://10.34.112.158:9000/app/'</msg>
<arg>${ADMIN_URL}</arg>
<doc>Navigates the current browser window to the provided ``url``.</doc>
<status status="PASS" start="2025-11-25T16:19:33.462715" elapsed="0.165997"/>
</kw>
<kw name="Admin Page Should Be Visible" owner="AdminLogin">
<kw name="Wait Until Element Is Visible" owner="SeleniumLibrary">
<arg>${LOC_USERNAME}</arg>
<doc>Waits until the element ``locator`` is visible.</doc>
<status status="PASS" start="2025-11-25T16:19:33.629059" elapsed="1.103761"/>
</kw>
<status status="PASS" start="2025-11-25T16:19:33.628879" elapsed="1.104160"/>
</kw>
<kw name="Input Text" owner="SeleniumLibrary">
<msg time="2025-11-25T16:19:34.733321" level="INFO">Typing text 'group4@mu-store.local' into text field 'css=input[name="email"]'.</msg>
<arg>${LOC_USERNAME}</arg>
<arg>${user}</arg>
<doc>Types the given ``text`` into the text field identified by ``locator``.</doc>
<status status="PASS" start="2025-11-25T16:19:34.733144" elapsed="0.073956"/>
</kw>
<kw name="Input Text" owner="SeleniumLibrary">
<msg time="2025-11-25T16:19:34.807422" level="INFO">Typing text 'Mp6!dzT3' into text field 'css=input[name="password"]'.</msg>
<arg>${LOC_PASSWORD}</arg>
<arg>${pass}</arg>
<doc>Types the given ``text`` into the text field identified by ``locator``.</doc>
<status status="PASS" start="2025-11-25T16:19:34.807240" elapsed="0.062937"/>
</kw>
<kw name="Click Button" owner="SeleniumLibrary">
<msg time="2025-11-25T16:19:34.870481" level="INFO">Clicking button 'css=button[type="submit"]'.</msg>
<arg>${LOC_SUBMIT}</arg>
<doc>Clicks the button identified by ``locator``.</doc>
<status status="PASS" start="2025-11-25T16:19:34.870316" elapsed="0.054950"/>
</kw>
<kw name="Wait Until Page Contains Element" owner="SeleniumLibrary">
<arg>${LOC_DASHBOARD_TAG}</arg>
<arg>15s</arg>
<doc>Waits until the element ``locator`` appears on the current page.</doc>
<status status="PASS" start="2025-11-25T16:19:34.925400" elapsed="0.358794"/>
</kw>
<arg>${ADMIN_USER}</arg>
<arg>${ADMIN_PASS}</arg>
<status status="PASS" start="2025-11-25T16:19:33.462441" elapsed="1.821896"/>
</kw>
<kw name="Go To Products Page" owner="AdminProduct">
<kw name="Wait Until Element Is Visible" owner="SeleniumLibrary">
<arg>${MENU_PRODUCTS}</arg>
<arg>10s</arg>
<doc>Waits until the element ``locator`` is visible.</doc>
<status status="PASS" start="2025-11-25T16:19:35.285193" elapsed="0.025672"/>
</kw>
<kw name="Click Element" owner="SeleniumLibrary">
<msg time="2025-11-25T16:19:35.311345" level="INFO">Clicking element 'xpath=//a[contains(@class,'flex') and normalize-space()='Products']'.</msg>
<arg>${MENU_PRODUCTS}</arg>
<doc>Click the element identified by ``locator``.</doc>
<status status="PASS" start="2025-11-25T16:19:35.311077" elapsed="0.081841"/>
</kw>
<kw name="Wait Until Element Is Visible" owner="SeleniumLibrary">
<arg>${PRODUCTS_TABLE}</arg>
<arg>10s</arg>
<doc>Waits until the element ``locator`` is visible.</doc>
<status status="PASS" start="2025-11-25T16:19:35.393176" elapsed="0.252237"/>
</kw>
<kw name="Log To Console" owner="BuiltIn">
<arg>เปิดหน้า Products สำเร็จ</arg>
<doc>Logs the given message to the console.</doc>
<status status="PASS" start="2025-11-25T16:19:35.645606" elapsed="0.000289"/>
</kw>
<status status="PASS" start="2025-11-25T16:19:35.284882" elapsed="0.361101"/>
</kw>
<kw name="Open First Product" owner="AdminProduct">
<kw name="Wait Until Element Is Visible" owner="SeleniumLibrary">
<arg>${FIRST_PRODUCT_ROW}</arg>
<arg>10s</arg>
<doc>Waits until the element ``locator`` is visible.</doc>
<status status="PASS" start="2025-11-25T16:19:35.646517" elapsed="0.011894"/>
</kw>
<kw name="Click Element" owner="SeleniumLibrary">
<msg time="2025-11-25T16:19:35.658816" level="INFO">Clicking element 'xpath=(//tbody[contains(@class,'border-ui-border-base')]//tr)[1]'.</msg>
<arg>${FIRST_PRODUCT_ROW}</arg>
<doc>Click the element identified by ``locator``.</doc>
<status status="PASS" start="2025-11-25T16:19:35.658589" elapsed="0.072062"/>
</kw>
<kw name="Sleep" owner="BuiltIn">
<msg time="2025-11-25T16:19:36.731366" level="INFO">Slept 1 second.</msg>
<arg>1s</arg>
<doc>Pauses the test executed for the given time.</doc>
<status status="PASS" start="2025-11-25T16:19:35.730842" elapsed="1.000666"/>
</kw>
<kw name="Log To Console" owner="BuiltIn">
<arg>เปิดสินค้าตัวแรกสำเร็จ</arg>
<doc>Logs the given message to the console.</doc>
<status status="PASS" start="2025-11-25T16:19:36.731717" elapsed="0.000301"/>
</kw>
<status status="PASS" start="2025-11-25T16:19:35.646248" elapsed="1.085869"/>
</kw>
<kw name="Scroll To Variant Section" owner="AdminProduct">
<kw name="Log To Console" owner="BuiltIn">
<arg>เริ่มเลื่อนหา Variants...</arg>
<doc>Logs the given message to the console.</doc>
<status status="PASS" start="2025-11-25T16:19:36.732743" elapsed="0.000189"/>
</kw>
<kw name="Catenate" owner="BuiltIn">
<msg time="2025-11-25T16:19:36.733294" level="INFO">${SCROLL_JS} = const sc = document.querySelector('main.overflow-y-auto');
if (sc) { sc.scrollBy(0, 400); } else { window.scrollBy(0, 400); }</msg>
<var>${SCROLL_JS}</var>
<arg>SEPARATOR=\n</arg>
<arg>const sc = document.querySelector('main.overflow-y-auto');</arg>
<arg>if (sc) { sc.scrollBy(0, 400); } else { window.scrollBy(0, 400); }</arg>
<doc>Catenates the given items together and returns the resulted string.</doc>
<status status="PASS" start="2025-11-25T16:19:36.733088" elapsed="0.000238"/>
</kw>
<for flavor="IN RANGE">
<iter>
<kw name="Execute Javascript" owner="SeleniumLibrary">
<msg time="2025-11-25T16:19:36.734368" level="INFO">Executing JavaScript:
const sc = document.querySelector('main.overflow-y-auto');
if (sc) { sc.scrollBy(0, 400); } else { window.scrollBy(0, 400); }
Without any arguments.</msg>
<arg>${SCROLL_JS}</arg>
<doc>Executes the given JavaScript code with possible arguments.</doc>
<status status="PASS" start="2025-11-25T16:19:36.733932" elapsed="0.006753"/>
</kw>
<kw name="Sleep" owner="BuiltIn">
<msg time="2025-11-25T16:19:37.041370" level="INFO">Slept 300 milliseconds.</msg>
<arg>300ms</arg>
<doc>Pauses the test executed for the given time.</doc>
<status status="PASS" start="2025-11-25T16:19:36.740891" elapsed="0.300604"/>
</kw>
<kw name="Run Keyword And Return Status" owner="BuiltIn">
<kw name="Element Should Be Visible" owner="SeleniumLibrary">
<msg time="2025-11-25T16:19:37.066031" level="INFO">Element 'xpath=//*[normalize-space(.)='Variants']' is displayed.</msg>
<arg>${VARIANTS_HEADER}</arg>
<doc>Verifies that the element identified by ``locator`` is visible.</doc>
<status status="PASS" start="2025-11-25T16:19:37.042194" elapsed="0.023953"/>
</kw>
<msg time="2025-11-25T16:19:37.066304" level="INFO">${found} = True</msg>
<var>${found}</var>
<arg>Element Should Be Visible</arg>
<arg>${VARIANTS_HEADER}</arg>
<doc>Runs the given keyword with given arguments and returns the status as a Boolean value.</doc>
<status status="PASS" start="2025-11-25T16:19:37.041969" elapsed="0.024366"/>
</kw>
<kw name="Exit For Loop If" owner="BuiltIn">
<msg time="2025-11-25T16:19:37.066677" level="INFO">Exiting for loop altogether.</msg>
<arg>${found}</arg>
<doc>Stops executing the enclosing FOR loop if the ``condition`` is true.</doc>
<status status="PASS" start="2025-11-25T16:19:37.066502" elapsed="0.000260"/>
</kw>
<var name="${i}">1</var>
<status status="PASS" start="2025-11-25T16:19:36.733796" elapsed="0.333031"/>
</iter>
<var>${i}</var>
<value>1</value>
<value>12</value>
<status status="PASS" start="2025-11-25T16:19:36.733498" elapsed="0.333394"/>
</for>
<kw name="Wait Until Element Is Visible" owner="SeleniumLibrary">
<arg>${VARIANTS_HEADER}</arg>
<arg>10s</arg>
<doc>Waits until the element ``locator`` is visible.</doc>
<status status="PASS" start="2025-11-25T16:19:37.067037" elapsed="0.017117"/>
</kw>
<kw name="Log To Console" owner="BuiltIn">
<arg>เจอ Variants แล้ว!</arg>
<doc>Logs the given message to the console.</doc>
<status status="PASS" start="2025-11-25T16:19:37.084335" elapsed="0.000324"/>
</kw>
<status status="PASS" start="2025-11-25T16:19:36.732472" elapsed="0.352308"/>
</kw>
<kw name="Open Variants Menu" owner="AdminProduct">
<kw name="Wait Until Element Is Visible" owner="SeleniumLibrary">
<arg>${VARIANT_OPTIONS_BTN}</arg>
<arg>10s</arg>
<doc>Waits until the element ``locator`` is visible.</doc>
<status status="PASS" start="2025-11-25T16:19:37.085335" elapsed="0.017082"/>
</kw>
<kw name="Scroll Element Into View" owner="SeleniumLibrary">
<arg>${VARIANT_OPTIONS_BTN}</arg>
<doc>Scrolls the element identified by ``locator`` into view.</doc>
<status status="PASS" start="2025-11-25T16:19:37.102653" elapsed="0.277519"/>
</kw>
<kw name="Click Element" owner="SeleniumLibrary">
<msg time="2025-11-25T16:19:37.380629" level="INFO">Clicking element 'xpath=//input[@placeholder='Search']/following::button[@aria-haspopup='menu'][1]'.</msg>
<arg>${VARIANT_OPTIONS_BTN}</arg>
<doc>Click the element identified by ``locator``.</doc>
<status status="PASS" start="2025-11-25T16:19:37.380376" elapsed="0.080653"/>
</kw>
<kw name="Wait Until Element Is Visible" owner="SeleniumLibrary">
<arg>${EDIT_PRICE_IN_MENU}</arg>
<arg>10s</arg>
<doc>Waits until the element ``locator`` is visible.</doc>
<status status="PASS" start="2025-11-25T16:19:37.461166" elapsed="0.011107"/>
</kw>
<kw name="Log To Console" owner="BuiltIn">
<arg>เปิดเมนู Variants แล้ว</arg>
<doc>Logs the given message to the console.</doc>
<status status="PASS" start="2025-11-25T16:19:37.472401" elapsed="0.000239"/>
</kw>
<status status="PASS" start="2025-11-25T16:19:37.085062" elapsed="0.387653"/>
</kw>
<kw name="Click Edit Prices" owner="AdminProduct">
<kw name="Wait Until Element Is Visible" owner="SeleniumLibrary">
<arg>${EDIT_PRICE_IN_MENU}</arg>
<arg>10s</arg>
<doc>Waits until the element ``locator`` is visible.</doc>
<status status="PASS" start="2025-11-25T16:19:37.473120" elapsed="0.006656"/>
</kw>
<kw name="Click Element" owner="SeleniumLibrary">
<msg time="2025-11-25T16:19:37.480048" level="INFO">Clicking element 'xpath=//span[normalize-space(.)='Edit prices']'.</msg>
<arg>${EDIT_PRICE_IN_MENU}</arg>
<doc>Click the element identified by ``locator``.</doc>
<status status="PASS" start="2025-11-25T16:19:37.479896" elapsed="0.102303"/>
</kw>
<kw name="Sleep" owner="BuiltIn">
<msg time="2025-11-25T16:19:38.582596" level="INFO">Slept 1 second.</msg>
<arg>1s</arg>
<doc>Pauses the test executed for the given time.</doc>
<status status="PASS" start="2025-11-25T16:19:37.582362" elapsed="1.000359"/>
</kw>
<kw name="Log To Console" owner="BuiltIn">
<arg>เข้าโหมด Bulk Edit Prices แล้ว</arg>
<doc>Logs the given message to the console.</doc>
<status status="PASS" start="2025-11-25T16:19:38.582993" elapsed="0.000299"/>
</kw>
<status status="PASS" start="2025-11-25T16:19:37.472894" elapsed="1.110498"/>
</kw>
<kw name="Update Variant Price" owner="AdminProduct">
<kw name="Log To Console" owner="BuiltIn">
<arg>🔵 เริ่มแก้ราคา Price EUR...</arg>
<doc>Logs the given message to the console.</doc>
<status status="PASS" start="2025-11-25T16:19:38.584136" elapsed="0.000355"/>
</kw>
<kw name="Wait Until Element Is Visible" owner="SeleniumLibrary">
<arg>${PRICE_EUR_CELL}</arg>
<arg>10s</arg>
<doc>Waits until the element ``locator`` is visible.</doc>
<status status="PASS" start="2025-11-25T16:19:38.584668" elapsed="0.022753"/>
</kw>
<kw name="Scroll Element Into View" owner="SeleniumLibrary">
<arg>${PRICE_EUR_CELL}</arg>
<doc>Scrolls the element identified by ``locator`` into view.</doc>
<status status="PASS" start="2025-11-25T16:19:38.607638" elapsed="0.274012"/>
</kw>
<kw name="Sleep" owner="BuiltIn">
<msg time="2025-11-25T16:19:39.182644" level="INFO">Slept 300 milliseconds.</msg>
<arg>300ms</arg>
<doc>Pauses the test executed for the given time.</doc>
<status status="PASS" start="2025-11-25T16:19:38.881870" elapsed="0.300920"/>
</kw>
<kw name="Double Click Element" owner="SeleniumLibrary">
<msg time="2025-11-25T16:19:39.183350" level="INFO">Double clicking element 'xpath=//div[@data-container-id='0:2']'.</msg>
<arg>${PRICE_EUR_CELL}</arg>
<doc>Double clicks the element identified by ``locator``.</doc>
<status status="PASS" start="2025-11-25T16:19:39.183085" elapsed="0.323363"/>
</kw>
<kw name="Sleep" owner="BuiltIn">
<msg time="2025-11-25T16:19:40.007178" level="INFO">Slept 500 milliseconds.</msg>
<arg>500ms</arg>
<doc>Pauses the test executed for the given time.</doc>
<status status="PASS" start="2025-11-25T16:19:39.506589" elapsed="0.500736"/>
</kw>
<kw name="Wait Until Element Is Visible" owner="SeleniumLibrary">
<arg>${PRICE_EUR_INPUT}</arg>
<arg>10s</arg>
<doc>Waits until the element ``locator`` is visible.</doc>
<status status="PASS" start="2025-11-25T16:19:40.007545" elapsed="0.018008"/>
</kw>
<kw name="Click Element" owner="SeleniumLibrary">
<msg time="2025-11-25T16:19:40.026010" level="INFO">Clicking element 'xpath=//input[@data-cell-id='0:2']'.</msg>
<arg>${PRICE_EUR_INPUT}</arg>
<doc>Click the element identified by ``locator``.</doc>
<status status="PASS" start="2025-11-25T16:19:40.025742" elapsed="0.050108"/>
</kw>
<kw name="Sleep" owner="BuiltIn">
<msg time="2025-11-25T16:19:40.276403" level="INFO">Slept 200 milliseconds.</msg>
<arg>200ms</arg>
<doc>Pauses the test executed for the given time.</doc>
<status status="PASS" start="2025-11-25T16:19:40.075992" elapsed="0.200555"/>
</kw>
<kw name="Execute Javascript" owner="SeleniumLibrary">
<msg time="2025-11-25T16:19:40.277199" level="INFO">Executing JavaScript:
document.activeElement.value = "";
Without any arguments.</msg>
<arg>document.activeElement.value = "";</arg>
<doc>Executes the given JavaScript code with possible arguments.</doc>
<status status="PASS" start="2025-11-25T16:19:40.276749" elapsed="0.009411"/>
</kw>
<kw name="Execute Javascript" owner="SeleniumLibrary">
<msg time="2025-11-25T16:19:40.286742" level="INFO">Executing JavaScript:
document.activeElement.dispatchEvent(new Event('input', { bubbles: true }));
Without any arguments.</msg>
<arg>document.activeElement.dispatchEvent(new Event('input', { bubbles: true }));</arg>
<doc>Executes the given JavaScript code with possible arguments.</doc>
<status status="PASS" start="2025-11-25T16:19:40.286350" elapsed="0.006098"/>
</kw>
<kw name="Sleep" owner="BuiltIn">
<msg time="2025-11-25T16:19:40.493352" level="INFO">Slept 200 milliseconds.</msg>
<arg>200ms</arg>
<doc>Pauses the test executed for the given time.</doc>
<status status="PASS" start="2025-11-25T16:19:40.292776" elapsed="0.200754"/>
</kw>
<kw name="Press Keys" owner="SeleniumLibrary">
<msg time="2025-11-25T16:19:40.494452" level="INFO">Sending key(s) ('99.00',) to page.</msg>
<msg time="2025-11-25T16:19:40.494583" level="INFO">Sending keys 99.00</msg>
<arg>None</arg>
<arg>${NEW_PRICE}</arg>
<doc>Simulates the user pressing key(s) to an element or on the active browser.</doc>
<status status="PASS" start="2025-11-25T16:19:40.493780" elapsed="0.062200"/>
</kw>
<kw name="Sleep" owner="BuiltIn">
<msg time="2025-11-25T16:19:40.856770" level="INFO">Slept 300 milliseconds.</msg>
<arg>300ms</arg>
<doc>Pauses the test executed for the given time.</doc>
<status status="PASS" start="2025-11-25T16:19:40.556175" elapsed="0.300735"/>
</kw>
<kw name="Click Button" owner="SeleniumLibrary">
<msg time="2025-11-25T16:19:40.857355" level="INFO">Clicking button 'xpath=//button[normalize-space()='Save']'.</msg>
<arg>${SAVE_BTN}</arg>
<doc>Clicks the button identified by ``locator``.</doc>
<status status="PASS" start="2025-11-25T16:19:40.857095" elapsed="0.101662"/>
</kw>
<kw name="Log To Console" owner="BuiltIn">
<arg>💾 Save แล้ว...</arg>
<doc>Logs the given message to the console.</doc>
<status status="PASS" start="2025-11-25T16:19:40.958914" elapsed="0.000261"/>
</kw>
<kw name="Wait Until Page Contains Element" owner="SeleniumLibrary">
<arg>${SUCCESS_TOAST}</arg>
<arg>15s</arg>
<doc>Waits until the element ``locator`` appears on the current page.</doc>
<status status="PASS" start="2025-11-25T16:19:40.959271" elapsed="0.010647"/>
</kw>
<kw name="Log To Console" owner="BuiltIn">
<arg>✅ อัปเดตราคา Price EUR เป็น ${NEW_PRICE} สำเร็จ!</arg>
<doc>Logs the given message to the console.</doc>
<status status="PASS" start="2025-11-25T16:19:40.970059" elapsed="0.000325"/>
</kw>
<arg>99.00</arg>
<status status="PASS" start="2025-11-25T16:19:38.583812" elapsed="2.386653"/>
</kw>
<kw name="Log To Console" owner="BuiltIn">
<arg>ราคาใหม่อัปเดตแล้ว</arg>
<doc>Logs the given message to the console.</doc>
<status status="PASS" start="2025-11-25T16:19:40.970644" elapsed="0.000207"/>
</kw>
<status status="PASS" start="2025-11-25T16:19:33.461866" elapsed="7.509128"/>
</test>
<kw name="Close All Browsers" owner="SeleniumLibrary" type="TEARDOWN">
<doc>Closes all open browsers and resets the browser cache.</doc>
<status status="PASS" start="2025-11-25T16:19:40.972159" elapsed="2.123061"/>
</kw>
<doc>FLOW 7: Product Update Synchronization</doc>
<status status="PASS" start="2025-11-25T16:19:30.337856" elapsed="12.757476"/>
</suite>
<statistics>
<total>
<stat pass="1" fail="0" skip="0">All Tests</stat>
</total>
<tag>
</tag>
<suite>
<stat name="SYS 19" id="s1" pass="1" fail="0" skip="0">SYS 19</stat>
</suite>
</statistics>
<errors>
<msg time="2025-11-25T16:19:30.530006" level="ERROR">Error in file 'C:\Users\Asus\OneDrive\Documents\heartory_project1\project_phase_2\UI_testing\pages\admin\AdminProduct.robot' on line 3: Resource file '....pagescustomerCuctomerLogin.robot' does not exist.</msg>
</errors>
</robot>
