<?xml version="1.0" encoding="UTF-8"?>
<testsuite xmlns:xsi="http://www.w3.org/2001/XMLSchema-instance" xsi:noNamespaceSchemaLocation="https://maven.apache.org/surefire/maven-surefire-plugin/xsd/surefire-test-report-3.0.xsd" version="3.0" name="com.zetcode.MinesAdapterWinPathTest" time="0.076" tests="8" errors="0" skipped="0" failures="0">
  <properties>
[...]
</properties>
  <testcase name="P6_left_outOfBoard_noop" classname="com.zetcode.MinesAdapterWinPathTest" time="0.046"/>
  <testcase name="P4_right_onCoveredZero_markOnly_noOpen" classname="com.zetcode.MinesAdapterWinPathTest" time="0.003"/>
  <testcase name="P8_middleButton_noop_or_openDependingOnDesign" classname="com.zetcode.MinesAdapterWinPathTest" time="0.004"/>
  <testcase name="P3_right_onMarked_corner_noOpen_toggle" classname="com.zetcode.MinesAdapterWinPathTest" time="0.004"/>
  <testcase name="P5_left_onMarked_lastOne_notWin_noOpen" classname="com.zetcode.MinesAdapterWinPathTest" time="0.003"/>
  <testcase name="P1_left_onCoveredZero_lastOne_wins" classname="com.zetcode.MinesAdapterWinPathTest" time="0.005"/>
  <testcase name="P2_left_onCoveredNumber_lastOne_wins" classname="com.zetcode.MinesAdapterWinPathTest" time="0.004"/>
  <testcase name="P7_left_afterGameOver_noop_or_restartDependingOnDesign" classname="com.zetcode.MinesAdapterWinPathTest" time="0.003"/>
</testsuite>