<?xml version="1.0" encoding="UTF-8"?>
<testsuite xmlns:xsi="http://www.w3.org/2001/XMLSchema-instance" xsi:noNamespaceSchemaLocation="https://maven.apache.org/surefire/maven-surefire-plugin/xsd/surefire-test-report-3.0.xsd" version="3.0" name="com.zetcode.PaintComponentTest" time="0.026" tests="7" errors="0" skipped="0" failures="0">
  <properties>
[...]
</properties>
  <testcase name="testStillPlayingNotWonOrLost" classname="com.zetcode.PaintComponentTest" time="0.015"/>
  <testcase name="testSpriteSelectionCover_whenNotInGame" classname="com.zetcode.PaintComponentTest" time="0.001"/>
  <testcase name="testGameLostStatusDisplayed" classname="com.zetcode.PaintComponentTest" time="0.001"/>
  <testcase name="testGameWonStatusDisplayed" classname="com.zetcode.PaintComponentTest" time="0.001"/>
  <testcase name="testSpriteSelectionMineMarkWrongMark_whenNotInGame" classname="com.zetcode.PaintComponentTest" time="0.002"/>
  <testcase name="testInGameMarkedCellDrawsMarkBranch" classname="com.zetcode.PaintComponentTest" time="0.002"/>
  <testcase name="testInGameTrueThenHitMineDuringPainting" classname="com.zetcode.PaintComponentTest" time="0.001"/>
</testsuite>