<?xml version="1.0" encoding="UTF-8"?>
<robot generator="Robot 7.3.2 (Python 3.13.0 on darwin)" generated="2025-11-26T11:47:07.427299" rpa="false" schemaversion="5">
<suite id="s1" name="TC6 3 error stock changed during checkout" source="/Users/sikkhimlipika/Year3/QA/projectphase2/project_phase_2/UI_testing/test/flow6_out_of_stock_handling/TC6_3_error_stock_changed_during_checkout.robot">
<kw name="Open All BrowsERS" type="SETUP">
<kw name="Open Browser" owner="SeleniumLibrary">
<msg time="2025-11-26T11:47:07.526241" level="INFO">Opening browser 'chrome' to base url 'about:blank'.</msg>
<arg>about:blank</arg>
<arg>chrome</arg>
<doc>Opens a new browser instance to the optional ``url``.</doc>
<status status="PASS" start="2025-11-26T11:47:07.526147" elapsed="1.059386"/>
</kw>
<kw name="Maximize Browser Window" owner="SeleniumLibrary">
<doc>Maximizes current browser window.</doc>
<status status="PASS" start="2025-11-26T11:47:08.586191" elapsed="0.058019"/>
</kw>
<kw name="Set Selenium Timeout" owner="SeleniumLibrary">
<arg>25s</arg>
<doc>Sets the timeout that is used by various keywords.</doc>
<status status="PASS" start="2025-11-26T11:47:08.644341" elapsed="0.000724"/>
</kw>
<kw name="Set Selenium Speed" owner="SeleniumLibrary">
<arg>0.3s</arg>
<doc>Sets the delay that is waited after each Selenium command.</doc>
<status status="PASS" start="2025-11-26T11:47:08.645129" elapsed="0.000110"/>
</kw>
<status status="PASS" start="2025-11-26T11:47:07.525846" elapsed="1.119458"/>
</kw>
<test id="s1-t1" name="TC6_3_Error_Stock_Changed_Between_Orders" line="85">
<kw name="Admin Login">
<kw name="Go To" owner="SeleniumLibrary">
<msg time="2025-11-26T11:47:08.646442" level="INFO">Opening url 'http://10.34.112.158:9000/app/login'</msg>
<arg>${ADMIN_LOGIN_URL}</arg>
<doc>Navigates the current browser window to the provided ``url``.</doc>
<status status="PASS" start="2025-11-26T11:47:08.646377" elapsed="1.140638"/>
</kw>
<kw name="Wait Until Element Is Visible" owner="SeleniumLibrary">
<arg>xpath=//input[@name='email']</arg>
<arg>20s</arg>
<doc>Waits until the element ``locator`` is visible.</doc>
<status status="PASS" start="2025-11-26T11:47:09.787722" elapsed="0.631348"/>
</kw>
<kw name="Input Text" owner="SeleniumLibrary">
<msg time="2025-11-26T11:47:10.419653" level="INFO">Typing text 'group4@mu-store.local' into text field 'xpath=//input[@name='email']'.</msg>
<arg>xpath=//input[@name='email']</arg>
<arg>${ADMIN_USER}</arg>
<doc>Types the given ``text`` into the text field identified by ``locator``.</doc>
<status status="PASS" start="2025-11-26T11:47:10.419338" elapsed="1.054566"/>
</kw>
<kw name="Input Text" owner="SeleniumLibrary">
<msg time="2025-11-26T11:47:11.474490" level="INFO">Typing text 'Mp6!dzT3' into text field 'xpath=//input[@name='password']'.</msg>
<arg>xpath=//input[@name='password']</arg>
<arg>${ADMIN_PASS}</arg>
<doc>Types the given ``text`` into the text field identified by ``locator``.</doc>
<status status="PASS" start="2025-11-26T11:47:11.474162" elapsed="0.994744"/>
</kw>
<kw name="Click Button" owner="SeleniumLibrary">
<msg time="2025-11-26T11:47:12.470614" level="INFO">Clicking button 'xpath=//button[contains(.,'Continue with Email')]'.</msg>
<arg>xpath=//button[contains(.,'Continue with Email')]</arg>
<doc>Clicks the button identified by ``locator``.</doc>
<status status="PASS" start="2025-11-26T11:47:12.469736" elapsed="1.578665"/>
</kw>
<kw name="Wait Until Page Contains Element" owner="SeleniumLibrary">
<arg>${ADMIN_MENU_PRODUCTS}</arg>
<arg>30s</arg>
<doc>Waits until the element ``locator`` appears on the current page.</doc>
<status status="PASS" start="2025-11-26T11:47:14.048991" elapsed="0.895115"/>
</kw>
<status status="PASS" start="2025-11-26T11:47:08.646237" elapsed="6.298384"/>
</kw>
<kw name="Admin Get Product Stock">
<kw name="Admin Open Inventory Item Detail">
<kw name="Admin Open Product Detail">
<kw name="Admin Go To Products Page">
<kw name="Click Element" owner="SeleniumLibrary">
<msg time="2025-11-26T11:47:14.949018" level="INFO">Clicking element 'xpath=//a[@data-testid='nav-products-link' or contains(@href,'/products')]'.</msg>
<arg>${ADMIN_MENU_PRODUCTS}</arg>
<doc>Click the element identified by ``locator``.</doc>
<status status="PASS" start="2025-11-26T11:47:14.948652" elapsed="0.701565"/>
</kw>
<kw name="Wait Until Location Contains" owner="SeleniumLibrary">
<arg>/products</arg>
<arg>20s</arg>
<doc>Waits until the current URL contains ``expected``.</doc>
<status status="PASS" start="2025-11-26T11:47:15.650478" elapsed="0.310402"/>
</kw>
<kw name="Sleep" owner="BuiltIn">
<msg time="2025-11-26T11:47:17.963106" level="INFO">Slept 2 seconds.</msg>
<arg>2s</arg>
<doc>Pauses the test executed for the given time.</doc>
<status status="PASS" start="2025-11-26T11:47:15.961509" elapsed="2.002087"/>
</kw>
<status status="PASS" start="2025-11-26T11:47:14.948332" elapsed="3.015649"/>
</kw>
<kw name="Set Variable" owner="BuiltIn">
<msg time="2025-11-26T11:47:17.965513" level="INFO">${product_locator} = xpath=//span[normalize-space(.)='dolly2']/ancestor::a[@data-row-link='true'][1]</msg>
<var>${product_locator}</var>
<arg>xpath=//span[normalize-space(.)='${product_name}']/ancestor::a[@data-row-link='true'][1]</arg>
<doc>Returns the given values which can then be assigned to a variables.</doc>
<status status="PASS" start="2025-11-26T11:47:17.964525" elapsed="0.001078"/>
</kw>
<for flavor="IN RANGE">
<iter>
<kw name="Run Keyword And Return Status" owner="BuiltIn">
<kw name="Wait Until Element Is Visible" owner="SeleniumLibrary">
<msg time="2025-11-26T11:47:21.471493" level="INFO" html="true">&lt;/td&gt;&lt;/tr&gt;&lt;tr&gt;&lt;td colspan="3"&gt;&lt;a href="selenium-screenshot-26.png"&gt;&lt;img src="selenium-screenshot-26.png" width="800px"&gt;&lt;/a&gt;</msg>
<msg time="2025-11-26T11:47:21.471626" level="FAIL">Element 'xpath=//span[normalize-space(.)='dolly2']/ancestor::a[@data-row-link='true'][1]' not visible after 3 seconds.</msg>
<arg>${product_locator}</arg>
<arg>3s</arg>
<doc>Waits until the element ``locator`` is visible.</doc>
<status status="FAIL" start="2025-11-26T11:47:17.968086" elapsed="3.514387">Element 'xpath=//span[normalize-space(.)='dolly2']/ancestor::a[@data-row-link='true'][1]' not visible after 3 seconds.</status>
</kw>
<msg time="2025-11-26T11:47:21.482589" level="INFO">${found} = False</msg>
<var>${found}</var>
<arg>Wait Until Element Is Visible</arg>
<arg>${product_locator}</arg>
<arg>3s</arg>
<doc>Runs the given keyword with given arguments and returns the status as a Boolean value.</doc>
<status status="PASS" start="2025-11-26T11:47:17.967619" elapsed="3.514988"/>
</kw>
<if>
<branch type="IF" condition="${found}">
<kw name="Scroll Element Into View" owner="SeleniumLibrary">
<arg>${product_locator}</arg>
<doc>Scrolls the element identified by ``locator`` into view.</doc>
<status status="NOT RUN" start="2025-11-26T11:47:21.482791" elapsed="0.000018"/>
</kw>
<kw name="Click Element With Retry">
<arg>${product_locator}</arg>
<status status="NOT RUN" start="2025-11-26T11:47:21.482887" elapsed="0.000016"/>
</kw>
<kw name="Wait Until Page Contains Element" owner="SeleniumLibrary">
<arg>xpath=//h1[contains(normalize-space(.),'${product_name}')]</arg>
<doc>Waits until the element ``locator`` appears on the current page.</doc>
<status status="NOT RUN" start="2025-11-26T11:47:21.482947" elapsed="0.000011"/>
</kw>
<kw name="Exit For Loop" owner="BuiltIn">
<doc>Stops executing the enclosing FOR loop.</doc>
<status status="NOT RUN" start="2025-11-26T11:47:21.483000" elapsed="0.000011"/>
</kw>
<status status="NOT RUN" start="2025-11-26T11:47:21.482681" elapsed="0.000343"/>
</branch>
<status status="PASS" start="2025-11-26T11:47:21.482660" elapsed="0.000389"/>
</if>
<kw name="Run Keyword And Return Status" owner="BuiltIn">
<kw name="Page Should Contain Element" owner="SeleniumLibrary">
<msg time="2025-11-26T11:47:21.794216" level="INFO">Current page contains element 'xpath=(//button[normalize-space(.)='Next'])[last()]'.</msg>
<arg>${ADMIN_BTN_NEXT}</arg>
<doc>Verifies that element ``locator`` is found on the current page.</doc>
<status status="PASS" start="2025-11-26T11:47:21.483168" elapsed="0.311575"/>
</kw>
<msg time="2025-11-26T11:47:21.795608" level="INFO">${has_next} = True</msg>
<var>${has_next}</var>
<arg>Page Should Contain Element</arg>
<arg>${ADMIN_BTN_NEXT}</arg>
<doc>Runs the given keyword with given arguments and returns the status as a Boolean value.</doc>
<status status="PASS" start="2025-11-26T11:47:21.483093" elapsed="0.312610"/>
</kw>
<if>
<branch type="IF" condition="not ${has_next}">
<kw name="Fail" owner="BuiltIn">
<arg>Product '${product_name}' not found in any Products page (no Next button).</arg>
<doc>Fails the test with the given message and optionally alters its tags.</doc>
<status status="NOT RUN" start="2025-11-26T11:47:21.796923" elapsed="0.000103"/>
</kw>
<status status="NOT RUN" start="2025-11-26T11:47:21.796135" elapsed="0.001011"/>
</branch>
<status status="PASS" start="2025-11-26T11:47:21.796019" elapsed="0.001259"/>
</if>
<kw name="Run Keyword And Return Status" owner="BuiltIn">
<kw name="Element Should Be Disabled" owner="SeleniumLibrary">
<msg time="2025-11-26T11:47:23.187262" level="INFO" html="true">&lt;/td&gt;&lt;/tr&gt;&lt;tr&gt;&lt;td colspan="3"&gt;&lt;a href="selenium-screenshot-27.png"&gt;&lt;img src="selenium-screenshot-27.png" width="800px"&gt;&lt;/a&gt;</msg>
<msg time="2025-11-26T11:47:23.187933" level="FAIL">Element 'xpath=(//button[normalize-space(.)='Next'])[last()]' is enabled.</msg>
<arg>${ADMIN_BTN_NEXT}</arg>
<doc>Verifies that element identified by ``locator`` is disabled.</doc>
<status status="FAIL" start="2025-11-26T11:47:21.798014" elapsed="1.392683">Element 'xpath=(//button[normalize-space(.)='Next'])[last()]' is enabled.</status>
</kw>
<msg time="2025-11-26T11:47:23.191079" level="INFO">${is_disabled} = False</msg>
<var>${is_disabled}</var>
<arg>Element Should Be Disabled</arg>
<arg>${ADMIN_BTN_NEXT}</arg>
<doc>Runs the given keyword with given arguments and returns the status as a Boolean value.</doc>
<status status="PASS" start="2025-11-26T11:47:21.797540" elapsed="1.393586"/>
</kw>
<if>
<branch type="IF" condition="${is_disabled}">
<kw name="Fail" owner="BuiltIn">
<arg>Product '${product_name}' not found in any Products page (Next disabled on last page).</arg>
<doc>Fails the test with the given message and optionally alters its tags.</doc>
<status status="NOT RUN" start="2025-11-26T11:47:23.191764" elapsed="0.000058"/>
</kw>
<status status="NOT RUN" start="2025-11-26T11:47:23.191401" elapsed="0.000484"/>
</branch>
<status status="PASS" start="2025-11-26T11:47:23.191327" elapsed="0.000638"/>
</if>
<kw name="Click Element With Retry">
<kw name="Wait Until Keyword Succeeds" owner="BuiltIn">
<kw name="Scroll And Click Element">
<kw name="Wait Until Element Is Visible" owner="SeleniumLibrary">
<arg>${locator}</arg>
<arg>20s</arg>
<doc>Waits until the element ``locator`` is visible.</doc>
<status status="PASS" start="2025-11-26T11:47:23.193563" elapsed="0.630344"/>
</kw>
<kw name="Scroll Element Into View" owner="SeleniumLibrary">
<arg>${locator}</arg>
<doc>Scrolls the element identified by ``locator`` into view.</doc>
<status status="PASS" start="2025-11-26T11:47:23.824625" elapsed="0.913474"/>
</kw>
<kw name="Sleep" owner="BuiltIn">
<msg time="2025-11-26T11:47:25.239633" level="INFO">Slept 500 milliseconds.</msg>
<arg>0.5s</arg>
<doc>Pauses the test executed for the given time.</doc>
<status status="PASS" start="2025-11-26T11:47:24.738688" elapsed="0.501426"/>
</kw>
<kw name="Click Element" owner="SeleniumLibrary">
<msg time="2025-11-26T11:47:25.241689" level="INFO">Clicking element 'xpath=(//button[normalize-space(.)='Next'])[last()]'.</msg>
<arg>${locator}</arg>
<doc>Click the element identified by ``locator``.</doc>
<status status="PASS" start="2025-11-26T11:47:25.240778" elapsed="0.703397"/>
</kw>
<arg>${locator}</arg>
<status status="PASS" start="2025-11-26T11:47:23.193223" elapsed="2.751429"/>
</kw>
<arg>3x</arg>
<arg>2s</arg>
<arg>Scroll And Click Element</arg>
<arg>${locator}</arg>
<doc>Runs the specified keyword and retries if it fails.</doc>
<status status="PASS" start="2025-11-26T11:47:23.192794" elapsed="2.752062"/>
</kw>
<arg>${ADMIN_BTN_NEXT}</arg>
<status status="PASS" start="2025-11-26T11:47:23.192244" elapsed="2.752814"/>
</kw>
<kw name="Sleep" owner="BuiltIn">
<msg time="2025-11-26T11:47:26.748045" level="INFO">Slept 800 milliseconds.</msg>
<arg>0.8s</arg>
<doc>Pauses the test executed for the given time.</doc>
<status status="PASS" start="2025-11-26T11:47:25.945531" elapsed="0.803000"/>
</kw>
<var name="${i}">0</var>
<status status="PASS" start="2025-11-26T11:47:17.967233" elapsed="8.781558"/>
</iter>
<iter>
<kw name="Run Keyword And Return Status" owner="BuiltIn">
<kw name="Wait Until Element Is Visible" owner="SeleniumLibrary">
<msg time="2025-11-26T11:47:30.277436" level="INFO" html="true">&lt;/td&gt;&lt;/tr&gt;&lt;tr&gt;&lt;td colspan="3"&gt;&lt;a href="selenium-screenshot-28.png"&gt;&lt;img src="selenium-screenshot-28.png" width="800px"&gt;&lt;/a&gt;</msg>
<msg time="2025-11-26T11:47:30.277936" level="FAIL">Element 'xpath=//span[normalize-space(.)='dolly2']/ancestor::a[@data-row-link='true'][1]' not visible after 3 seconds.</msg>
<arg>${product_locator}</arg>
<arg>3s</arg>
<doc>Waits until the element ``locator`` is visible.</doc>
<status status="FAIL" start="2025-11-26T11:47:26.750733" elapsed="3.529232">Element 'xpath=//span[normalize-space(.)='dolly2']/ancestor::a[@data-row-link='true'][1]' not visible after 3 seconds.</status>
</kw>
<msg time="2025-11-26T11:47:30.280291" level="INFO">${found} = False</msg>
<var>${found}</var>
<arg>Wait Until Element Is Visible</arg>
<arg>${product_locator}</arg>
<arg>3s</arg>
<doc>Runs the given keyword with given arguments and returns the status as a Boolean value.</doc>
<status status="PASS" start="2025-11-26T11:47:26.750331" elapsed="3.530005"/>
</kw>
<if>
<branch type="IF" condition="${found}">
<kw name="Scroll Element Into View" owner="SeleniumLibrary">
<arg>${product_locator}</arg>
<doc>Scrolls the element identified by ``locator`` into view.</doc>
<status status="NOT RUN" start="2025-11-26T11:47:30.280927" elapsed="0.000055"/>
</kw>
<kw name="Click Element With Retry">
<arg>${product_locator}</arg>
<status status="NOT RUN" start="2025-11-26T11:47:30.281266" elapsed="0.000057"/>
</kw>
<kw name="Wait Until Page Contains Element" owner="SeleniumLibrary">
<arg>xpath=//h1[contains(normalize-space(.),'${product_name}')]</arg>
<doc>Waits until the element ``locator`` appears on the current page.</doc>
<status status="NOT RUN" start="2025-11-26T11:47:30.281467" elapsed="0.000034"/>
</kw>
<kw name="Exit For Loop" owner="BuiltIn">
<doc>Stops executing the enclosing FOR loop.</doc>
<status status="NOT RUN" start="2025-11-26T11:47:30.281631" elapsed="0.000033"/>
</kw>
<status status="NOT RUN" start="2025-11-26T11:47:30.280582" elapsed="0.001129"/>
</branch>
<status status="PASS" start="2025-11-26T11:47:30.280521" elapsed="0.001266"/>
</if>
<kw name="Run Keyword And Return Status" owner="BuiltIn">
<kw name="Page Should Contain Element" owner="SeleniumLibrary">
<msg time="2025-11-26T11:47:30.596558" level="INFO">Current page contains element 'xpath=(//button[normalize-space(.)='Next'])[last()]'.</msg>
<arg>${ADMIN_BTN_NEXT}</arg>
<doc>Verifies that element ``locator`` is found on the current page.</doc>
<status status="PASS" start="2025-11-26T11:47:30.282154" elapsed="0.314909"/>
</kw>
<msg time="2025-11-26T11:47:30.597671" level="INFO">${has_next} = True</msg>
<var>${has_next}</var>
<arg>Page Should Contain Element</arg>
<arg>${ADMIN_BTN_NEXT}</arg>
<doc>Runs the given keyword with given arguments and returns the status as a Boolean value.</doc>
<status status="PASS" start="2025-11-26T11:47:30.281917" elapsed="0.315848"/>
</kw>
<if>
<branch type="IF" condition="not ${has_next}">
<kw name="Fail" owner="BuiltIn">
<arg>Product '${product_name}' not found in any Products page (no Next button).</arg>
<doc>Fails the test with the given message and optionally alters its tags.</doc>
<status status="NOT RUN" start="2025-11-26T11:47:30.599046" elapsed="0.000106"/>
</kw>
<status status="NOT RUN" start="2025-11-26T11:47:30.598158" elapsed="0.001114"/>
</branch>
<status status="PASS" start="2025-11-26T11:47:30.598038" elapsed="0.001359"/>
</if>
<kw name="Run Keyword And Return Status" owner="BuiltIn">
<kw name="Element Should Be Disabled" owner="SeleniumLibrary">
<msg time="2025-11-26T11:47:31.976032" level="INFO" html="true">&lt;/td&gt;&lt;/tr&gt;&lt;tr&gt;&lt;td colspan="3"&gt;&lt;a href="selenium-screenshot-29.png"&gt;&lt;img src="selenium-screenshot-29.png" width="800px"&gt;&lt;/a&gt;</msg>
<msg time="2025-11-26T11:47:31.976433" level="FAIL">Element 'xpath=(//button[normalize-space(.)='Next'])[last()]' is enabled.</msg>
<arg>${ADMIN_BTN_NEXT}</arg>
<doc>Verifies that element identified by ``locator`` is disabled.</doc>
<status status="FAIL" start="2025-11-26T11:47:30.601097" elapsed="1.376394">Element 'xpath=(//button[normalize-space(.)='Next'])[last()]' is enabled.</status>
</kw>
<msg time="2025-11-26T11:47:31.977888" level="INFO">${is_disabled} = False</msg>
<var>${is_disabled}</var>
<arg>Element Should Be Disabled</arg>
<arg>${ADMIN_BTN_NEXT}</arg>
<doc>Runs the given keyword with given arguments and returns the status as a Boolean value.</doc>
<status status="PASS" start="2025-11-26T11:47:30.600592" elapsed="1.377392"/>
</kw>
<if>
<branch type="IF" condition="${is_disabled}">
<kw name="Fail" owner="BuiltIn">
<arg>Product '${product_name}' not found in any Products page (Next disabled on last page).</arg>
<doc>Fails the test with the given message and optionally alters its tags.</doc>
<status status="NOT RUN" start="2025-11-26T11:47:31.978450" elapsed="0.000045"/>
</kw>
<status status="NOT RUN" start="2025-11-26T11:47:31.978185" elapsed="0.000368"/>
</branch>
<status status="PASS" start="2025-11-26T11:47:31.978144" elapsed="0.000458"/>
</if>
<kw name="Click Element With Retry">
<kw name="Wait Until Keyword Succeeds" owner="BuiltIn">
<kw name="Scroll And Click Element">
<kw name="Wait Until Element Is Visible" owner="SeleniumLibrary">
<arg>${locator}</arg>
<arg>20s</arg>
<doc>Waits until the element ``locator`` is visible.</doc>
<status status="PASS" start="2025-11-26T11:47:31.979773" elapsed="0.628753"/>
</kw>
<kw name="Scroll Element Into View" owner="SeleniumLibrary">
<arg>${locator}</arg>
<doc>Scrolls the element identified by ``locator`` into view.</doc>
<status status="PASS" start="2025-11-26T11:47:32.609085" elapsed="0.885953"/>
</kw>
<kw name="Sleep" owner="BuiltIn">
<msg time="2025-11-26T11:47:33.998525" level="INFO">Slept 500 milliseconds.</msg>
<arg>0.5s</arg>
<doc>Pauses the test executed for the given time.</doc>
<status status="PASS" start="2025-11-26T11:47:33.495681" elapsed="0.503280"/>
</kw>
<kw name="Click Element" owner="SeleniumLibrary">
<msg time="2025-11-26T11:47:34.000447" level="INFO">Clicking element 'xpath=(//button[normalize-space(.)='Next'])[last()]'.</msg>
<arg>${locator}</arg>
<doc>Click the element identified by ``locator``.</doc>
<status status="PASS" start="2025-11-26T11:47:33.999590" elapsed="0.693184"/>
</kw>
<arg>${locator}</arg>
<status status="PASS" start="2025-11-26T11:47:31.979490" elapsed="2.713673"/>
</kw>
<arg>3x</arg>
<arg>2s</arg>
<arg>Scroll And Click Element</arg>
<arg>${locator}</arg>
<doc>Runs the specified keyword and retries if it fails.</doc>
<status status="PASS" start="2025-11-26T11:47:31.979186" elapsed="2.714088"/>
</kw>
<arg>${ADMIN_BTN_NEXT}</arg>
<status status="PASS" start="2025-11-26T11:47:31.978795" elapsed="2.714694"/>
</kw>
<kw name="Sleep" owner="BuiltIn">
<msg time="2025-11-26T11:47:35.496766" level="INFO">Slept 800 milliseconds.</msg>
<arg>0.8s</arg>
<doc>Pauses the test executed for the given time.</doc>
<status status="PASS" start="2025-11-26T11:47:34.693826" elapsed="0.803386"/>
</kw>
<var name="${i}">1</var>
<status status="PASS" start="2025-11-26T11:47:26.749911" elapsed="8.751389"/>
</iter>
<iter>
<kw name="Run Keyword And Return Status" owner="BuiltIn">
<kw name="Wait Until Element Is Visible" owner="SeleniumLibrary">
<arg>${product_locator}</arg>
<arg>3s</arg>
<doc>Waits until the element ``locator`` is visible.</doc>
<status status="PASS" start="2025-11-26T11:47:35.503058" elapsed="0.632747"/>
</kw>
<msg time="2025-11-26T11:47:36.136511" level="INFO">${found} = True</msg>
<var>${found}</var>
<arg>Wait Until Element Is Visible</arg>
<arg>${product_locator}</arg>
<arg>3s</arg>
<doc>Runs the given keyword with given arguments and returns the status as a Boolean value.</doc>
<status status="PASS" start="2025-11-26T11:47:35.502688" elapsed="0.633939"/>
</kw>
<if>
<branch type="IF" condition="${found}">
<kw name="Scroll Element Into View" owner="SeleniumLibrary">
<arg>${product_locator}</arg>
<doc>Scrolls the element identified by ``locator`` into view.</doc>
<status status="PASS" start="2025-11-26T11:47:36.137684" elapsed="0.891867"/>
</kw>
<kw name="Click Element With Retry">
<kw name="Wait Until Keyword Succeeds" owner="BuiltIn">
<kw name="Scroll And Click Element">
<kw name="Wait Until Element Is Visible" owner="SeleniumLibrary">
<arg>${locator}</arg>
<arg>20s</arg>
<doc>Waits until the element ``locator`` is visible.</doc>
<status status="PASS" start="2025-11-26T11:47:37.032590" elapsed="0.632216"/>
</kw>
<kw name="Scroll Element Into View" owner="SeleniumLibrary">
<arg>${locator}</arg>
<doc>Scrolls the element identified by ``locator`` into view.</doc>
<status status="PASS" start="2025-11-26T11:47:37.665542" elapsed="0.885403"/>
</kw>
<kw name="Sleep" owner="BuiltIn">
<msg time="2025-11-26T11:47:39.054052" level="INFO">Slept 500 milliseconds.</msg>
<arg>0.5s</arg>
<doc>Pauses the test executed for the given time.</doc>
<status status="PASS" start="2025-11-26T11:47:38.551649" elapsed="0.502795"/>
</kw>
<kw name="Click Element" owner="SeleniumLibrary">
<msg time="2025-11-26T11:47:39.055755" level="INFO">Clicking element 'xpath=//span[normalize-space(.)='dolly2']/ancestor::a[@data-row-link='true'][1]'.</msg>
<arg>${locator}</arg>
<doc>Click the element identified by ``locator``.</doc>
<status status="PASS" start="2025-11-26T11:47:39.054991" elapsed="0.695383"/>
</kw>
<arg>${locator}</arg>
<status status="PASS" start="2025-11-26T11:47:37.032195" elapsed="2.718300"/>
</kw>
<arg>3x</arg>
<arg>2s</arg>
<arg>Scroll And Click Element</arg>
<arg>${locator}</arg>
<doc>Runs the specified keyword and retries if it fails.</doc>
<status status="PASS" start="2025-11-26T11:47:37.031720" elapsed="2.718817"/>
</kw>
<arg>${product_locator}</arg>
<status status="PASS" start="2025-11-26T11:47:37.030452" elapsed="2.720123"/>
</kw>
<kw name="Wait Until Page Contains Element" owner="SeleniumLibrary">
<arg>xpath=//h1[contains(normalize-space(.),'${product_name}')]</arg>
<doc>Waits until the element ``locator`` appears on the current page.</doc>
<status status="PASS" start="2025-11-26T11:47:39.750674" elapsed="0.312352"/>
</kw>
<kw name="Exit For Loop" owner="BuiltIn">
<msg time="2025-11-26T11:47:40.063883" level="INFO">Exiting for loop altogether.</msg>
<doc>Stops executing the enclosing FOR loop.</doc>
<status status="PASS" start="2025-11-26T11:47:40.063552" elapsed="0.000513"/>
</kw>
<status status="PASS" start="2025-11-26T11:47:36.137045" elapsed="3.927109"/>
</branch>
<status status="PASS" start="2025-11-26T11:47:36.136934" elapsed="3.927333"/>
</if>
<kw name="Run Keyword And Return Status" owner="BuiltIn">
<var>${has_next}</var>
<arg>Page Should Contain Element</arg>
<arg>${ADMIN_BTN_NEXT}</arg>
<doc>Runs the given keyword with given arguments and returns the status as a Boolean value.</doc>
<status status="NOT RUN" start="2025-11-26T11:47:40.064469" elapsed="0.000047"/>
</kw>
<if>
<branch type="IF" condition="not ${has_next}">
<kw name="Fail" owner="BuiltIn">
<arg>Product '${product_name}' not found in any Products page (no Next button).</arg>
<doc>Fails the test with the given message and optionally alters its tags.</doc>
<status status="NOT RUN" start="2025-11-26T11:47:40.064821" elapsed="0.000041"/>
</kw>
<status status="NOT RUN" start="2025-11-26T11:47:40.064674" elapsed="0.000245"/>
</branch>
<status status="NOT RUN" start="2025-11-26T11:47:40.064633" elapsed="0.000337"/>
</if>
<kw name="Run Keyword And Return Status" owner="BuiltIn">
<var>${is_disabled}</var>
<arg>Element Should Be Disabled</arg>
<arg>${ADMIN_BTN_NEXT}</arg>
<doc>Runs the given keyword with given arguments and returns the status as a Boolean value.</doc>
<status status="NOT RUN" start="2025-11-26T11:47:40.065072" elapsed="0.000033"/>
</kw>
<if>
<branch type="IF" condition="${is_disabled}">
<kw name="Fail" owner="BuiltIn">
<arg>Product '${product_name}' not found in any Products page (Next disabled on last page).</arg>
<doc>Fails the test with the given message and optionally alters its tags.</doc>
<status status="NOT RUN" start="2025-11-26T11:47:40.065549" elapsed="0.000031"/>
</kw>
<status status="NOT RUN" start="2025-11-26T11:47:40.065434" elapsed="0.000196"/>
</branch>
<status status="NOT RUN" start="2025-11-26T11:47:40.065405" elapsed="0.000272"/>
</if>
<kw name="Click Element With Retry">
<arg>${ADMIN_BTN_NEXT}</arg>
<status status="NOT RUN" start="2025-11-26T11:47:40.065909" elapsed="0.000049"/>
</kw>
<kw name="Sleep" owner="BuiltIn">
<arg>0.8s</arg>
<doc>Pauses the test executed for the given time.</doc>
<status status="NOT RUN" start="2025-11-26T11:47:40.066067" elapsed="0.000030"/>
</kw>
<var name="${i}">2</var>
<status status="PASS" start="2025-11-26T11:47:35.502356" elapsed="4.563794"/>
</iter>
<var>${i}</var>
<value>10</value>
<status status="PASS" start="2025-11-26T11:47:17.965959" elapsed="22.100281"/>
</for>
<arg>${product_name}</arg>
<status status="PASS" start="2025-11-26T11:47:14.947960" elapsed="25.118457"/>
</kw>
<kw name="Wait Until Element Is Visible" owner="SeleniumLibrary">
<arg>${ADMIN_VARIANT_INVENTORY_CELL}</arg>
<arg>15s</arg>
<doc>Waits until the element ``locator`` is visible.</doc>
<status status="PASS" start="2025-11-26T11:47:40.066556" elapsed="0.633972"/>
</kw>
<kw name="Scroll Element Into View" owner="SeleniumLibrary">
<arg>${ADMIN_VARIANT_INVENTORY_CELL}</arg>
<doc>Scrolls the element identified by ``locator`` into view.</doc>
<status status="PASS" start="2025-11-26T11:47:40.701285" elapsed="0.886723"/>
</kw>
<kw name="Click Element With Retry">
<kw name="Wait Until Keyword Succeeds" owner="BuiltIn">
<kw name="Scroll And Click Element">
<kw name="Wait Until Element Is Visible" owner="SeleniumLibrary">
<arg>${locator}</arg>
<arg>20s</arg>
<doc>Waits until the element ``locator`` is visible.</doc>
<status status="PASS" start="2025-11-26T11:47:41.591417" elapsed="0.629880"/>
</kw>
<kw name="Scroll Element Into View" owner="SeleniumLibrary">
<arg>${locator}</arg>
<doc>Scrolls the element identified by ``locator`` into view.</doc>
<status status="PASS" start="2025-11-26T11:47:42.222043" elapsed="0.884207"/>
</kw>
<kw name="Sleep" owner="BuiltIn">
<msg time="2025-11-26T11:47:43.608801" level="INFO">Slept 500 milliseconds.</msg>
<arg>0.5s</arg>
<doc>Pauses the test executed for the given time.</doc>
<status status="PASS" start="2025-11-26T11:47:43.107007" elapsed="0.502226"/>
</kw>
<kw name="Click Element" owner="SeleniumLibrary">
<msg time="2025-11-26T11:47:43.610708" level="INFO">Clicking element 'xpath=//tbody//tr[1]//span[contains(normalize-space(.),'available at')]'.</msg>
<arg>${locator}</arg>
<doc>Click the element identified by ``locator``.</doc>
<status status="PASS" start="2025-11-26T11:47:43.609824" elapsed="0.696891"/>
</kw>
<arg>${locator}</arg>
<status status="PASS" start="2025-11-26T11:47:41.590767" elapsed="2.716102"/>
</kw>
<arg>3x</arg>
<arg>2s</arg>
<arg>Scroll And Click Element</arg>
<arg>${locator}</arg>
<doc>Runs the specified keyword and retries if it fails.</doc>
<status status="PASS" start="2025-11-26T11:47:41.590118" elapsed="2.716874"/>
</kw>
<arg>${ADMIN_VARIANT_INVENTORY_CELL}</arg>
<status status="PASS" start="2025-11-26T11:47:41.588944" elapsed="2.718148"/>
</kw>
<kw name="Wait Until Element Is Visible" owner="SeleniumLibrary">
<arg>${ADMIN_INVENTORY_ITEM_ROW_LINK}</arg>
<arg>15s</arg>
<doc>Waits until the element ``locator`` is visible.</doc>
<status status="PASS" start="2025-11-26T11:47:44.307232" elapsed="0.627222"/>
</kw>
<kw name="Scroll Element Into View" owner="SeleniumLibrary">
<arg>${ADMIN_INVENTORY_ITEM_ROW_LINK}</arg>
<doc>Scrolls the element identified by ``locator`` into view.</doc>
<status status="PASS" start="2025-11-26T11:47:44.935078" elapsed="0.883663"/>
</kw>
<kw name="Click Element With Retry">
<kw name="Wait Until Keyword Succeeds" owner="BuiltIn">
<kw name="Scroll And Click Element">
<kw name="Wait Until Element Is Visible" owner="SeleniumLibrary">
<arg>${locator}</arg>
<arg>20s</arg>
<doc>Waits until the element ``locator`` is visible.</doc>
<status status="PASS" start="2025-11-26T11:47:45.822190" elapsed="0.630682"/>
</kw>
<kw name="Scroll Element Into View" owner="SeleniumLibrary">
<arg>${locator}</arg>
<doc>Scrolls the element identified by ``locator`` into view.</doc>
<status status="PASS" start="2025-11-26T11:47:46.453633" elapsed="0.883338"/>
</kw>
<kw name="Sleep" owner="BuiltIn">
<msg time="2025-11-26T11:47:47.839517" level="INFO">Slept 500 milliseconds.</msg>
<arg>0.5s</arg>
<doc>Pauses the test executed for the given time.</doc>
<status status="PASS" start="2025-11-26T11:47:47.337727" elapsed="0.502254"/>
</kw>
<kw name="Click Element" owner="SeleniumLibrary">
<msg time="2025-11-26T11:47:47.841463" level="INFO">Clicking element 'xpath=(//table//tbody//tr[1]//a[@data-row-link='true'])[1]'.</msg>
<arg>${locator}</arg>
<doc>Click the element identified by ``locator``.</doc>
<status status="PASS" start="2025-11-26T11:47:47.840574" elapsed="0.673245"/>
</kw>
<arg>${locator}</arg>
<status status="PASS" start="2025-11-26T11:47:45.821578" elapsed="2.692411"/>
</kw>
<arg>3x</arg>
<arg>2s</arg>
<arg>Scroll And Click Element</arg>
<arg>${locator}</arg>
<doc>Runs the specified keyword and retries if it fails.</doc>
<status status="PASS" start="2025-11-26T11:47:45.820898" elapsed="2.693165"/>
</kw>
<arg>${ADMIN_INVENTORY_ITEM_ROW_LINK}</arg>
<status status="PASS" start="2025-11-26T11:47:45.819692" elapsed="2.694444"/>
</kw>
<kw name="Wait Until Page Contains Element" owner="SeleniumLibrary">
<arg>xpath=//h1[contains(normalize-space(.),'Details')]</arg>
<arg>15s</arg>
<doc>Waits until the element ``locator`` appears on the current page.</doc>
<status status="PASS" start="2025-11-26T11:47:48.514294" elapsed="0.318093"/>
</kw>
<kw name="Wait Until Page Contains Element" owner="SeleniumLibrary">
<arg>xpath=//h1[normalize-space(.)='Locations']</arg>
<arg>15s</arg>
<doc>Waits until the element ``locator`` appears on the current page.</doc>
<status status="PASS" start="2025-11-26T11:47:48.832992" elapsed="0.319279"/>
</kw>
<arg>${product_name}</arg>
<status status="PASS" start="2025-11-26T11:47:14.947062" elapsed="34.205636"/>
</kw>
<kw name="Set Variable" owner="BuiltIn">
<msg time="2025-11-26T11:47:49.154022" level="INFO">${stock_cell_locator} = xpath=//table[.//th[normalize-space(.)='Location']]//tbody//tr[.//span[normalize-space(.)='Sweden Warehouse']]//td[4]//span</msg>
<var>${stock_cell_locator}</var>
<arg>xpath=//table[.//th[normalize-space(.)='Location']]//tbody//tr[.//span[normalize-space(.)='${location_name}']]//td[4]//span</arg>
<doc>Returns the given values which can then be assigned to a variables.</doc>
<status status="PASS" start="2025-11-26T11:47:49.153178" elapsed="0.000948"/>
</kw>
<kw name="Wait Until Element Is Visible" owner="SeleniumLibrary">
<arg>${stock_cell_locator}</arg>
<arg>25s</arg>
<doc>Waits until the element ``locator`` is visible.</doc>
<status status="PASS" start="2025-11-26T11:47:49.154435" elapsed="0.631158"/>
</kw>
<kw name="Scroll Element Into View" owner="SeleniumLibrary">
<arg>${stock_cell_locator}</arg>
<doc>Scrolls the element identified by ``locator`` into view.</doc>
<status status="PASS" start="2025-11-26T11:47:49.786266" elapsed="0.880412"/>
</kw>
<kw name="Get Text" owner="SeleniumLibrary">
<msg time="2025-11-26T11:47:51.307475" level="INFO">${text} = 7</msg>
<var>${text}</var>
<arg>${stock_cell_locator}</arg>
<doc>Returns the text value of the element identified by ``locator``.</doc>
<status status="PASS" start="2025-11-26T11:47:50.667445" elapsed="0.640191"/>
</kw>
<kw name="Convert To Integer" owner="BuiltIn">
<msg time="2025-11-26T11:47:51.309083" level="INFO">${stock} = 7</msg>
<var>${stock}</var>
<arg>${text}</arg>
<doc>Converts the given item to an integer number.</doc>
<status status="PASS" start="2025-11-26T11:47:51.308243" elapsed="0.000923"/>
</kw>
<return>
<value>${stock}</value>
<status status="PASS" start="2025-11-26T11:47:51.309434" elapsed="0.001667"/>
</return>
<msg time="2025-11-26T11:47:51.311433" level="INFO">${available_before} = 7</msg>
<var>${available_before}</var>
<arg>${PRODUCT_NAME}</arg>
<arg>${LOCATION_NAME}</arg>
<status status="PASS" start="2025-11-26T11:47:14.945690" elapsed="36.365782"/>
</kw>
<kw name="Log To Console" owner="BuiltIn">
<arg>[ADMIN] Available ปัจจุบัน (${LOCATION_NAME}) ก่อนเริ่ม = ${available_before}</arg>
<doc>Logs the given message to the console.</doc>
<status status="PASS" start="2025-11-26T11:47:51.311826" elapsed="0.000456"/>
</kw>
<kw name="Should Be True" owner="BuiltIn">
<arg>${available_before} &gt;= 5</arg>
<doc>Fails if the given condition is not true.</doc>
<status status="PASS" start="2025-11-26T11:47:51.312459" elapsed="0.000427"/>
</kw>
<kw name="Set Variable" owner="BuiltIn">
<msg time="2025-11-26T11:47:51.313225" level="INFO">${qty_first} = 3</msg>
<var>${qty_first}</var>
<arg>3</arg>
<doc>Returns the given values which can then be assigned to a variables.</doc>
<status status="PASS" start="2025-11-26T11:47:51.313058" elapsed="0.000206"/>
</kw>
<kw name="Log To Console" owner="BuiltIn">
<arg>[TEST] รอบแรก ลูกค้าจะซื้อจำนวน ${qty_first} ชิ้น</arg>
<doc>Logs the given message to the console.</doc>
<status status="PASS" start="2025-11-26T11:47:51.313424" elapsed="0.000193"/>
</kw>
<kw name="Customer Login As Eatburger">
<kw name="Go To" owner="SeleniumLibrary">
<msg time="2025-11-26T11:47:51.314663" level="INFO">Opening url 'http://10.34.112.158:8000/dk'</msg>
<arg>${STORE_HOME_URL}</arg>
<doc>Navigates the current browser window to the provided ``url``.</doc>
<status status="PASS" start="2025-11-26T11:47:51.314493" elapsed="0.860979"/>
</kw>
<kw name="Wait Until Element Is Visible" owner="SeleniumLibrary">
<arg>${BTN_ACCOUNT_OR_LOGIN}</arg>
<doc>Waits until the element ``locator`` is visible.</doc>
<status status="PASS" start="2025-11-26T11:47:52.175699" elapsed="0.626707"/>
</kw>
<kw name="Click Element With Retry">
<kw name="Wait Until Keyword Succeeds" owner="BuiltIn">
<kw name="Scroll And Click Element">
<kw name="Wait Until Element Is Visible" owner="SeleniumLibrary">
<arg>${locator}</arg>
<arg>20s</arg>
<doc>Waits until the element ``locator`` is visible.</doc>
<status status="PASS" start="2025-11-26T11:47:52.805900" elapsed="0.628738"/>
</kw>
<kw name="Scroll Element Into View" owner="SeleniumLibrary">
<arg>${locator}</arg>
<doc>Scrolls the element identified by ``locator`` into view.</doc>
<status status="PASS" start="2025-11-26T11:47:53.435044" elapsed="0.897940"/>
</kw>
<kw name="Sleep" owner="BuiltIn">
<msg time="2025-11-26T11:47:54.835877" level="INFO">Slept 500 milliseconds.</msg>
<arg>0.5s</arg>
<doc>Pauses the test executed for the given time.</doc>
<status status="PASS" start="2025-11-26T11:47:54.333747" elapsed="0.502272"/>
</kw>
<kw name="Click Element" owner="SeleniumLibrary">
<msg time="2025-11-26T11:47:54.836379" level="INFO">Clicking element 'xpath=//a[contains(.,'Account') or contains(.,'Sign in') or contains(.,'Log in')] | //button[contains(.,'Account') or contains(.,'Sign in') or contains(.,'Log in')]'.</msg>
<arg>${locator}</arg>
<doc>Click the element identified by ``locator``.</doc>
<status status="PASS" start="2025-11-26T11:47:54.836172" elapsed="0.656558"/>
</kw>
<arg>${locator}</arg>
<status status="PASS" start="2025-11-26T11:47:52.805222" elapsed="2.687599"/>
</kw>
<arg>3x</arg>
<arg>2s</arg>
<arg>Scroll And Click Element</arg>
<arg>${locator}</arg>
<doc>Runs the specified keyword and retries if it fails.</doc>
<status status="PASS" start="2025-11-26T11:47:52.804532" elapsed="2.688322"/>
</kw>
<arg>${BTN_ACCOUNT_OR_LOGIN}</arg>
<status status="PASS" start="2025-11-26T11:47:52.803342" elapsed="2.689542"/>
</kw>
<kw name="Run Keyword And Return Status" owner="BuiltIn">
<kw name="Wait Until Element Is Visible" owner="SeleniumLibrary">
<arg>${LOGIN_EMAIL_INPUT}</arg>
<arg>5s</arg>
<doc>Waits until the element ``locator`` is visible.</doc>
<status status="PASS" start="2025-11-26T11:47:55.493059" elapsed="1.133241"/>
</kw>
<msg time="2025-11-26T11:47:56.626880" level="INFO">${login_form_visible} = True</msg>
<var>${login_form_visible}</var>
<arg>Wait Until Element Is Visible</arg>
<arg>${LOGIN_EMAIL_INPUT}</arg>
<arg>5s</arg>
<doc>Runs the given keyword with given arguments and returns the status as a Boolean value.</doc>
<status status="PASS" start="2025-11-26T11:47:55.492964" elapsed="1.134023"/>
</kw>
<if>
<branch type="IF" condition="${login_form_visible}">
<kw name="Log To Console" owner="BuiltIn">
<arg>[CUSTOMER] Login form visible → กรอก email/password</arg>
<doc>Logs the given message to the console.</doc>
<status status="PASS" start="2025-11-26T11:47:56.627923" elapsed="0.000542"/>
</kw>
<kw name="Input Text" owner="SeleniumLibrary">
<msg time="2025-11-26T11:47:56.629289" level="INFO">Typing text 'eatburger@example.com' into text field 'css=input[name="email"]'.</msg>
<arg>${LOGIN_EMAIL_INPUT}</arg>
<arg>${CUSTOMER_EMAIL}</arg>
<doc>Types the given ``text`` into the text field identified by ``locator``.</doc>
<status status="PASS" start="2025-11-26T11:47:56.628776" elapsed="1.003582"/>
</kw>
<kw name="Input Text" owner="SeleniumLibrary">
<msg time="2025-11-26T11:47:57.633345" level="INFO">Typing text '1234' into text field 'css=input[type="password"]'.</msg>
<arg>${LOGIN_PASSWORD_INPUT}</arg>
<arg>${CUSTOMER_PASSWORD}</arg>
<doc>Types the given ``text`` into the text field identified by ``locator``.</doc>
<status status="PASS" start="2025-11-26T11:47:57.632896" elapsed="0.982547"/>
</kw>
<kw name="Click Element With Retry">
<kw name="Wait Until Keyword Succeeds" owner="BuiltIn">
<kw name="Scroll And Click Element">
<kw name="Wait Until Element Is Visible" owner="SeleniumLibrary">
<arg>${locator}</arg>
<arg>20s</arg>
<doc>Waits until the element ``locator`` is visible.</doc>
<status status="PASS" start="2025-11-26T11:47:58.617650" elapsed="0.634131"/>
</kw>
<kw name="Scroll Element Into View" owner="SeleniumLibrary">
<arg>${locator}</arg>
<doc>Scrolls the element identified by ``locator`` into view.</doc>
<status status="PASS" start="2025-11-26T11:47:59.252473" elapsed="0.888116"/>
</kw>
<kw name="Sleep" owner="BuiltIn">
<msg time="2025-11-26T11:48:00.643290" level="INFO">Slept 500 milliseconds.</msg>
<arg>0.5s</arg>
<doc>Pauses the test executed for the given time.</doc>
<status status="PASS" start="2025-11-26T11:48:00.141271" elapsed="0.502500"/>
</kw>
<kw name="Click Element" owner="SeleniumLibrary">
<msg time="2025-11-26T11:48:00.645339" level="INFO">Clicking element 'xpath=//button[normalize-space(.)='Continue'] | //button[contains(normalize-space(.),'Sign in')]'.</msg>
<arg>${locator}</arg>
<doc>Click the element identified by ``locator``.</doc>
<status status="PASS" start="2025-11-26T11:48:00.644430" elapsed="0.675319"/>
</kw>
<arg>${locator}</arg>
<status status="PASS" start="2025-11-26T11:47:58.617237" elapsed="2.702819"/>
</kw>
<arg>3x</arg>
<arg>2s</arg>
<arg>Scroll And Click Element</arg>
<arg>${locator}</arg>
<doc>Runs the specified keyword and retries if it fails.</doc>
<status status="PASS" start="2025-11-26T11:47:58.616793" elapsed="2.703459"/>
</kw>
<arg>${LOGIN_SUBMIT_BTN}</arg>
<status status="PASS" start="2025-11-26T11:47:58.616027" elapsed="2.704351"/>
</kw>
<kw name="Sleep" owner="BuiltIn">
<msg time="2025-11-26T11:48:02.821903" level="INFO">Slept 1 second 500 milliseconds.</msg>
<arg>1.5s</arg>
<doc>Pauses the test executed for the given time.</doc>
<status status="PASS" start="2025-11-26T11:48:01.320606" elapsed="1.501774"/>
</kw>
<status status="PASS" start="2025-11-26T11:47:56.627356" elapsed="6.195269"/>
</branch>
<branch type="ELSE">
<kw name="Log To Console" owner="BuiltIn">
<arg>[CUSTOMER] ดูเหมือนล็อกอินอยู่แล้ว → ข้ามการกรอกฟอร์ม</arg>
<doc>Logs the given message to the console.</doc>
<status status="NOT RUN" start="2025-11-26T11:48:02.823369" elapsed="0.000099"/>
</kw>
<kw name="Sleep" owner="BuiltIn">
<arg>1s</arg>
<doc>Pauses the test executed for the given time.</doc>
<status status="NOT RUN" start="2025-11-26T11:48:02.823792" elapsed="0.000919"/>
</kw>
<status status="NOT RUN" start="2025-11-26T11:48:02.822828" elapsed="0.001994"/>
</branch>
<status status="PASS" start="2025-11-26T11:47:56.627261" elapsed="6.197643"/>
</if>
<doc>ล็อกอิน eatburger; ถ้า login form ไม่ขึ้น แปลว่าอาจล็อกอินอยู่แล้ว → ข้ามการกรอก</doc>
<status status="PASS" start="2025-11-26T11:47:51.314125" elapsed="11.510963"/>
</kw>
<kw name="Customer Buy Product With Quantity">
<kw name="Customer Open Product In Store With Pagination">
<kw name="Go To" owner="SeleniumLibrary">
<msg time="2025-11-26T11:48:02.827458" level="INFO">Opening url 'http://10.34.112.158:8000/dk/store'</msg>
<arg>${STORE_STORE_URL}</arg>
<doc>Navigates the current browser window to the provided ``url``.</doc>
<status status="PASS" start="2025-11-26T11:48:02.827233" elapsed="1.104794"/>
</kw>
<kw name="Wait Until Page Contains Element" owner="SeleniumLibrary">
<arg>xpath=//h1[@data-testid='store-page-title']</arg>
<doc>Waits until the element ``locator`` appears on the current page.</doc>
<status status="PASS" start="2025-11-26T11:48:03.932164" elapsed="0.311386"/>
</kw>
<kw name="Wait Until Store Products Loaded">
<kw name="Wait Until Page Does Not Contain Element" owner="SeleniumLibrary">
<arg>xpath=//div[contains(@class,'skeleton')]</arg>
<arg>30s</arg>
<doc>Waits until the element ``locator`` disappears from the current page.</doc>
<status status="PASS" start="2025-11-26T11:48:04.245035" elapsed="0.320380"/>
</kw>
<kw name="Sleep" owner="BuiltIn">
<msg time="2025-11-26T11:48:05.566655" level="INFO">Slept 1 second.</msg>
<arg>1s</arg>
<doc>Pauses the test executed for the given time.</doc>
<status status="PASS" start="2025-11-26T11:48:04.565972" elapsed="1.000969"/>
</kw>
<doc>รอให้ skeleton หาย เพื่อให้การ์ดสินค้าขึ้นครบ</doc>
<status status="PASS" start="2025-11-26T11:48:04.244271" elapsed="1.322896"/>
</kw>
<kw name="Set Variable" owner="BuiltIn">
<msg time="2025-11-26T11:48:05.567846" level="INFO">${current_page} = 1</msg>
<var>${current_page}</var>
<arg>1</arg>
<doc>Returns the given values which can then be assigned to a variables.</doc>
<status status="PASS" start="2025-11-26T11:48:05.567470" elapsed="0.000410"/>
</kw>
<kw name="Set Variable" owner="BuiltIn">
<msg time="2025-11-26T11:48:05.568169" level="INFO">${max_pages} = 6</msg>
<var>${max_pages}</var>
<arg>6</arg>
<doc>Returns the given values which can then be assigned to a variables.</doc>
<status status="PASS" start="2025-11-26T11:48:05.568016" elapsed="0.000182"/>
</kw>
<kw name="Search Product In Current Page">
<kw name="Set Variable" owner="BuiltIn">
<msg time="2025-11-26T11:48:05.569118" level="INFO">${product_locator} = xpath=//p[@data-testid='product-title' and normalize-space(.)='dolly2']/ancestor::a[1]</msg>
<var>${product_locator}</var>
<arg>xpath=//p[@data-testid='product-title' and normalize-space(.)='${product_name}']/ancestor::a[1]</arg>
<doc>Returns the given values which can then be assigned to a variables.</doc>
<status status="PASS" start="2025-11-26T11:48:05.568918" elapsed="0.000229"/>
</kw>
<kw name="Run Keyword And Return Status" owner="BuiltIn">
<kw name="Wait Until Element Is Visible" owner="SeleniumLibrary">
<msg time="2025-11-26T11:48:11.152294" level="INFO" html="true">&lt;/td&gt;&lt;/tr&gt;&lt;tr&gt;&lt;td colspan="3"&gt;&lt;a href="selenium-screenshot-30.png"&gt;&lt;img src="selenium-screenshot-30.png" width="800px"&gt;&lt;/a&gt;</msg>
<msg time="2025-11-26T11:48:11.152861" level="FAIL">Element 'xpath=//p[@data-testid='product-title' and normalize-space(.)='dolly2']/ancestor::a[1]' not visible after 5 seconds.</msg>
<arg>${product_locator}</arg>
<arg>5s</arg>
<doc>Waits until the element ``locator`` is visible.</doc>
<status status="FAIL" start="2025-11-26T11:48:05.569439" elapsed="5.585496">Element 'xpath=//p[@data-testid='product-title' and normalize-space(.)='dolly2']/ancestor::a[1]' not visible after 5 seconds.</status>
</kw>
<msg time="2025-11-26T11:48:11.155315" level="INFO">${found} = False</msg>
<var>${found}</var>
<arg>Wait Until Element Is Visible</arg>
<arg>${product_locator}</arg>
<arg>5s</arg>
<doc>Runs the given keyword with given arguments and returns the status as a Boolean value.</doc>
<status status="PASS" start="2025-11-26T11:48:05.569271" elapsed="5.586091"/>
</kw>
<if>
<branch type="IF" condition="${found}">
<kw name="Log To Console" owner="BuiltIn">
<arg>Found product ${product_name} in current page</arg>
<doc>Logs the given message to the console.</doc>
<status status="NOT RUN" start="2025-11-26T11:48:11.156051" elapsed="0.000054"/>
</kw>
<kw name="Scroll Element Into View" owner="SeleniumLibrary">
<arg>${product_locator}</arg>
<doc>Scrolls the element identified by ``locator`` into view.</doc>
<status status="NOT RUN" start="2025-11-26T11:48:11.156257" elapsed="0.000036"/>
</kw>
<kw name="Sleep" owner="BuiltIn">
<arg>0.5s</arg>
<doc>Pauses the test executed for the given time.</doc>
<status status="NOT RUN" start="2025-11-26T11:48:11.156409" elapsed="0.000034"/>
</kw>
<kw name="Click Element With Retry">
<arg>${product_locator}</arg>
<status status="NOT RUN" start="2025-11-26T11:48:11.156763" elapsed="0.000054"/>
</kw>
<kw name="Sleep" owner="BuiltIn">
<arg>1s</arg>
<doc>Pauses the test executed for the given time.</doc>
<status status="NOT RUN" start="2025-11-26T11:48:11.156923" elapsed="0.000030"/>
</kw>
<return>
<value>True</value>
<status status="NOT RUN" start="2025-11-26T11:48:11.157043" elapsed="0.000073"/>
</return>
<status status="NOT RUN" start="2025-11-26T11:48:11.155643" elapsed="0.001557"/>
</branch>
<status status="PASS" start="2025-11-26T11:48:11.155559" elapsed="0.001703"/>
</if>
<kw name="Log To Console" owner="BuiltIn">
<arg>${product_name} not found in current page</arg>
<doc>Logs the given message to the console.</doc>
<status status="PASS" start="2025-11-26T11:48:11.157363" elapsed="0.000391"/>
</kw>
<return>
<value>False</value>
<status status="PASS" start="2025-11-26T11:48:11.157824" elapsed="0.000065"/>
</return>
<msg time="2025-11-26T11:48:11.158050" level="INFO">${found} = False</msg>
<var>${found}</var>
<arg>${product_name}</arg>
<doc>หา product ตามชื่อในหน้าปัจจุบัน ถ้าเจอจะ Scroll + Click แล้ว return True</doc>
<status status="PASS" start="2025-11-26T11:48:05.568579" elapsed="5.589509"/>
</kw>
<if>
<branch type="IF" condition="${found}">
<return>
<status status="NOT RUN" start="2025-11-26T11:48:11.158452" elapsed="0.000025"/>
</return>
<status status="NOT RUN" start="2025-11-26T11:48:11.158209" elapsed="0.000309"/>
</branch>
<status status="PASS" start="2025-11-26T11:48:11.158186" elapsed="0.000370"/>
</if>
<while condition="${current_page} &lt; ${max_pages}">
<iter>
<kw name="Evaluate" owner="BuiltIn">
<msg time="2025-11-26T11:48:11.159621" level="INFO">${next_page} = 2</msg>
<var>${next_page}</var>
<arg>${current_page} + 1</arg>
<doc>Evaluates the given expression in Python and returns the result.</doc>
<status status="PASS" start="2025-11-26T11:48:11.159348" elapsed="0.000304"/>
</kw>
<kw name="Log To Console" owner="BuiltIn">
<arg>Trying page ${next_page} for product ${product_name}...</arg>
<doc>Logs the given message to the console.</doc>
<status status="PASS" start="2025-11-26T11:48:11.159759" elapsed="0.000193"/>
</kw>
<kw name="Set Variable" owner="BuiltIn">
<msg time="2025-11-26T11:48:11.160247" level="INFO">${next_btn_locator} = xpath=//button[normalize-space()='2']</msg>
<var>${next_btn_locator}</var>
<arg>xpath=//button[normalize-space()='${next_page}']</arg>
<doc>Returns the given values which can then be assigned to a variables.</doc>
<status status="PASS" start="2025-11-26T11:48:11.160051" elapsed="0.000224"/>
</kw>
<kw name="Run Keyword And Return Status" owner="BuiltIn">
<kw name="Wait Until Element Is Visible" owner="SeleniumLibrary">
<arg>${next_btn_locator}</arg>
<arg>5s</arg>
<doc>Waits until the element ``locator`` is visible.</doc>
<status status="PASS" start="2025-11-26T11:48:11.160555" elapsed="0.631786"/>
</kw>
<msg time="2025-11-26T11:48:11.794336" level="INFO">${next_exists} = True</msg>
<var>${next_exists}</var>
<arg>Wait Until Element Is Visible</arg>
<arg>${next_btn_locator}</arg>
<arg>5s</arg>
<doc>Runs the given keyword with given arguments and returns the status as a Boolean value.</doc>
<status status="PASS" start="2025-11-26T11:48:11.160393" elapsed="0.634067"/>
</kw>
<if>
<branch type="IF" condition="not ${next_exists}">
<kw name="Fail" owner="BuiltIn">
<arg>Cannot find pagination button for page ${next_page}. Product ${product_name} not found.</arg>
<doc>Fails the test with the given message and optionally alters its tags.</doc>
<status status="NOT RUN" start="2025-11-26T11:48:11.795643" elapsed="0.000062"/>
</kw>
<status status="NOT RUN" start="2025-11-26T11:48:11.794886" elapsed="0.000888"/>
</branch>
<status status="PASS" start="2025-11-26T11:48:11.794775" elapsed="0.001083"/>
</if>
<kw name="Click Element With Retry">
<kw name="Wait Until Keyword Succeeds" owner="BuiltIn">
<kw name="Scroll And Click Element">
<kw name="Wait Until Element Is Visible" owner="SeleniumLibrary">
<arg>${locator}</arg>
<arg>20s</arg>
<doc>Waits until the element ``locator`` is visible.</doc>
<status status="PASS" start="2025-11-26T11:48:11.797517" elapsed="0.622853"/>
</kw>
<kw name="Scroll Element Into View" owner="SeleniumLibrary">
<arg>${locator}</arg>
<doc>Scrolls the element identified by ``locator`` into view.</doc>
<status status="PASS" start="2025-11-26T11:48:12.420516" elapsed="0.900833"/>
</kw>
<kw name="Sleep" owner="BuiltIn">
<msg time="2025-11-26T11:48:13.824769" level="INFO">Slept 500 milliseconds.</msg>
<arg>0.5s</arg>
<doc>Pauses the test executed for the given time.</doc>
<status status="PASS" start="2025-11-26T11:48:13.321857" elapsed="0.503336"/>
</kw>
<kw name="Click Element" owner="SeleniumLibrary">
<msg time="2025-11-26T11:48:13.826658" level="INFO">Clicking element 'xpath=//button[normalize-space()='2']'.</msg>
<arg>${locator}</arg>
<doc>Click the element identified by ``locator``.</doc>
<status status="PASS" start="2025-11-26T11:48:13.825809" elapsed="0.669792"/>
</kw>
<arg>${locator}</arg>
<status status="PASS" start="2025-11-26T11:48:11.797180" elapsed="2.698745"/>
</kw>
<arg>3x</arg>
<arg>2s</arg>
<arg>Scroll And Click Element</arg>
<arg>${locator}</arg>
<doc>Runs the specified keyword and retries if it fails.</doc>
<status status="PASS" start="2025-11-26T11:48:11.796791" elapsed="2.699290"/>
</kw>
<arg>${next_btn_locator}</arg>
<status status="PASS" start="2025-11-26T11:48:11.796200" elapsed="2.699977"/>
</kw>
<kw name="Sleep" owner="BuiltIn">
<msg time="2025-11-26T11:48:15.497708" level="INFO">Slept 1 second.</msg>
<arg>1s</arg>
<doc>Pauses the test executed for the given time.</doc>
<status status="PASS" start="2025-11-26T11:48:14.496291" elapsed="1.001926"/>
</kw>
<kw name="Wait Until Store Products Loaded">
<kw name="Wait Until Page Does Not Contain Element" owner="SeleniumLibrary">
<arg>xpath=//div[contains(@class,'skeleton')]</arg>
<arg>30s</arg>
<doc>Waits until the element ``locator`` disappears from the current page.</doc>
<status status="PASS" start="2025-11-26T11:48:15.500016" elapsed="0.316130"/>
</kw>
<kw name="Sleep" owner="BuiltIn">
<msg time="2025-11-26T11:48:16.818670" level="INFO">Slept 1 second.</msg>
<arg>1s</arg>
<doc>Pauses the test executed for the given time.</doc>
<status status="PASS" start="2025-11-26T11:48:15.816273" elapsed="1.002804"/>
</kw>
<doc>รอให้ skeleton หาย เพื่อให้การ์ดสินค้าขึ้นครบ</doc>
<status status="PASS" start="2025-11-26T11:48:15.499047" elapsed="1.320408"/>
</kw>
<kw name="Search Product In Current Page">
<kw name="Set Variable" owner="BuiltIn">
<msg time="2025-11-26T11:48:16.821640" level="INFO">${product_locator} = xpath=//p[@data-testid='product-title' and normalize-space(.)='dolly2']/ancestor::a[1]</msg>
<var>${product_locator}</var>
<arg>xpath=//p[@data-testid='product-title' and normalize-space(.)='${product_name}']/ancestor::a[1]</arg>
<doc>Returns the given values which can then be assigned to a variables.</doc>
<status status="PASS" start="2025-11-26T11:48:16.821265" elapsed="0.000432"/>
</kw>
<kw name="Run Keyword And Return Status" owner="BuiltIn">
<kw name="Wait Until Element Is Visible" owner="SeleniumLibrary">
<arg>${product_locator}</arg>
<arg>5s</arg>
<doc>Waits until the element ``locator`` is visible.</doc>
<status status="PASS" start="2025-11-26T11:48:16.822137" elapsed="0.624564"/>
</kw>
<msg time="2025-11-26T11:48:17.447424" level="INFO">${found} = True</msg>
<var>${found}</var>
<arg>Wait Until Element Is Visible</arg>
<arg>${product_locator}</arg>
<arg>5s</arg>
<doc>Runs the given keyword with given arguments and returns the status as a Boolean value.</doc>
<status status="PASS" start="2025-11-26T11:48:16.821893" elapsed="0.625643"/>
</kw>
<if>
<branch type="IF" condition="${found}">
<kw name="Log To Console" owner="BuiltIn">
<arg>Found product ${product_name} in current page</arg>
<doc>Logs the given message to the console.</doc>
<status status="PASS" start="2025-11-26T11:48:17.448552" elapsed="0.000696"/>
</kw>
<kw name="Scroll Element Into View" owner="SeleniumLibrary">
<arg>${product_locator}</arg>
<doc>Scrolls the element identified by ``locator`` into view.</doc>
<status status="PASS" start="2025-11-26T11:48:17.449559" elapsed="0.887683"/>
</kw>
<kw name="Sleep" owner="BuiltIn">
<msg time="2025-11-26T11:48:18.839711" level="INFO">Slept 500 milliseconds.</msg>
<arg>0.5s</arg>
<doc>Pauses the test executed for the given time.</doc>
<status status="PASS" start="2025-11-26T11:48:18.337809" elapsed="0.502384"/>
</kw>
<kw name="Click Element With Retry">
<kw name="Wait Until Keyword Succeeds" owner="BuiltIn">
<kw name="Scroll And Click Element">
<kw name="Wait Until Element Is Visible" owner="SeleniumLibrary">
<arg>${locator}</arg>
<arg>20s</arg>
<doc>Waits until the element ``locator`` is visible.</doc>
<status status="PASS" start="2025-11-26T11:48:18.843091" elapsed="0.629047"/>
</kw>
<kw name="Scroll Element Into View" owner="SeleniumLibrary">
<arg>${locator}</arg>
<doc>Scrolls the element identified by ``locator`` into view.</doc>
<status status="PASS" start="2025-11-26T11:48:19.472923" elapsed="0.888337"/>
</kw>
<kw name="Sleep" owner="BuiltIn">
<msg time="2025-11-26T11:48:20.861777" level="INFO">Slept 500 milliseconds.</msg>
<arg>0.5s</arg>
<doc>Pauses the test executed for the given time.</doc>
<status status="PASS" start="2025-11-26T11:48:20.361419" elapsed="0.500649"/>
</kw>
<kw name="Click Element" owner="SeleniumLibrary">
<msg time="2025-11-26T11:48:20.863043" level="INFO">Clicking element 'xpath=//p[@data-testid='product-title' and normalize-space(.)='dolly2']/ancestor::a[1]'.</msg>
<arg>${locator}</arg>
<doc>Click the element identified by ``locator``.</doc>
<status status="PASS" start="2025-11-26T11:48:20.862478" elapsed="0.664428"/>
</kw>
<arg>${locator}</arg>
<status status="PASS" start="2025-11-26T11:48:18.842676" elapsed="2.684348"/>
</kw>
<arg>3x</arg>
<arg>2s</arg>
<arg>Scroll And Click Element</arg>
<arg>${locator}</arg>
<doc>Runs the specified keyword and retries if it fails.</doc>
<status status="PASS" start="2025-11-26T11:48:18.842197" elapsed="2.684876"/>
</kw>
<arg>${product_locator}</arg>
<status status="PASS" start="2025-11-26T11:48:18.841023" elapsed="2.686097"/>
</kw>
<kw name="Sleep" owner="BuiltIn">
<msg time="2025-11-26T11:48:22.529589" level="INFO">Slept 1 second.</msg>
<arg>1s</arg>
<doc>Pauses the test executed for the given time.</doc>
<status status="PASS" start="2025-11-26T11:48:21.527216" elapsed="1.002850"/>
</kw>
<return>
<value>True</value>
<status status="PASS" start="2025-11-26T11:48:22.530428" elapsed="0.000236"/>
</return>
<status status="PASS" start="2025-11-26T11:48:17.447929" elapsed="5.082903"/>
</branch>
<status status="PASS" start="2025-11-26T11:48:17.447811" elapsed="5.083201"/>
</if>
<kw name="Log To Console" owner="BuiltIn">
<arg>${product_name} not found in current page</arg>
<doc>Logs the given message to the console.</doc>
<status status="NOT RUN" start="2025-11-26T11:48:22.531451" elapsed="0.000101"/>
</kw>
<return>
<value>False</value>
<status status="NOT RUN" start="2025-11-26T11:48:22.532000" elapsed="0.000076"/>
</return>
<msg time="2025-11-26T11:48:22.532549" level="INFO">${found} = True</msg>
<var>${found}</var>
<arg>${product_name}</arg>
<doc>หา product ตามชื่อในหน้าปัจจุบัน ถ้าเจอจะ Scroll + Click แล้ว return True</doc>
<status status="PASS" start="2025-11-26T11:48:16.820496" elapsed="5.712126"/>
</kw>
<if>
<branch type="IF" condition="${found}">
<return>
<status status="PASS" start="2025-11-26T11:48:22.533168" elapsed="0.000050"/>
</return>
<status status="PASS" start="2025-11-26T11:48:22.532881" elapsed="0.000392"/>
</branch>
<status status="PASS" start="2025-11-26T11:48:22.532844" elapsed="0.000477"/>
</if>
<kw name="Set Variable" owner="BuiltIn">
<var>${current_page}</var>
<arg>${next_page}</arg>
<doc>Returns the given values which can then be assigned to a variables.</doc>
<status status="NOT RUN" start="2025-11-26T11:48:22.533476" elapsed="0.000038"/>
</kw>
<status status="PASS" start="2025-11-26T11:48:11.158695" elapsed="11.374879"/>
</iter>
<status status="PASS" start="2025-11-26T11:48:11.158692" elapsed="11.374989"/>
</while>
<kw name="Fail" owner="BuiltIn">
<arg>Product ${product_name} not found in any Store page (1..${max_pages})</arg>
<doc>Fails the test with the given message and optionally alters its tags.</doc>
<status status="NOT RUN" start="2025-11-26T11:48:22.533851" elapsed="0.000032"/>
</kw>
<arg>${product_name}</arg>
<doc>เปิดหน้าร้าน แล้วไล่ page 1..max_pages หา product ตามชื่อ ถ้าเจอจะกดเข้า product</doc>
<status status="PASS" start="2025-11-26T11:48:02.826857" elapsed="19.707123"/>
</kw>
<kw name="Wait Until Element Is Visible" owner="SeleniumLibrary">
<arg>${BTN_ADD_TO_CART}</arg>
<doc>Waits until the element ``locator`` is visible.</doc>
<status status="PASS" start="2025-11-26T11:48:22.534147" elapsed="0.633889"/>
</kw>
<kw name="Click Element With Retry">
<kw name="Wait Until Keyword Succeeds" owner="BuiltIn">
<kw name="Scroll And Click Element">
<kw name="Wait Until Element Is Visible" owner="SeleniumLibrary">
<arg>${locator}</arg>
<arg>20s</arg>
<doc>Waits until the element ``locator`` is visible.</doc>
<status status="PASS" start="2025-11-26T11:48:23.171431" elapsed="0.629847"/>
</kw>
<kw name="Scroll Element Into View" owner="SeleniumLibrary">
<arg>${locator}</arg>
<doc>Scrolls the element identified by ``locator`` into view.</doc>
<status status="PASS" start="2025-11-26T11:48:23.801875" elapsed="0.890035"/>
</kw>
<kw name="Sleep" owner="BuiltIn">
<msg time="2025-11-26T11:48:25.194038" level="INFO">Slept 500 milliseconds.</msg>
<arg>0.5s</arg>
<doc>Pauses the test executed for the given time.</doc>
<status status="PASS" start="2025-11-26T11:48:24.692121" elapsed="0.502063"/>
</kw>
<kw name="Click Element" owner="SeleniumLibrary">
<msg time="2025-11-26T11:48:25.194657" level="INFO">Clicking element 'xpath=//button[contains(normalize-space(.),'Add to cart') or contains(normalize-space(.),'Add')]'.</msg>
<arg>${locator}</arg>
<doc>Click the element identified by ``locator``.</doc>
<status status="PASS" start="2025-11-26T11:48:25.194392" elapsed="0.661542"/>
</kw>
<arg>${locator}</arg>
<status status="PASS" start="2025-11-26T11:48:23.170704" elapsed="2.685415"/>
</kw>
<arg>3x</arg>
<arg>2s</arg>
<arg>Scroll And Click Element</arg>
<arg>${locator}</arg>
<doc>Runs the specified keyword and retries if it fails.</doc>
<status status="PASS" start="2025-11-26T11:48:23.170048" elapsed="2.686128"/>
</kw>
<arg>${BTN_ADD_TO_CART}</arg>
<status status="PASS" start="2025-11-26T11:48:23.168849" elapsed="2.687370"/>
</kw>
<kw name="Sleep" owner="BuiltIn">
<msg time="2025-11-26T11:48:26.857087" level="INFO">Slept 1 second.</msg>
<arg>1s</arg>
<doc>Pauses the test executed for the given time.</doc>
<status status="PASS" start="2025-11-26T11:48:25.856318" elapsed="1.000983"/>
</kw>
<kw name="Click Element With Retry">
<kw name="Wait Until Keyword Succeeds" owner="BuiltIn">
<kw name="Scroll And Click Element">
<kw name="Wait Until Element Is Visible" owner="SeleniumLibrary">
<arg>${locator}</arg>
<arg>20s</arg>
<doc>Waits until the element ``locator`` is visible.</doc>
<status status="PASS" start="2025-11-26T11:48:26.859080" elapsed="0.620458"/>
</kw>
<kw name="Scroll Element Into View" owner="SeleniumLibrary">
<arg>${locator}</arg>
<doc>Scrolls the element identified by ``locator`` into view.</doc>
<status status="PASS" start="2025-11-26T11:48:27.479793" elapsed="0.890511"/>
</kw>
<kw name="Sleep" owner="BuiltIn">
<msg time="2025-11-26T11:48:28.872112" level="INFO">Slept 500 milliseconds.</msg>
<arg>0.5s</arg>
<doc>Pauses the test executed for the given time.</doc>
<status status="PASS" start="2025-11-26T11:48:28.370498" elapsed="0.502036"/>
</kw>
<kw name="Click Element" owner="SeleniumLibrary">
<msg time="2025-11-26T11:48:28.874053" level="INFO">Clicking element 'xpath=//a[@data-testid='nav-cart-link' or @data-testid='cart-link']'.</msg>
<arg>${locator}</arg>
<doc>Click the element identified by ``locator``.</doc>
<status status="PASS" start="2025-11-26T11:48:28.873120" elapsed="0.667202"/>
</kw>
<arg>${locator}</arg>
<status status="PASS" start="2025-11-26T11:48:26.858896" elapsed="2.681536"/>
</kw>
<arg>3x</arg>
<arg>2s</arg>
<arg>Scroll And Click Element</arg>
<arg>${locator}</arg>
<doc>Runs the specified keyword and retries if it fails.</doc>
<status status="PASS" start="2025-11-26T11:48:26.858694" elapsed="2.681784"/>
</kw>
<arg>${BTN_OPEN_CART}</arg>
<status status="PASS" start="2025-11-26T11:48:26.857884" elapsed="2.682639"/>
</kw>
<kw name="Wait Until Location Contains" owner="SeleniumLibrary">
<arg>/cart</arg>
<doc>Waits until the current URL contains ``expected``.</doc>
<status status="PASS" start="2025-11-26T11:48:29.540628" elapsed="0.308240"/>
</kw>
<kw name="Set Cart Quantity">
<kw name="Wait Until Element Is Visible" owner="SeleniumLibrary">
<arg>${QTY_SELECT}</arg>
<arg>10s</arg>
<doc>Waits until the element ``locator`` is visible.</doc>
<status status="PASS" start="2025-11-26T11:48:29.849604" elapsed="0.631621"/>
</kw>
<kw name="Select From List By Value" owner="SeleniumLibrary">
<msg time="2025-11-26T11:48:30.483139" level="INFO">Selecting options from selection list 'css=select[data-testid="product-select-button"]' by value 3.</msg>
<arg>${QTY_SELECT}</arg>
<arg>${qty}</arg>
<doc>Selects options from selection list ``locator`` by ``values``.</doc>
<status status="PASS" start="2025-11-26T11:48:30.482057" elapsed="2.545482"/>
</kw>
<kw name="Sleep" owner="BuiltIn">
<msg time="2025-11-26T11:48:34.029794" level="INFO">Slept 1 second.</msg>
<arg>1s</arg>
<doc>Pauses the test executed for the given time.</doc>
<status status="PASS" start="2025-11-26T11:48:33.028049" elapsed="1.002229"/>
</kw>
<arg>${qty}</arg>
<status status="PASS" start="2025-11-26T11:48:29.849217" elapsed="4.181471"/>
</kw>
<kw name="Wait Until Element Is Visible" owner="SeleniumLibrary">
<arg>${BTN_CHECKOUT}</arg>
<doc>Waits until the element ``locator`` is visible.</doc>
<status status="PASS" start="2025-11-26T11:48:34.031173" elapsed="0.633429"/>
</kw>
<kw name="Click Element With Retry">
<kw name="Wait Until Keyword Succeeds" owner="BuiltIn">
<kw name="Scroll And Click Element">
<kw name="Wait Until Element Is Visible" owner="SeleniumLibrary">
<arg>${locator}</arg>
<arg>20s</arg>
<doc>Waits until the element ``locator`` is visible.</doc>
<status status="PASS" start="2025-11-26T11:48:34.667903" elapsed="0.626024"/>
</kw>
<kw name="Scroll Element Into View" owner="SeleniumLibrary">
<arg>${locator}</arg>
<doc>Scrolls the element identified by ``locator`` into view.</doc>
<status status="PASS" start="2025-11-26T11:48:35.294728" elapsed="0.892441"/>
</kw>
<kw name="Sleep" owner="BuiltIn">
<msg time="2025-11-26T11:48:36.688291" level="INFO">Slept 500 milliseconds.</msg>
<arg>0.5s</arg>
<doc>Pauses the test executed for the given time.</doc>
<status status="PASS" start="2025-11-26T11:48:36.187391" elapsed="0.501256"/>
</kw>
<kw name="Click Element" owner="SeleniumLibrary">
<msg time="2025-11-26T11:48:36.690042" level="INFO">Clicking element 'xpath=//button[contains(normalize-space(.),'Go to checkout')]'.</msg>
<arg>${locator}</arg>
<doc>Click the element identified by ``locator``.</doc>
<status status="PASS" start="2025-11-26T11:48:36.689192" elapsed="0.666622"/>
</kw>
<arg>${locator}</arg>
<status status="PASS" start="2025-11-26T11:48:34.667416" elapsed="2.688497"/>
</kw>
<arg>3x</arg>
<arg>2s</arg>
<arg>Scroll And Click Element</arg>
<arg>${locator}</arg>
<doc>Runs the specified keyword and retries if it fails.</doc>
<status status="PASS" start="2025-11-26T11:48:34.666725" elapsed="2.689222"/>
</kw>
<arg>${BTN_CHECKOUT}</arg>
<status status="PASS" start="2025-11-26T11:48:34.665528" elapsed="2.690453"/>
</kw>
<kw name="Wait Until Location Contains" owner="SeleniumLibrary">
<arg>/checkout</arg>
<doc>Waits until the current URL contains ``expected``.</doc>
<status status="PASS" start="2025-11-26T11:48:37.356097" elapsed="0.824766"/>
</kw>
<kw name="Fill Or Edit Shipping Address Country">
<kw name="Run Keyword And Return Status" owner="BuiltIn">
<kw name="Wait Until Element Is Visible" owner="SeleniumLibrary">
<msg time="2025-11-26T11:48:42.793378" level="INFO" html="true">&lt;/td&gt;&lt;/tr&gt;&lt;tr&gt;&lt;td colspan="3"&gt;&lt;a href="selenium-screenshot-31.png"&gt;&lt;img src="selenium-screenshot-31.png" width="800px"&gt;&lt;/a&gt;</msg>
<msg time="2025-11-26T11:48:42.793894" level="FAIL">Element 'xpath=(//button[normalize-space(.)='Edit'])[1]' not visible after 4 seconds.</msg>
<arg>${BTN_EDIT_SHIPPING_ADDRESS}</arg>
<arg>4s</arg>
<doc>Waits until the element ``locator`` is visible.</doc>
<status status="FAIL" start="2025-11-26T11:48:38.183340" elapsed="4.612393">Element 'xpath=(//button[normalize-space(.)='Edit'])[1]' not visible after 4 seconds.</status>
</kw>
<msg time="2025-11-26T11:48:42.796115" level="INFO">${has_edit} = False</msg>
<var>${has_edit}</var>
<arg>Wait Until Element Is Visible</arg>
<arg>${BTN_EDIT_SHIPPING_ADDRESS}</arg>
<arg>4s</arg>
<doc>Runs the given keyword with given arguments and returns the status as a Boolean value.</doc>
<status status="PASS" start="2025-11-26T11:48:38.182905" elapsed="4.613255"/>
</kw>
<kw name="Run Keyword If" owner="BuiltIn">
<arg>${has_edit}</arg>
<arg>Click Element With Retry</arg>
<arg>${BTN_EDIT_SHIPPING_ADDRESS}</arg>
<doc>Runs the given keyword with the given arguments, if ``condition`` is true.</doc>
<status status="PASS" start="2025-11-26T11:48:42.796619" elapsed="0.000330"/>
</kw>
<kw name="Wait Until Element Is Visible" owner="SeleniumLibrary">
<arg>${INPUT_FIRST_NAME}</arg>
<doc>Waits until the element ``locator`` is visible.</doc>
<status status="PASS" start="2025-11-26T11:48:42.797147" elapsed="0.628442"/>
</kw>
<kw name="Clear Element Text" owner="SeleniumLibrary">
<arg>${INPUT_FIRST_NAME}</arg>
<doc>Clears the value of the text-input-element identified by ``locator``.</doc>
<status status="PASS" start="2025-11-26T11:48:43.426201" elapsed="0.645518"/>
</kw>
<kw name="Input Text" owner="SeleniumLibrary">
<msg time="2025-11-26T11:48:44.073106" level="INFO">Typing text 'test' into text field 'xpath=//input[contains(@name,'first_name')]'.</msg>
<arg>${INPUT_FIRST_NAME}</arg>
<arg>test</arg>
<doc>Types the given ``text`` into the text field identified by ``locator``.</doc>
<status status="PASS" start="2025-11-26T11:48:44.072335" elapsed="0.996965"/>
</kw>
<kw name="Clear Element Text" owner="SeleniumLibrary">
<arg>${INPUT_LAST_NAME}</arg>
<doc>Clears the value of the text-input-element identified by ``locator``.</doc>
<status status="PASS" start="2025-11-26T11:48:45.069570" elapsed="0.644490"/>
</kw>
<kw name="Input Text" owner="SeleniumLibrary">
<msg time="2025-11-26T11:48:45.715899" level="INFO">Typing text 'test' into text field 'xpath=//input[contains(@name,'last_name')]'.</msg>
<arg>${INPUT_LAST_NAME}</arg>
<arg>test</arg>
<doc>Types the given ``text`` into the text field identified by ``locator``.</doc>
<status status="PASS" start="2025-11-26T11:48:45.714891" elapsed="1.006272"/>
</kw>
<kw name="Clear Element Text" owner="SeleniumLibrary">
<arg>${INPUT_ADDRESS_1}</arg>
<doc>Clears the value of the text-input-element identified by ``locator``.</doc>
<status status="PASS" start="2025-11-26T11:48:46.721804" elapsed="0.650386"/>
</kw>
<kw name="Input Text" owner="SeleniumLibrary">
<msg time="2025-11-26T11:48:47.372769" level="INFO">Typing text 'MU' into text field 'xpath=//input[@name='shipping_address.address_1']'.</msg>
<arg>${INPUT_ADDRESS_1}</arg>
<arg>MU</arg>
<doc>Types the given ``text`` into the text field identified by ``locator``.</doc>
<status status="PASS" start="2025-11-26T11:48:47.372469" elapsed="0.996840"/>
</kw>
<kw name="Clear Element Text" owner="SeleniumLibrary">
<arg>${INPUT_CITY}</arg>
<doc>Clears the value of the text-input-element identified by ``locator``.</doc>
<status status="PASS" start="2025-11-26T11:48:48.369841" elapsed="0.645644"/>
</kw>
<kw name="Input Text" owner="SeleniumLibrary">
<msg time="2025-11-26T11:48:49.017062" level="INFO">Typing text 'Salaya' into text field 'xpath=//input[contains(@name,'city')]'.</msg>
<arg>${INPUT_CITY}</arg>
<arg>Salaya</arg>
<doc>Types the given ``text`` into the text field identified by ``locator``.</doc>
<status status="PASS" start="2025-11-26T11:48:49.016165" elapsed="1.017447"/>
</kw>
<kw name="Clear Element Text" owner="SeleniumLibrary">
<arg>${INPUT_POSTAL_CODE}</arg>
<doc>Clears the value of the text-input-element identified by ``locator``.</doc>
<status status="PASS" start="2025-11-26T11:48:50.034166" elapsed="0.650972"/>
</kw>
<kw name="Input Text" owner="SeleniumLibrary">
<msg time="2025-11-26T11:48:50.686872" level="INFO">Typing text '12345' into text field 'xpath=//input[contains(@name,'postal')]'.</msg>
<arg>${INPUT_POSTAL_CODE}</arg>
<arg>12345</arg>
<doc>Types the given ``text`` into the text field identified by ``locator``.</doc>
<status status="PASS" start="2025-11-26T11:48:50.685897" elapsed="1.008493"/>
</kw>
<kw name="Run Keyword And Ignore Error" owner="BuiltIn">
<kw name="Clear Element Text" owner="SeleniumLibrary">
<arg>${INPUT_PHONE}</arg>
<doc>Clears the value of the text-input-element identified by ``locator``.</doc>
<status status="PASS" start="2025-11-26T11:48:51.694814" elapsed="0.646505"/>
</kw>
<arg>Clear Element Text</arg>
<arg>${INPUT_PHONE}</arg>
<doc>Runs the given keyword with the given arguments and ignores possible error.</doc>
<status status="PASS" start="2025-11-26T11:48:51.694611" elapsed="0.647135"/>
</kw>
<kw name="Run Keyword And Ignore Error" owner="BuiltIn">
<kw name="Input Text" owner="SeleniumLibrary">
<msg time="2025-11-26T11:48:52.343729" level="INFO">Typing text '0123456789' into text field 'xpath=//input[contains(@name,'phone')]'.</msg>
<arg>${INPUT_PHONE}</arg>
<arg>0123456789</arg>
<doc>Types the given ``text`` into the text field identified by ``locator``.</doc>
<status status="PASS" start="2025-11-26T11:48:52.342908" elapsed="1.028081"/>
</kw>
<arg>Input Text</arg>
<arg>${INPUT_PHONE}</arg>
<arg>0123456789</arg>
<doc>Runs the given keyword with the given arguments and ignores possible error.</doc>
<status status="PASS" start="2025-11-26T11:48:52.342300" elapsed="1.029097"/>
</kw>
<kw name="Select From List By Label" owner="SeleniumLibrary">
<msg time="2025-11-26T11:48:53.372910" level="INFO">Selecting options from selection list 'xpath=//select[contains(@name,'country') or contains(@id,'country')]' by label Sweden.</msg>
<arg>${SELECT_COUNTRY}</arg>
<arg>${country}</arg>
<doc>Selects options from selection list ``locator`` by ``labels``.</doc>
<status status="PASS" start="2025-11-26T11:48:53.371892" elapsed="3.481582"/>
</kw>
<kw name="Click Element With Retry">
<kw name="Wait Until Keyword Succeeds" owner="BuiltIn">
<kw name="Scroll And Click Element">
<kw name="Wait Until Element Is Visible" owner="SeleniumLibrary">
<arg>${locator}</arg>
<arg>20s</arg>
<doc>Waits until the element ``locator`` is visible.</doc>
<status status="PASS" start="2025-11-26T11:48:56.856278" elapsed="0.635273"/>
</kw>
<kw name="Scroll Element Into View" owner="SeleniumLibrary">
<arg>${locator}</arg>
<doc>Scrolls the element identified by ``locator`` into view.</doc>
<status status="PASS" start="2025-11-26T11:48:57.492208" elapsed="0.884321"/>
</kw>
<kw name="Sleep" owner="BuiltIn">
<msg time="2025-11-26T11:48:58.880778" level="INFO">Slept 500 milliseconds.</msg>
<arg>0.5s</arg>
<doc>Pauses the test executed for the given time.</doc>
<status status="PASS" start="2025-11-26T11:48:58.378556" elapsed="0.502628"/>
</kw>
<kw name="Click Element" owner="SeleniumLibrary">
<msg time="2025-11-26T11:48:58.882752" level="INFO">Clicking element 'xpath=//button[@data-testid='submit-address-button']'.</msg>
<arg>${locator}</arg>
<doc>Click the element identified by ``locator``.</doc>
<status status="PASS" start="2025-11-26T11:48:58.881876" elapsed="0.683398"/>
</kw>
<arg>${locator}</arg>
<status status="PASS" start="2025-11-26T11:48:56.855898" elapsed="2.709692"/>
</kw>
<arg>3x</arg>
<arg>2s</arg>
<arg>Scroll And Click Element</arg>
<arg>${locator}</arg>
<doc>Runs the specified keyword and retries if it fails.</doc>
<status status="PASS" start="2025-11-26T11:48:56.855466" elapsed="2.710222"/>
</kw>
<arg>${BTN_SUBMIT_ADDRESS}</arg>
<status status="PASS" start="2025-11-26T11:48:56.854368" elapsed="2.711416"/>
</kw>
<kw name="Sleep" owner="BuiltIn">
<msg time="2025-11-26T11:49:01.067453" level="INFO">Slept 1 second 500 milliseconds.</msg>
<arg>1.5s</arg>
<doc>Pauses the test executed for the given time.</doc>
<status status="PASS" start="2025-11-26T11:48:59.566034" elapsed="1.501885"/>
</kw>
<arg>Sweden</arg>
<status status="PASS" start="2025-11-26T11:48:38.181924" elapsed="22.886380"/>
</kw>
<kw name="Wait Until Element Is Visible" owner="SeleniumLibrary">
<arg>${SHIPPING_OPTION_IN_AREA}</arg>
<arg>15s</arg>
<doc>Waits until the element ``locator`` is visible.</doc>
<status status="PASS" start="2025-11-26T11:49:01.068796" elapsed="0.635205"/>
</kw>
<kw name="Click Element With Retry">
<kw name="Wait Until Keyword Succeeds" owner="BuiltIn">
<kw name="Scroll And Click Element">
<kw name="Wait Until Element Is Visible" owner="SeleniumLibrary">
<arg>${locator}</arg>
<arg>20s</arg>
<doc>Waits until the element ``locator`` is visible.</doc>
<status status="PASS" start="2025-11-26T11:49:01.707431" elapsed="0.629678"/>
</kw>
<kw name="Scroll Element Into View" owner="SeleniumLibrary">
<arg>${locator}</arg>
<doc>Scrolls the element identified by ``locator`` into view.</doc>
<status status="PASS" start="2025-11-26T11:49:02.337862" elapsed="0.898455"/>
</kw>
<kw name="Sleep" owner="BuiltIn">
<msg time="2025-11-26T11:49:03.740059" level="INFO">Slept 500 milliseconds.</msg>
<arg>0.5s</arg>
<doc>Pauses the test executed for the given time.</doc>
<status status="PASS" start="2025-11-26T11:49:03.236998" elapsed="0.503519"/>
</kw>
<kw name="Click Element" owner="SeleniumLibrary">
<msg time="2025-11-26T11:49:03.742128" level="INFO">Clicking element 'xpath=//span[@data-testid='delivery-option-radio'][.//span[contains(normalize-space(.),'ในพื้นที่')]]//button[@data-testid='radio-button']'.</msg>
<arg>${locator}</arg>
<doc>Click the element identified by ``locator``.</doc>
<status status="PASS" start="2025-11-26T11:49:03.741201" elapsed="0.679302"/>
</kw>
<arg>${locator}</arg>
<status status="PASS" start="2025-11-26T11:49:01.706773" elapsed="2.714086"/>
</kw>
<arg>3x</arg>
<arg>2s</arg>
<arg>Scroll And Click Element</arg>
<arg>${locator}</arg>
<doc>Runs the specified keyword and retries if it fails.</doc>
<status status="PASS" start="2025-11-26T11:49:01.706109" elapsed="2.714933"/>
</kw>
<arg>${SHIPPING_OPTION_IN_AREA}</arg>
<status status="PASS" start="2025-11-26T11:49:01.704907" elapsed="2.716396"/>
</kw>
<kw name="Wait Until Element Is Enabled" owner="SeleniumLibrary">
<arg>${BTN_CONTINUE_TO_PAYMENT}</arg>
<arg>15s</arg>
<doc>Waits until the element ``locator`` is enabled.</doc>
<status status="PASS" start="2025-11-26T11:49:04.421890" elapsed="1.775778"/>
</kw>
<kw name="Click Element With Retry">
<kw name="Wait Until Keyword Succeeds" owner="BuiltIn">
<kw name="Scroll And Click Element">
<kw name="Wait Until Element Is Visible" owner="SeleniumLibrary">
<arg>${locator}</arg>
<arg>20s</arg>
<doc>Waits until the element ``locator`` is visible.</doc>
<status status="PASS" start="2025-11-26T11:49:06.200556" elapsed="0.629526"/>
</kw>
<kw name="Scroll Element Into View" owner="SeleniumLibrary">
<arg>${locator}</arg>
<doc>Scrolls the element identified by ``locator`` into view.</doc>
<status status="PASS" start="2025-11-26T11:49:06.830842" elapsed="0.908901"/>
</kw>
<kw name="Sleep" owner="BuiltIn">
<msg time="2025-11-26T11:49:08.241408" level="INFO">Slept 500 milliseconds.</msg>
<arg>0.5s</arg>
<doc>Pauses the test executed for the given time.</doc>
<status status="PASS" start="2025-11-26T11:49:07.740372" elapsed="0.501370"/>
</kw>
<kw name="Click Element" owner="SeleniumLibrary">
<msg time="2025-11-26T11:49:08.242674" level="INFO">Clicking element 'xpath=//button[@data-testid='submit-delivery-option-button']'.</msg>
<arg>${locator}</arg>
<doc>Click the element identified by ``locator``.</doc>
<status status="PASS" start="2025-11-26T11:49:08.242217" elapsed="0.654230"/>
</kw>
<arg>${locator}</arg>
<status status="PASS" start="2025-11-26T11:49:06.200155" elapsed="2.696414"/>
</kw>
<arg>3x</arg>
<arg>2s</arg>
<arg>Scroll And Click Element</arg>
<arg>${locator}</arg>
<doc>Runs the specified keyword and retries if it fails.</doc>
<status status="PASS" start="2025-11-26T11:49:06.199613" elapsed="2.696996"/>
</kw>
<arg>${BTN_CONTINUE_TO_PAYMENT}</arg>
<status status="PASS" start="2025-11-26T11:49:06.198484" elapsed="2.698165"/>
</kw>
<kw name="Wait Until Element Is Visible" owner="SeleniumLibrary">
<msg time="2025-11-26T11:49:09.216210" level="INFO">Suppressing StaleElementReferenceException from Selenium.</msg>
<arg>${MANUAL_PAYMENT_RADIO}</arg>
<arg>15s</arg>
<doc>Waits until the element ``locator`` is visible.</doc>
<status status="PASS" start="2025-11-26T11:49:08.896754" elapsed="1.134393"/>
</kw>
<kw name="Click Element With Retry">
<kw name="Wait Until Keyword Succeeds" owner="BuiltIn">
<kw name="Scroll And Click Element">
<kw name="Wait Until Element Is Visible" owner="SeleniumLibrary">
<arg>${locator}</arg>
<arg>20s</arg>
<doc>Waits until the element ``locator`` is visible.</doc>
<status status="PASS" start="2025-11-26T11:49:10.032330" elapsed="0.616955"/>
</kw>
<kw name="Scroll Element Into View" owner="SeleniumLibrary">
<arg>${locator}</arg>
<doc>Scrolls the element identified by ``locator`` into view.</doc>
<status status="PASS" start="2025-11-26T11:49:10.649968" elapsed="0.880449"/>
</kw>
<kw name="Sleep" owner="BuiltIn">
<msg time="2025-11-26T11:49:12.033119" level="INFO">Slept 500 milliseconds.</msg>
<arg>0.5s</arg>
<doc>Pauses the test executed for the given time.</doc>
[...]
<status status="PASS" start="2025-11-26T11:52:29.562897" elapsed="0.000351"/>
</kw>
<return>
<value>False</value>
<status status="PASS" start="2025-11-26T11:52:29.563569" elapsed="0.000133"/>
</return>
<msg time="2025-11-26T11:52:29.563963" level="INFO">${found} = False</msg>
<var>${found}</var>
<arg>${product_name}</arg>
<doc>หา product ตามชื่อในหน้าปัจจุบัน ถ้าเจอจะ Scroll + Click แล้ว return True</doc>
<status status="PASS" start="2025-11-26T11:52:23.986132" elapsed="5.577883"/>
</kw>
<if>
<branch type="IF" condition="${found}">
<return>
<status status="NOT RUN" start="2025-11-26T11:52:29.564377" elapsed="0.000033"/>
</return>
<status status="NOT RUN" start="2025-11-26T11:52:29.564172" elapsed="0.000294"/>
</branch>
<status status="PASS" start="2025-11-26T11:52:29.564138" elapsed="0.000376"/>
</if>
<while condition="${current_page} &lt; ${max_pages}">
<iter>
<kw name="Evaluate" owner="BuiltIn">
<msg time="2025-11-26T11:52:29.566247" level="INFO">${next_page} = 2</msg>
<var>${next_page}</var>
<arg>${current_page} + 1</arg>
<doc>Evaluates the given expression in Python and returns the result.</doc>
<status status="PASS" start="2025-11-26T11:52:29.565196" elapsed="0.001087"/>
</kw>
<kw name="Log To Console" owner="BuiltIn">
<arg>Trying page ${next_page} for product ${product_name}...</arg>
<doc>Logs the given message to the console.</doc>
<status status="PASS" start="2025-11-26T11:52:29.566414" elapsed="0.000240"/>
</kw>
<kw name="Set Variable" owner="BuiltIn">
<msg time="2025-11-26T11:52:29.566972" level="INFO">${next_btn_locator} = xpath=//button[normalize-space()='2']</msg>
<var>${next_btn_locator}</var>
<arg>xpath=//button[normalize-space()='${next_page}']</arg>
<doc>Returns the given values which can then be assigned to a variables.</doc>
<status status="PASS" start="2025-11-26T11:52:29.566774" elapsed="0.000229"/>
</kw>
<kw name="Run Keyword And Return Status" owner="BuiltIn">
<kw name="Wait Until Element Is Visible" owner="SeleniumLibrary">
<arg>${next_btn_locator}</arg>
<arg>5s</arg>
<doc>Waits until the element ``locator`` is visible.</doc>
<status status="PASS" start="2025-11-26T11:52:29.567279" elapsed="0.631119"/>
</kw>
<msg time="2025-11-26T11:52:30.199253" level="INFO">${next_exists} = True</msg>
<var>${next_exists}</var>
<arg>Wait Until Element Is Visible</arg>
<arg>${next_btn_locator}</arg>
<arg>5s</arg>
<doc>Runs the given keyword with given arguments and returns the status as a Boolean value.</doc>
<status status="PASS" start="2025-11-26T11:52:29.567122" elapsed="0.632243"/>
</kw>
<if>
<branch type="IF" condition="not ${next_exists}">
<kw name="Fail" owner="BuiltIn">
<arg>Cannot find pagination button for page ${next_page}. Product ${product_name} not found.</arg>
<doc>Fails the test with the given message and optionally alters its tags.</doc>
<status status="NOT RUN" start="2025-11-26T11:52:30.200462" elapsed="0.000091"/>
</kw>
<status status="NOT RUN" start="2025-11-26T11:52:30.199754" elapsed="0.000929"/>
</branch>
<status status="PASS" start="2025-11-26T11:52:30.199654" elapsed="0.001151"/>
</if>
<kw name="Click Element With Retry">
<kw name="Wait Until Keyword Succeeds" owner="BuiltIn">
<kw name="Scroll And Click Element">
<kw name="Wait Until Element Is Visible" owner="SeleniumLibrary">
<arg>${locator}</arg>
<arg>20s</arg>
<doc>Waits until the element ``locator`` is visible.</doc>
<status status="PASS" start="2025-11-26T11:52:30.203195" elapsed="0.626201"/>
</kw>
<kw name="Scroll Element Into View" owner="SeleniumLibrary">
<arg>${locator}</arg>
<doc>Scrolls the element identified by ``locator`` into view.</doc>
<status status="PASS" start="2025-11-26T11:52:30.830067" elapsed="0.890312"/>
</kw>
<kw name="Sleep" owner="BuiltIn">
<msg time="2025-11-26T11:52:32.223786" level="INFO">Slept 500 milliseconds.</msg>
<arg>0.5s</arg>
<doc>Pauses the test executed for the given time.</doc>
<status status="PASS" start="2025-11-26T11:52:31.720823" elapsed="0.503386"/>
</kw>
<kw name="Click Element" owner="SeleniumLibrary">
<msg time="2025-11-26T11:52:32.225574" level="INFO">Clicking element 'xpath=//button[normalize-space()='2']'.</msg>
<arg>${locator}</arg>
<doc>Click the element identified by ``locator``.</doc>
<status status="PASS" start="2025-11-26T11:52:32.224780" elapsed="0.667330"/>
</kw>
<arg>${locator}</arg>
<status status="PASS" start="2025-11-26T11:52:30.202814" elapsed="2.689387"/>
</kw>
<arg>3x</arg>
<arg>2s</arg>
<arg>Scroll And Click Element</arg>
<arg>${locator}</arg>
<doc>Runs the specified keyword and retries if it fails.</doc>
<status status="PASS" start="2025-11-26T11:52:30.202244" elapsed="2.689991"/>
</kw>
<arg>${next_btn_locator}</arg>
<status status="PASS" start="2025-11-26T11:52:30.201307" elapsed="2.690959"/>
</kw>
<kw name="Sleep" owner="BuiltIn">
<msg time="2025-11-26T11:52:33.893534" level="INFO">Slept 1 second.</msg>
<arg>1s</arg>
<doc>Pauses the test executed for the given time.</doc>
<status status="PASS" start="2025-11-26T11:52:32.892340" elapsed="1.001662"/>
</kw>
<kw name="Wait Until Store Products Loaded">
<kw name="Wait Until Page Does Not Contain Element" owner="SeleniumLibrary">
<arg>xpath=//div[contains(@class,'skeleton')]</arg>
<arg>30s</arg>
<doc>Waits until the element ``locator`` disappears from the current page.</doc>
<status status="PASS" start="2025-11-26T11:52:33.895719" elapsed="0.316004"/>
</kw>
<kw name="Sleep" owner="BuiltIn">
<msg time="2025-11-26T11:52:35.213302" level="INFO">Slept 1 second.</msg>
<arg>1s</arg>
<doc>Pauses the test executed for the given time.</doc>
<status status="PASS" start="2025-11-26T11:52:34.212464" elapsed="1.001295"/>
</kw>
<doc>รอให้ skeleton หาย เพื่อให้การ์ดสินค้าขึ้นครบ</doc>
<status status="PASS" start="2025-11-26T11:52:33.894826" elapsed="1.319335"/>
</kw>
<kw name="Search Product In Current Page">
<kw name="Set Variable" owner="BuiltIn">
<msg time="2025-11-26T11:52:35.216843" level="INFO">${product_locator} = xpath=//p[@data-testid='product-title' and normalize-space(.)='dolly2']/ancestor::a[1]</msg>
<var>${product_locator}</var>
<arg>xpath=//p[@data-testid='product-title' and normalize-space(.)='${product_name}']/ancestor::a[1]</arg>
<doc>Returns the given values which can then be assigned to a variables.</doc>
<status status="PASS" start="2025-11-26T11:52:35.216252" elapsed="0.000676"/>
</kw>
<kw name="Run Keyword And Return Status" owner="BuiltIn">
<kw name="Wait Until Element Is Visible" owner="SeleniumLibrary">
<arg>${product_locator}</arg>
<arg>5s</arg>
<doc>Waits until the element ``locator`` is visible.</doc>
<status status="PASS" start="2025-11-26T11:52:35.217535" elapsed="0.628498"/>
</kw>
<msg time="2025-11-26T11:52:35.846683" level="INFO">${found} = True</msg>
<var>${found}</var>
<arg>Wait Until Element Is Visible</arg>
<arg>${product_locator}</arg>
<arg>5s</arg>
<doc>Runs the given keyword with given arguments and returns the status as a Boolean value.</doc>
<status status="PASS" start="2025-11-26T11:52:35.217232" elapsed="0.629570"/>
</kw>
<if>
<branch type="IF" condition="${found}">
<kw name="Log To Console" owner="BuiltIn">
<arg>Found product ${product_name} in current page</arg>
<doc>Logs the given message to the console.</doc>
<status status="PASS" start="2025-11-26T11:52:35.847792" elapsed="0.000650"/>
</kw>
<kw name="Scroll Element Into View" owner="SeleniumLibrary">
<arg>${product_locator}</arg>
<doc>Scrolls the element identified by ``locator`` into view.</doc>
<status status="PASS" start="2025-11-26T11:52:35.848755" elapsed="0.890441"/>
</kw>
<kw name="Sleep" owner="BuiltIn">
<msg time="2025-11-26T11:52:37.241348" level="INFO">Slept 500 milliseconds.</msg>
<arg>0.5s</arg>
<doc>Pauses the test executed for the given time.</doc>
<status status="PASS" start="2025-11-26T11:52:36.739929" elapsed="0.501898"/>
</kw>
<kw name="Click Element With Retry">
<kw name="Wait Until Keyword Succeeds" owner="BuiltIn">
<kw name="Scroll And Click Element">
<kw name="Wait Until Element Is Visible" owner="SeleniumLibrary">
<arg>${locator}</arg>
<arg>20s</arg>
<doc>Waits until the element ``locator`` is visible.</doc>
<status status="PASS" start="2025-11-26T11:52:37.245117" elapsed="0.631112"/>
</kw>
<kw name="Scroll Element Into View" owner="SeleniumLibrary">
<arg>${locator}</arg>
<doc>Scrolls the element identified by ``locator`` into view.</doc>
<status status="PASS" start="2025-11-26T11:52:37.877488" elapsed="0.889553"/>
</kw>
<kw name="Sleep" owner="BuiltIn">
<msg time="2025-11-26T11:52:39.269024" level="INFO">Slept 500 milliseconds.</msg>
<arg>0.5s</arg>
<doc>Pauses the test executed for the given time.</doc>
<status status="PASS" start="2025-11-26T11:52:38.767735" elapsed="0.501716"/>
</kw>
<kw name="Click Element" owner="SeleniumLibrary">
<msg time="2025-11-26T11:52:39.271049" level="INFO">Clicking element 'xpath=//p[@data-testid='product-title' and normalize-space(.)='dolly2']/ancestor::a[1]'.</msg>
<arg>${locator}</arg>
<doc>Click the element identified by ``locator``.</doc>
<status status="PASS" start="2025-11-26T11:52:39.270128" elapsed="0.667739"/>
</kw>
<arg>${locator}</arg>
<status status="PASS" start="2025-11-26T11:52:37.244453" elapsed="2.693496"/>
</kw>
<arg>3x</arg>
<arg>2s</arg>
<arg>Scroll And Click Element</arg>
<arg>${locator}</arg>
<doc>Runs the specified keyword and retries if it fails.</doc>
<status status="PASS" start="2025-11-26T11:52:37.243798" elapsed="2.694180"/>
</kw>
<arg>${product_locator}</arg>
<status status="PASS" start="2025-11-26T11:52:37.242643" elapsed="2.695363"/>
</kw>
<kw name="Sleep" owner="BuiltIn">
<msg time="2025-11-26T11:52:40.938902" level="INFO">Slept 1 second.</msg>
<arg>1s</arg>
<doc>Pauses the test executed for the given time.</doc>
<status status="PASS" start="2025-11-26T11:52:39.938072" elapsed="1.001256"/>
</kw>
<return>
<value>True</value>
<status status="PASS" start="2025-11-26T11:52:40.939664" elapsed="0.000226"/>
</return>
<status status="PASS" start="2025-11-26T11:52:35.847175" elapsed="5.092877"/>
</branch>
<status status="PASS" start="2025-11-26T11:52:35.847066" elapsed="5.093118"/>
</if>
<kw name="Log To Console" owner="BuiltIn">
<arg>${product_name} not found in current page</arg>
<doc>Logs the given message to the console.</doc>
<status status="NOT RUN" start="2025-11-26T11:52:40.940624" elapsed="0.000103"/>
</kw>
<return>
<value>False</value>
<status status="NOT RUN" start="2025-11-26T11:52:40.940856" elapsed="0.000069"/>
</return>
<msg time="2025-11-26T11:52:40.941354" level="INFO">${found} = True</msg>
<var>${found}</var>
<arg>${product_name}</arg>
<doc>หา product ตามชื่อในหน้าปัจจุบัน ถ้าเจอจะ Scroll + Click แล้ว return True</doc>
<status status="PASS" start="2025-11-26T11:52:35.215157" elapsed="5.726276"/>
</kw>
<if>
<branch type="IF" condition="${found}">
<return>
<status status="PASS" start="2025-11-26T11:52:40.941957" elapsed="0.000055"/>
</return>
<status status="PASS" start="2025-11-26T11:52:40.941673" elapsed="0.000393"/>
</branch>
<status status="PASS" start="2025-11-26T11:52:40.941637" elapsed="0.000478"/>
</if>
<kw name="Set Variable" owner="BuiltIn">
<var>${current_page}</var>
<arg>${next_page}</arg>
<doc>Returns the given values which can then be assigned to a variables.</doc>
<status status="NOT RUN" start="2025-11-26T11:52:40.942275" elapsed="0.000039"/>
</kw>
<status status="PASS" start="2025-11-26T11:52:29.564586" elapsed="11.377789"/>
</iter>
<status status="PASS" start="2025-11-26T11:52:29.564583" elapsed="11.377877"/>
</while>
<kw name="Fail" owner="BuiltIn">
<arg>Product ${product_name} not found in any Store page (1..${max_pages})</arg>
<doc>Fails the test with the given message and optionally alters its tags.</doc>
<status status="NOT RUN" start="2025-11-26T11:52:40.942611" elapsed="0.000033"/>
</kw>
<arg>${product_name}</arg>
<doc>เปิดหน้าร้าน แล้วไล่ page 1..max_pages หา product ตามชื่อ ถ้าเจอจะกดเข้า product</doc>
<status status="PASS" start="2025-11-26T11:52:21.423848" elapsed="19.518898"/>
</kw>
<kw name="Wait Until Element Is Visible" owner="SeleniumLibrary">
<arg>${BTN_ADD_TO_CART}</arg>
<doc>Waits until the element ``locator`` is visible.</doc>
<status status="PASS" start="2025-11-26T11:52:40.942898" elapsed="0.631308"/>
</kw>
<kw name="Click Element With Retry">
<kw name="Wait Until Keyword Succeeds" owner="BuiltIn">
<kw name="Scroll And Click Element">
<kw name="Wait Until Element Is Visible" owner="SeleniumLibrary">
<arg>${locator}</arg>
<arg>20s</arg>
<doc>Waits until the element ``locator`` is visible.</doc>
<status status="PASS" start="2025-11-26T11:52:41.575657" elapsed="0.626397"/>
</kw>
<kw name="Scroll Element Into View" owner="SeleniumLibrary">
<arg>${locator}</arg>
<doc>Scrolls the element identified by ``locator`` into view.</doc>
<status status="PASS" start="2025-11-26T11:52:42.202620" elapsed="0.883128"/>
</kw>
<kw name="Sleep" owner="BuiltIn">
<msg time="2025-11-26T11:52:43.588878" level="INFO">Slept 500 milliseconds.</msg>
<arg>0.5s</arg>
<doc>Pauses the test executed for the given time.</doc>
<status status="PASS" start="2025-11-26T11:52:43.086077" elapsed="0.502970"/>
</kw>
<kw name="Click Element" owner="SeleniumLibrary">
<msg time="2025-11-26T11:52:43.589601" level="INFO">Clicking element 'xpath=//button[contains(normalize-space(.),'Add to cart') or contains(normalize-space(.),'Add')]'.</msg>
<arg>${locator}</arg>
<doc>Click the element identified by ``locator``.</doc>
<status status="PASS" start="2025-11-26T11:52:43.589285" elapsed="0.669786"/>
</kw>
<arg>${locator}</arg>
<status status="PASS" start="2025-11-26T11:52:41.575358" elapsed="2.684197"/>
</kw>
<arg>3x</arg>
<arg>2s</arg>
<arg>Scroll And Click Element</arg>
<arg>${locator}</arg>
<doc>Runs the specified keyword and retries if it fails.</doc>
<status status="PASS" start="2025-11-26T11:52:41.575058" elapsed="2.684637"/>
</kw>
<arg>${BTN_ADD_TO_CART}</arg>
<status status="PASS" start="2025-11-26T11:52:41.574579" elapsed="2.685246"/>
</kw>
<kw name="Sleep" owner="BuiltIn">
<msg time="2025-11-26T11:52:45.261492" level="INFO">Slept 1 second.</msg>
<arg>1s</arg>
<doc>Pauses the test executed for the given time.</doc>
<status status="PASS" start="2025-11-26T11:52:44.260102" elapsed="1.001666"/>
</kw>
<kw name="Click Element With Retry">
<kw name="Wait Until Keyword Succeeds" owner="BuiltIn">
<kw name="Scroll And Click Element">
<kw name="Wait Until Element Is Visible" owner="SeleniumLibrary">
<arg>${locator}</arg>
<arg>20s</arg>
<doc>Waits until the element ``locator`` is visible.</doc>
<status status="PASS" start="2025-11-26T11:52:45.263478" elapsed="0.631637"/>
</kw>
<kw name="Scroll Element Into View" owner="SeleniumLibrary">
<arg>${locator}</arg>
<doc>Scrolls the element identified by ``locator`` into view.</doc>
<status status="PASS" start="2025-11-26T11:52:45.895886" elapsed="0.897790"/>
</kw>
<kw name="Sleep" owner="BuiltIn">
<msg time="2025-11-26T11:52:47.296507" level="INFO">Slept 500 milliseconds.</msg>
<arg>0.5s</arg>
<doc>Pauses the test executed for the given time.</doc>
<status status="PASS" start="2025-11-26T11:52:46.794436" elapsed="0.502553"/>
</kw>
<kw name="Click Element" owner="SeleniumLibrary">
<msg time="2025-11-26T11:52:47.298665" level="INFO">Clicking element 'xpath=//a[@data-testid='nav-cart-link' or @data-testid='cart-link']'.</msg>
<arg>${locator}</arg>
<doc>Click the element identified by ``locator``.</doc>
<status status="PASS" start="2025-11-26T11:52:47.297691" elapsed="0.665129"/>
</kw>
<arg>${locator}</arg>
<status status="PASS" start="2025-11-26T11:52:45.263109" elapsed="2.699825"/>
</kw>
<arg>3x</arg>
<arg>2s</arg>
<arg>Scroll And Click Element</arg>
<arg>${locator}</arg>
<doc>Runs the specified keyword and retries if it fails.</doc>
<status status="PASS" start="2025-11-26T11:52:45.262758" elapsed="2.700222"/>
</kw>
<arg>${BTN_OPEN_CART}</arg>
<status status="PASS" start="2025-11-26T11:52:45.262154" elapsed="2.700870"/>
</kw>
<kw name="Wait Until Element Is Visible" owner="SeleniumLibrary">
<arg>${QTY_SELECT}</arg>
<arg>20s</arg>
<doc>Waits until the element ``locator`` is visible.</doc>
<status status="PASS" start="2025-11-26T11:52:47.963125" elapsed="1.141778"/>
</kw>
<kw name="Set Cart Quantity">
<kw name="Wait Until Element Is Visible" owner="SeleniumLibrary">
<arg>${QTY_SELECT}</arg>
<arg>10s</arg>
<doc>Waits until the element ``locator`` is visible.</doc>
<status status="PASS" start="2025-11-26T11:52:49.107640" elapsed="0.627886"/>
</kw>
<kw name="Select From List By Value" owner="SeleniumLibrary">
<msg time="2025-11-26T11:52:49.736176" level="INFO">Selecting options from selection list 'css=select[data-testid="product-select-button"]' by value 3.</msg>
<arg>${QTY_SELECT}</arg>
<arg>${qty}</arg>
<doc>Selects options from selection list ``locator`` by ``values``.</doc>
<status status="PASS" start="2025-11-26T11:52:49.735823" elapsed="2.546647"/>
</kw>
<kw name="Sleep" owner="BuiltIn">
<msg time="2025-11-26T11:52:53.285133" level="INFO">Slept 1 second.</msg>
<arg>1s</arg>
<doc>Pauses the test executed for the given time.</doc>
<status status="PASS" start="2025-11-26T11:52:52.282903" elapsed="1.002569"/>
</kw>
<arg>${qty}</arg>
<status status="PASS" start="2025-11-26T11:52:49.105570" elapsed="4.180144"/>
</kw>
<kw name="Wait Until Element Is Visible" owner="SeleniumLibrary">
<arg>xpath=//div[@data-testid='product-error-message']//span</arg>
<arg>20s</arg>
<doc>Waits until the element ``locator`` is visible.</doc>
<status status="PASS" start="2025-11-26T11:52:53.286004" elapsed="0.631616"/>
</kw>
<kw name="Get Text" owner="SeleniumLibrary">
<msg time="2025-11-26T11:52:54.547719" level="INFO">${msg} = Error setting up the request: Some variant does not have the required inventory</msg>
<var>${msg}</var>
<arg>xpath=//div[@data-testid='product-error-message']//span</arg>
<doc>Returns the text value of the element identified by ``locator``.</doc>
<status status="PASS" start="2025-11-26T11:52:53.918384" elapsed="0.629532"/>
</kw>
<kw name="Log To Console" owner="BuiltIn">
<arg>[CUSTOMER] Error message = ${msg}</arg>
<doc>Logs the given message to the console.</doc>
<status status="PASS" start="2025-11-26T11:52:54.548571" elapsed="0.000857"/>
</kw>
<kw name="Should Contain" owner="BuiltIn">
<arg>${msg}</arg>
<arg>${error_message}</arg>
<doc>Fails if ``container`` does not contain ``item`` one or more times.</doc>
<status status="PASS" start="2025-11-26T11:52:54.549751" elapsed="0.000498"/>
</kw>
<arg>${PRODUCT_NAME}</arg>
<arg>${qty_second}</arg>
<arg>${OUT_OF_STOCK_ERROR}</arg>
<doc>ลูกค้าพยายามเพิ่มจำนวนใน Cart ให้เกิน stock → ต้องขึ้น error message และห้ามมี Thank you</doc>
<status status="PASS" start="2025-11-26T11:52:21.422370" elapsed="33.128102"/>
</kw>
<doc>รอบแรกซื้อ 3 ชิ้น → Admin ลด Available ลง 2 → รอบสองซื้อ (Available ปัจจุบัน + 1) ต้องขึ้น error</doc>
<status status="PASS" start="2025-11-26T11:47:08.645385" elapsed="345.905567"/>
</test>
<kw name="Close All Browsers" owner="SeleniumLibrary" type="TEARDOWN">
<doc>Closes all open browsers and resets the browser cache.</doc>
<status status="PASS" start="2025-11-26T11:52:54.552643" elapsed="0.388087"/>
</kw>
<doc>TC6_3 – Error: Stock changed between orders → ระบบต้องปฏิเสธการสั่งซื้อรอบสอง
Flow (เวอร์ชันปรับ):
1) Admin login → ไปหน้า Products → เปิดสินค้า dolly2 → เข้า Inventory item → อ่าน Available ของ Sweden Warehouse
2) Customer (eatburger) login → ซื้อสินค้ารอบแรกแบบ fix = 3 ชิ้น (สั่งซื้อสำเร็จ)
3) Admin อ่าน Available อีกครั้ง → ลด Available ของ Sweden Warehouse ลง 2 หน่วย
   (ในระบบจริงแก้ได้ผ่าน In stock → ใช้สูตร In stock = Reserved + Available ใหม่)
4) Customer พยายามซื้อจำนวน = Available ล่าสุด + 1 → ต้องขึ้น error ที่หน้า Cart ว่า inventory ไม่พอ</doc>
<status status="PASS" start="2025-11-26T11:47:07.427867" elapsed="347.512962"/>
</suite>
<statistics>
<total>
<stat pass="1" fail="0" skip="0">All Tests</stat>
</total>
<tag>
</tag>
<suite>
<stat name="TC6 3 error stock changed during checkout" id="s1" pass="1" fail="0" skip="0">TC6 3 error stock changed during checkout</stat>
</suite>
</statistics>
<errors>
</errors>
</robot>
