<?xml version="1.0" encoding="UTF-8"?>
<robot generator="Robot 7.3.2 (Python 3.13.5 on win32)" generated="2025-11-25T15:28:16.128471" rpa="false" schemaversion="5">
<suite id="s1" name="SYS remove" source="C:\Users\Asus\OneDrive\Documents\heartory_project1\project_phase_2\UI_testing\test\flow9_addcoll\SYS_remove.robot">
<kw name="Open Admin Browser" type="SETUP">
<kw name="Open Browser" owner="SeleniumLibrary">
<msg time="2025-11-25T15:28:16.314786" level="INFO">Opening browser 'chrome' to base url 'http://10.34.112.158:9000/app/orders'.</msg>
<arg>${ADMIN_URL}</arg>
<arg>chrome</arg>
<doc>Opens a new browser instance to the optional ``url``.</doc>
<status status="PASS" start="2025-11-25T15:28:16.314647" elapsed="2.149080"/>
</kw>
<kw name="Maximize Browser Window" owner="SeleniumLibrary">
<doc>Maximizes current browser window.</doc>
<status status="PASS" start="2025-11-25T15:28:18.464016" elapsed="0.026901"/>
</kw>
<kw name="Sleep" owner="BuiltIn">
<msg time="2025-11-25T15:28:19.491780" level="INFO">Slept 1 second.</msg>
<arg>1s</arg>
<doc>Pauses the test executed for the given time.</doc>
<status status="PASS" start="2025-11-25T15:28:18.491129" elapsed="1.000814"/>
</kw>
<status status="PASS" start="2025-11-25T15:28:16.314262" elapsed="3.177811"/>
</kw>
<test id="s1-t1" name="TC_Remove_Product_From_Merch" line="100">
<kw name="Admin Login" owner="AdminLogin">
<kw name="Go To" owner="SeleniumLibrary">
<msg time="2025-11-25T15:28:19.493570" level="INFO">Opening url 'http://10.34.112.158:9000/app/orders'</msg>
<arg>${ADMIN_URL}</arg>
<doc>Navigates the current browser window to the provided ``url``.</doc>
<status status="PASS" start="2025-11-25T15:28:19.493400" elapsed="0.175988"/>
</kw>
<kw name="Admin Page Should Be Visible" owner="AdminLogin">
<kw name="Wait Until Element Is Visible" owner="SeleniumLibrary">
<arg>${LOC_USERNAME}</arg>
<doc>Waits until the element ``locator`` is visible.</doc>
<status status="PASS" start="2025-11-25T15:28:19.669915" elapsed="1.122508"/>
</kw>
<status status="PASS" start="2025-11-25T15:28:19.669635" elapsed="1.122881"/>
</kw>
<kw name="Input Text" owner="SeleniumLibrary">
<msg time="2025-11-25T15:28:20.792819" level="INFO">Typing text 'group4@mu-store.local' into text field 'css=input[name="email"]'.</msg>
<arg>${LOC_USERNAME}</arg>
<arg>${user}</arg>
<doc>Types the given ``text`` into the text field identified by ``locator``.</doc>
<status status="PASS" start="2025-11-25T15:28:20.792610" elapsed="0.080313"/>
</kw>
<kw name="Input Text" owner="SeleniumLibrary">
<msg time="2025-11-25T15:28:20.873539" level="INFO">Typing text 'Mp6!dzT3' into text field 'css=input[name="password"]'.</msg>
<arg>${LOC_PASSWORD}</arg>
<arg>${pass}</arg>
<doc>Types the given ``text`` into the text field identified by ``locator``.</doc>
<status status="PASS" start="2025-11-25T15:28:20.873180" elapsed="0.069254"/>
</kw>
<kw name="Click Button" owner="SeleniumLibrary">
<msg time="2025-11-25T15:28:20.942809" level="INFO">Clicking button 'css=button[type="submit"]'.</msg>
<arg>${LOC_SUBMIT}</arg>
<doc>Clicks the button identified by ``locator``.</doc>
<status status="PASS" start="2025-11-25T15:28:20.942624" elapsed="0.053165"/>
</kw>
<kw name="Wait Until Page Contains Element" owner="SeleniumLibrary">
<arg>${LOC_DASHBOARD_TAG}</arg>
<arg>15s</arg>
<doc>Waits until the element ``locator`` appears on the current page.</doc>
<status status="PASS" start="2025-11-25T15:28:20.995948" elapsed="0.432912"/>
</kw>
<arg>${ADMIN_USER}</arg>
<arg>${ADMIN_PASS}</arg>
<status status="PASS" start="2025-11-25T15:28:19.492905" elapsed="1.936080"/>
</kw>
<kw name="Go To Products Page First">
<kw name="Wait Until Element Is Visible" owner="SeleniumLibrary">
<arg>${BTN_PRODUCTS}</arg>
<arg>20s</arg>
<doc>Waits until the element ``locator`` is visible.</doc>
<status status="PASS" start="2025-11-25T15:28:21.430172" elapsed="0.029057"/>
</kw>
<kw name="Click Element" owner="SeleniumLibrary">
<msg time="2025-11-25T15:28:21.459707" level="INFO">Clicking element 'xpath=//a[contains(@href,'/app/products') and .//p[text()='Products']]'.</msg>
<arg>${BTN_PRODUCTS}</arg>
<doc>Click the element identified by ``locator``.</doc>
<status status="PASS" start="2025-11-25T15:28:21.459455" elapsed="0.077149"/>
</kw>
<kw name="Log To Console" owner="BuiltIn">
<arg>▶️ เข้าเมนู Products แล้ว</arg>
<doc>Logs the given message to the console.</doc>
<status status="PASS" start="2025-11-25T15:28:21.536838" elapsed="0.000347"/>
</kw>
<kw name="Sleep" owner="BuiltIn">
<msg time="2025-11-25T15:28:22.537817" level="INFO">Slept 1 second.</msg>
<arg>1s</arg>
<doc>Pauses the test executed for the given time.</doc>
<status status="PASS" start="2025-11-25T15:28:21.537309" elapsed="1.000632"/>
</kw>
<status status="PASS" start="2025-11-25T15:28:21.429693" elapsed="1.108357"/>
</kw>
<kw name="Go To Categories Page">
<kw name="Wait Until Element Is Visible" owner="SeleniumLibrary">
<arg>${BTN_CATEGORIES}</arg>
<arg>20s</arg>
<doc>Waits until the element ``locator`` is visible.</doc>
<status status="PASS" start="2025-11-25T15:28:22.539072" elapsed="0.028612"/>
</kw>
<kw name="Click Element" owner="SeleniumLibrary">
<msg time="2025-11-25T15:28:22.568176" level="INFO">Clicking element 'xpath=//a[contains(@href,'/app/categories') and .//p[text()='Categories']]'.</msg>
<arg>${BTN_CATEGORIES}</arg>
<doc>Click the element identified by ``locator``.</doc>
<status status="PASS" start="2025-11-25T15:28:22.567908" elapsed="0.086792"/>
</kw>
<kw name="Log To Console" owner="BuiltIn">
<arg>▶️ เข้า Categories page แล้ว</arg>
<doc>Logs the given message to the console.</doc>
<status status="PASS" start="2025-11-25T15:28:22.654899" elapsed="0.000900"/>
</kw>
<status status="PASS" start="2025-11-25T15:28:22.538733" elapsed="0.117159"/>
</kw>
<kw name="Open Category Tab">
<kw name="Wait Until Element Is Visible" owner="SeleniumLibrary">
<arg>${BTN_CATEGORY_TAB}</arg>
<arg>20s</arg>
<doc>Waits until the element ``locator`` is visible.</doc>
<status status="PASS" start="2025-11-25T15:28:22.656325" elapsed="0.043895"/>
</kw>
<kw name="Click Element" owner="SeleniumLibrary">
<msg time="2025-11-25T15:28:22.700883" level="INFO">Clicking element 'xpath=//p[normalize-space()='Categories']'.</msg>
<arg>${BTN_CATEGORY_TAB}</arg>
<doc>Click the element identified by ``locator``.</doc>
<status status="PASS" start="2025-11-25T15:28:22.700498" elapsed="0.104706"/>
</kw>
<kw name="Log To Console" owner="BuiltIn">
<arg>▶️ เปิดแท็บ Categories แล้ว</arg>
<doc>Logs the given message to the console.</doc>
<status status="PASS" start="2025-11-25T15:28:22.805409" elapsed="0.001139"/>
</kw>
<status status="PASS" start="2025-11-25T15:28:22.656098" elapsed="0.150583"/>
</kw>
<kw name="Select Category Merch">
<kw name="Wait Until Element Is Visible" owner="SeleniumLibrary">
<arg>${CATEGORY_ITEM_MERCH}</arg>
<arg>20s</arg>
<doc>Waits until the element ``locator`` is visible.</doc>
<status status="PASS" start="2025-11-25T15:28:22.807392" elapsed="0.018749"/>
</kw>
<kw name="Click Element" owner="SeleniumLibrary">
<msg time="2025-11-25T15:28:22.827313" level="INFO">Clicking element 'xpath=//span[normalize-space()='Merch']'.</msg>
<arg>${CATEGORY_ITEM_MERCH}</arg>
<doc>Click the element identified by ``locator``.</doc>
<status status="PASS" start="2025-11-25T15:28:22.826481" elapsed="0.105514"/>
</kw>
<kw name="Log To Console" owner="BuiltIn">
<arg>▶️ เข้า Merch category แล้ว</arg>
<doc>Logs the given message to the console.</doc>
<status status="PASS" start="2025-11-25T15:28:22.932301" elapsed="0.001210"/>
</kw>
<status status="PASS" start="2025-11-25T15:28:22.806962" elapsed="0.126724"/>
</kw>
<kw name="Check Product Exists">
<kw name="Wait Until Element Is Visible" owner="SeleniumLibrary">
<arg>${PRODUCT_ROW_SIKKHIM}</arg>
<arg>20s</arg>
<doc>Waits until the element ``locator`` is visible.</doc>
<status status="PASS" start="2025-11-25T15:28:22.934545" elapsed="0.236439"/>
</kw>
<kw name="Log To Console" owner="BuiltIn">
<arg>👀 พบสินค้า sikkhim แล้ว</arg>
<doc>Logs the given message to the console.</doc>
<status status="PASS" start="2025-11-25T15:28:23.171184" elapsed="0.000643"/>
</kw>
<status status="PASS" start="2025-11-25T15:28:22.934041" elapsed="0.237917"/>
</kw>
<kw name="Select Product Checkbox">
<kw name="Wait Until Element Is Visible" owner="SeleniumLibrary">
<arg>${PRODUCT_CHECKBOX_SIKKHIM}</arg>
<arg>20s</arg>
<doc>Waits until the element ``locator`` is visible.</doc>
<status status="PASS" start="2025-11-25T15:28:23.172618" elapsed="0.034798"/>
</kw>
<kw name="Click Element" owner="SeleniumLibrary">
<msg time="2025-11-25T15:28:23.207865" level="INFO">Clicking element 'xpath=//span[normalize-space()='sikkhim']/ancestor::tr//button[@role='checkbox']'.</msg>
<arg>${PRODUCT_CHECKBOX_SIKKHIM}</arg>
<doc>Click the element identified by ``locator``.</doc>
<status status="PASS" start="2025-11-25T15:28:23.207615" elapsed="0.070220"/>
</kw>
<kw name="Sleep" owner="BuiltIn">
<msg time="2025-11-25T15:28:23.778894" level="INFO">Slept 500 milliseconds.</msg>
<arg>500ms</arg>
<doc>Pauses the test executed for the given time.</doc>
<status status="PASS" start="2025-11-25T15:28:23.277985" elapsed="0.501035"/>
</kw>
<kw name="Log To Console" owner="BuiltIn">
<arg>☑️ เลือกสินค้า sikkhim แล้ว</arg>
<doc>Logs the given message to the console.</doc>
<status status="PASS" start="2025-11-25T15:28:23.779204" elapsed="0.003383"/>
</kw>
<status status="PASS" start="2025-11-25T15:28:23.172342" elapsed="0.610360"/>
</kw>
<kw name="Click Remove In Bar">
<kw name="Wait Until Element Is Visible" owner="SeleniumLibrary">
<arg>${BTN_REMOVE_BAR}</arg>
<arg>15s</arg>
<doc>Waits until the element ``locator`` is visible.</doc>
<status status="PASS" start="2025-11-25T15:28:23.783347" elapsed="0.023023"/>
</kw>
<kw name="Click Element" owner="SeleniumLibrary">
<msg time="2025-11-25T15:28:23.806797" level="INFO">Clicking element 'xpath=//span[normalize-space()='Remove']'.</msg>
<arg>${BTN_REMOVE_BAR}</arg>
<doc>Click the element identified by ``locator``.</doc>
<status status="PASS" start="2025-11-25T15:28:23.806503" elapsed="0.081329"/>
</kw>
<kw name="Log To Console" owner="BuiltIn">
<arg>🗑️ กด Remove แล้ว</arg>
<doc>Logs the given message to the console.</doc>
<status status="PASS" start="2025-11-25T15:28:23.888074" elapsed="0.000225"/>
</kw>
<status status="PASS" start="2025-11-25T15:28:23.783099" elapsed="0.105286"/>
</kw>
<kw name="Confirm Remove">
<kw name="Wait Until Element Is Visible" owner="SeleniumLibrary">
<arg>${BTN_CONFIRM_REMOVE}</arg>
<arg>10s</arg>
<doc>Waits until the element ``locator`` is visible.</doc>
<status status="PASS" start="2025-11-25T15:28:23.888787" elapsed="0.010407"/>
</kw>
<kw name="Click Element" owner="SeleniumLibrary">
<msg time="2025-11-25T15:28:23.899550" level="INFO">Clicking element 'xpath=//button[normalize-space()='Remove']'.</msg>
<arg>${BTN_CONFIRM_REMOVE}</arg>
<doc>Click the element identified by ``locator``.</doc>
<status status="PASS" start="2025-11-25T15:28:23.899341" elapsed="0.067847"/>
</kw>
<kw name="Log To Console" owner="BuiltIn">
<arg>❗ ยืนยันลบสินค้าเรียบร้อย</arg>
<doc>Logs the given message to the console.</doc>
<status status="PASS" start="2025-11-25T15:28:23.967329" elapsed="0.000323"/>
</kw>
<status status="PASS" start="2025-11-25T15:28:23.888587" elapsed="0.079145"/>
</kw>
<kw name="Verify Removed">
<kw name="Sleep" owner="BuiltIn">
<msg time="2025-11-25T15:28:25.968953" level="INFO">Slept 2 seconds.</msg>
<arg>2s</arg>
<doc>Pauses the test executed for the given time.</doc>
<status status="PASS" start="2025-11-25T15:28:23.968290" elapsed="2.000855"/>
</kw>
<kw name="Run Keyword And Return Status" owner="BuiltIn">
<kw name="Page Should Contain Element" owner="SeleniumLibrary">
<msg time="2025-11-25T15:28:26.114548" level="INFO" html="true">&lt;/td&gt;&lt;/tr&gt;&lt;tr&gt;&lt;td colspan="3"&gt;&lt;a href="selenium-screenshot-3.png"&gt;&lt;img src="selenium-screenshot-3.png" width="800px"&gt;&lt;/a&gt;</msg>
<msg time="2025-11-25T15:28:26.114690" level="FAIL">Page should have contained element 'xpath=//span[normalize-space()='sikkhim']' but did not.</msg>
<arg>${PRODUCT_ROW_SIKKHIM}</arg>
<doc>Verifies that element ``locator`` is found on the current page.</doc>
<status status="FAIL" start="2025-11-25T15:28:25.969766" elapsed="0.146363">Page should have contained element 'xpath=//span[normalize-space()='sikkhim']' but did not.</status>
</kw>
<msg time="2025-11-25T15:28:26.116438" level="INFO">${still} = False</msg>
<var>${still}</var>
<arg>Page Should Contain Element</arg>
<arg>${PRODUCT_ROW_SIKKHIM}</arg>
<doc>Runs the given keyword with given arguments and returns the status as a Boolean value.</doc>
<status status="PASS" start="2025-11-25T15:28:25.969464" elapsed="0.147047"/>
</kw>
<if>
<branch type="IF" condition="${still}">
<kw name="Fail" owner="BuiltIn">
<arg>❌ ลบไม่สำเร็จ: ยังเห็นสินค้าอยู่</arg>
<doc>Fails the test with the given message and optionally alters its tags.</doc>
<status status="NOT RUN" start="2025-11-25T15:28:26.117074" elapsed="0.000052"/>
</kw>
<status status="NOT RUN" start="2025-11-25T15:28:26.116766" elapsed="0.000437"/>
</branch>
<branch type="ELSE">
<kw name="Log To Console" owner="BuiltIn">
<arg>🎉 SUCCESS: สินค้า sikkhim ถูกลบออกแล้ว</arg>
<doc>Logs the given message to the console.</doc>
<status status="PASS" start="2025-11-25T15:28:26.117427" elapsed="0.000921"/>
</kw>
<status status="PASS" start="2025-11-25T15:28:26.117280" elapsed="0.001136"/>
</branch>
<status status="PASS" start="2025-11-25T15:28:26.116696" elapsed="0.001764"/>
</if>
<status status="PASS" start="2025-11-25T15:28:23.968094" elapsed="2.150428"/>
</kw>
<status status="PASS" start="2025-11-25T15:28:19.492166" elapsed="6.626548"/>
</test>
<kw name="Close All Browsers" owner="SeleniumLibrary" type="TEARDOWN">
<doc>Closes all open browsers and resets the browser cache.</doc>
<status status="PASS" start="2025-11-25T15:28:26.119858" elapsed="2.153515"/>
</kw>
<status status="PASS" start="2025-11-25T15:28:16.129567" elapsed="12.143926"/>
</suite>
<statistics>
<total>
<stat pass="1" fail="0" skip="0">All Tests</stat>
</total>
<tag>
</tag>
<suite>
<stat name="SYS remove" id="s1" pass="1" fail="0" skip="0">SYS remove</stat>
</suite>
</statistics>
<errors>
</errors>
</robot>
